  Determining projects to restore...
  All projects are up-to-date for restore.
  Gizmox.WebGUI.Common -> c:\Projects\VWG\NetCore\Gizmox.WebGUI.Common\bin\Debug\net8.0-windows\Gizmox.WebGUI.Common.dll
c:\Projects\VWG\NetCore\Gizmox.WebGUI.Forms\Generated\Gizmox\WebGUI\Forms\DeviceIntegration\Abstract\SingleCallMethodStore`1.cs(182,44): error CS1519: Invalid token '(' in a member declaration [c:\Projects\VWG\NetCore\Gizmox.WebGUI.Forms\Gizmox.WebGUI.Forms.csproj]
c:\Projects\VWG\NetCore\Gizmox.WebGUI.Forms\Generated\Gizmox\WebGUI\Forms\DeviceIntegration\Abstract\SingleCallMethodStore`1.cs(182,45): error CS8124: Tuple must contain at least two elements. [c:\Projects\VWG\NetCore\Gizmox.WebGUI.Forms\Gizmox.WebGUI.Forms.csproj]
c:\Projects\VWG\NetCore\Gizmox.WebGUI.Forms\Generated\Gizmox\WebGUI\Forms\DeviceIntegration\Abstract\SingleCallMethodStore`1.cs(183,3): error CS1519: Invalid token '{' in a member declaration [c:\Projects\VWG\NetCore\Gizmox.WebGUI.Forms\Gizmox.WebGUI.Forms.csproj]
c:\Projects\VWG\NetCore\Gizmox.WebGUI.Forms\Generated\Gizmox\WebGUI\Forms\DeviceIntegration\Abstract\SingleCallMethodStore`1.cs(184,3): error CS1519: Invalid token '}' in a member declaration [c:\Projects\VWG\NetCore\Gizmox.WebGUI.Forms\Gizmox.WebGUI.Forms.csproj]
c:\Projects\VWG\NetCore\Gizmox.WebGUI.Forms\Generated\Gizmox\WebGUI\Forms\DeviceIntegration\Accelerometer.cs(122,44): error CS7002: Unexpected use of a generic name [c:\Projects\VWG\NetCore\Gizmox.WebGUI.Forms\Gizmox.WebGUI.Forms.csproj]
c:\Projects\VWG\NetCore\Gizmox.WebGUI.Forms\Generated\Gizmox\WebGUI\Forms\DeviceIntegration\Accelerometer.cs(137,46): error CS7002: Unexpected use of a generic name [c:\Projects\VWG\NetCore\Gizmox.WebGUI.Forms\Gizmox.WebGUI.Forms.csproj]
c:\Projects\VWG\NetCore\Gizmox.WebGUI.Forms\Generated\Gizmox\WebGUI\Forms\DeviceIntegration\Compass.cs(123,51): error CS7002: Unexpected use of a generic name [c:\Projects\VWG\NetCore\Gizmox.WebGUI.Forms\Gizmox.WebGUI.Forms.csproj]
c:\Projects\VWG\NetCore\Gizmox.WebGUI.Forms\Generated\Gizmox\WebGUI\Forms\DeviceIntegration\Compass.cs(138,53): error CS7002: Unexpected use of a generic name [c:\Projects\VWG\NetCore\Gizmox.WebGUI.Forms\Gizmox.WebGUI.Forms.csproj]
c:\Projects\VWG\NetCore\Gizmox.WebGUI.Forms\Generated\Gizmox\WebGUI\Forms\DeviceIntegration\Connection.cs(117,54): error CS7002: Unexpected use of a generic name [c:\Projects\VWG\NetCore\Gizmox.WebGUI.Forms\Gizmox.WebGUI.Forms.csproj]
c:\Projects\VWG\NetCore\Gizmox.WebGUI.Forms\Generated\Gizmox\WebGUI\Forms\DeviceIntegration\DeviceInfo.cs(114,44): error CS7002: Unexpected use of a generic name [c:\Projects\VWG\NetCore\Gizmox.WebGUI.Forms\Gizmox.WebGUI.Forms.csproj]
c:\Projects\VWG\NetCore\Gizmox.WebGUI.Forms\Generated\Gizmox\WebGUI\Forms\DeviceIntegration\Geolocation.cs(128,55): error CS7002: Unexpected use of a generic name [c:\Projects\VWG\NetCore\Gizmox.WebGUI.Forms\Gizmox.WebGUI.Forms.csproj]
c:\Projects\VWG\NetCore\Gizmox.WebGUI.Forms\Generated\Gizmox\WebGUI\Forms\DeviceIntegration\Geolocation.cs(143,57): error CS7002: Unexpected use of a generic name [c:\Projects\VWG\NetCore\Gizmox.WebGUI.Forms\Gizmox.WebGUI.Forms.csproj]
c:\Projects\VWG\NetCore\Gizmox.WebGUI.Forms\Generated\Gizmox\WebGUI\Forms\DeviceIntegration\Globalization.cs(126,57): error CS7002: Unexpected use of a generic name [c:\Projects\VWG\NetCore\Gizmox.WebGUI.Forms\Gizmox.WebGUI.Forms.csproj]
c:\Projects\VWG\NetCore\Gizmox.WebGUI.Forms\Generated\Global\WatchedDeviceComponent.cs(137,1): error CS1022: Type or namespace definition, or end-of-file expected [c:\Projects\VWG\NetCore\Gizmox.WebGUI.Forms\Gizmox.WebGUI.Forms.csproj]

Build FAILED.

c:\Projects\VWG\NetCore\Gizmox.WebGUI.Forms\Generated\Gizmox\WebGUI\Forms\DeviceIntegration\Abstract\SingleCallMethodStore`1.cs(182,44): error CS1519: Invalid token '(' in a member declaration [c:\Projects\VWG\NetCore\Gizmox.WebGUI.Forms\Gizmox.WebGUI.Forms.csproj]
c:\Projects\VWG\NetCore\Gizmox.WebGUI.Forms\Generated\Gizmox\WebGUI\Forms\DeviceIntegration\Abstract\SingleCallMethodStore`1.cs(182,45): error CS8124: Tuple must contain at least two elements. [c:\Projects\VWG\NetCore\Gizmox.WebGUI.Forms\Gizmox.WebGUI.Forms.csproj]
c:\Projects\VWG\NetCore\Gizmox.WebGUI.Forms\Generated\Gizmox\WebGUI\Forms\DeviceIntegration\Abstract\SingleCallMethodStore`1.cs(183,3): error CS1519: Invalid token '{' in a member declaration [c:\Projects\VWG\NetCore\Gizmox.WebGUI.Forms\Gizmox.WebGUI.Forms.csproj]
c:\Projects\VWG\NetCore\Gizmox.WebGUI.Forms\Generated\Gizmox\WebGUI\Forms\DeviceIntegration\Abstract\SingleCallMethodStore`1.cs(184,3): error CS1519: Invalid token '}' in a member declaration [c:\Projects\VWG\NetCore\Gizmox.WebGUI.Forms\Gizmox.WebGUI.Forms.csproj]
c:\Projects\VWG\NetCore\Gizmox.WebGUI.Forms\Generated\Gizmox\WebGUI\Forms\DeviceIntegration\Accelerometer.cs(122,44): error CS7002: Unexpected use of a generic name [c:\Projects\VWG\NetCore\Gizmox.WebGUI.Forms\Gizmox.WebGUI.Forms.csproj]
c:\Projects\VWG\NetCore\Gizmox.WebGUI.Forms\Generated\Gizmox\WebGUI\Forms\DeviceIntegration\Accelerometer.cs(137,46): error CS7002: Unexpected use of a generic name [c:\Projects\VWG\NetCore\Gizmox.WebGUI.Forms\Gizmox.WebGUI.Forms.csproj]
c:\Projects\VWG\NetCore\Gizmox.WebGUI.Forms\Generated\Gizmox\WebGUI\Forms\DeviceIntegration\Compass.cs(123,51): error CS7002: Unexpected use of a generic name [c:\Projects\VWG\NetCore\Gizmox.WebGUI.Forms\Gizmox.WebGUI.Forms.csproj]
c:\Projects\VWG\NetCore\Gizmox.WebGUI.Forms\Generated\Gizmox\WebGUI\Forms\DeviceIntegration\Compass.cs(138,53): error CS7002: Unexpected use of a generic name [c:\Projects\VWG\NetCore\Gizmox.WebGUI.Forms\Gizmox.WebGUI.Forms.csproj]
c:\Projects\VWG\NetCore\Gizmox.WebGUI.Forms\Generated\Gizmox\WebGUI\Forms\DeviceIntegration\Connection.cs(117,54): error CS7002: Unexpected use of a generic name [c:\Projects\VWG\NetCore\Gizmox.WebGUI.Forms\Gizmox.WebGUI.Forms.csproj]
c:\Projects\VWG\NetCore\Gizmox.WebGUI.Forms\Generated\Gizmox\WebGUI\Forms\DeviceIntegration\DeviceInfo.cs(114,44): error CS7002: Unexpected use of a generic name [c:\Projects\VWG\NetCore\Gizmox.WebGUI.Forms\Gizmox.WebGUI.Forms.csproj]
c:\Projects\VWG\NetCore\Gizmox.WebGUI.Forms\Generated\Gizmox\WebGUI\Forms\DeviceIntegration\Geolocation.cs(128,55): error CS7002: Unexpected use of a generic name [c:\Projects\VWG\NetCore\Gizmox.WebGUI.Forms\Gizmox.WebGUI.Forms.csproj]
c:\Projects\VWG\NetCore\Gizmox.WebGUI.Forms\Generated\Gizmox\WebGUI\Forms\DeviceIntegration\Geolocation.cs(143,57): error CS7002: Unexpected use of a generic name [c:\Projects\VWG\NetCore\Gizmox.WebGUI.Forms\Gizmox.WebGUI.Forms.csproj]
c:\Projects\VWG\NetCore\Gizmox.WebGUI.Forms\Generated\Gizmox\WebGUI\Forms\DeviceIntegration\Globalization.cs(126,57): error CS7002: Unexpected use of a generic name [c:\Projects\VWG\NetCore\Gizmox.WebGUI.Forms\Gizmox.WebGUI.Forms.csproj]
c:\Projects\VWG\NetCore\Gizmox.WebGUI.Forms\Generated\Global\WatchedDeviceComponent.cs(137,1): error CS1022: Type or namespace definition, or end-of-file expected [c:\Projects\VWG\NetCore\Gizmox.WebGUI.Forms\Gizmox.WebGUI.Forms.csproj]
    0 Warning(s)
    14 Error(s)

Time Elapsed 00:00:25.68
