  Determining projects to restore...
  All projects are up-to-date for restore.
C:\Projects\VWG\NetCore\Gizmox.WebGUI.Common\Generated\Gizmox\WebGUI\Forms\Skins\Resources\BrowserCapabilities.cs(109,15): warning CS0659: 'BrowserCapabilities' overrides Object.Equals(object o) but does not override Object.GetHashCode() [C:\Projects\VWG\NetCore\Gizmox.WebGUI.Common\Gizmox.WebGUI.Common.csproj]
C:\Projects\VWG\NetCore\Gizmox.WebGUI.Common\Generated\Gizmox\WebGUI\Common\Tokens\Xslt\XsltTokenReader.cs(171,10): warning CS0219: The variable 'token' is assigned but its value is never used [C:\Projects\VWG\NetCore\Gizmox.WebGUI.Common\Gizmox.WebGUI.Common.csproj]
C:\Projects\VWG\NetCore\Gizmox.WebGUI.Common\Generated\Gizmox\WebGUI\Common\Tokens\Xml\XmlTokenReader.cs(147,20): warning CS0219: The variable 'xmlTokenContext' is assigned but its value is never used [C:\Projects\VWG\NetCore\Gizmox.WebGUI.Common\Gizmox.WebGUI.Common.csproj]
C:\Projects\VWG\NetCore\Gizmox.WebGUI.Common\Generated\A\TC.cs(120,5): warning SYSLIB0021: 'DESCryptoServiceProvider' is obsolete: 'Derived cryptographic types are obsolete. Use the Create method on the base type instead.' (https://aka.ms/dotnet-warnings/SYSLIB0021) [C:\Projects\VWG\NetCore\Gizmox.WebGUI.Common\Gizmox.WebGUI.Common.csproj]
C:\Projects\VWG\NetCore\Gizmox.WebGUI.Common\Generated\A\TC.cs(120,61): warning SYSLIB0021: 'DESCryptoServiceProvider' is obsolete: 'Derived cryptographic types are obsolete. Use the Create method on the base type instead.' (https://aka.ms/dotnet-warnings/SYSLIB0021) [C:\Projects\VWG\NetCore\Gizmox.WebGUI.Common\Gizmox.WebGUI.Common.csproj]
C:\Projects\VWG\NetCore\Gizmox.WebGUI.Common\Generated\Gizmox\WebGUI\Common\Tokens\Xml\XmlContentTokenReader.cs(127,10): warning CS0219: The variable 'token' is assigned but its value is never used [C:\Projects\VWG\NetCore\Gizmox.WebGUI.Common\Gizmox.WebGUI.Common.csproj]
C:\Projects\VWG\NetCore\Gizmox.WebGUI.Common\Generated\Gizmox\WebGUI\CommonUtils.cs(3105,20): warning SYSLIB0041: 'Rfc2898DeriveBytes.Rfc2898DeriveBytes(string, byte[])' is obsolete: 'The default hash algorithm and iteration counts in Rfc2898DeriveBytes constructors are outdated and insecure. Use a constructor that accepts the hash algorithm and the number of iterations.' (https://aka.ms/dotnet-warnings/SYSLIB0041) [C:\Projects\VWG\NetCore\Gizmox.WebGUI.Common\Gizmox.WebGUI.Common.csproj]
C:\Projects\VWG\NetCore\Gizmox.WebGUI.Common\Generated\Gizmox\WebGUI\CommonUtils.cs(3106,37): warning SYSLIB0022: 'RijndaelManaged' is obsolete: 'The Rijndael and RijndaelManaged types are obsolete. Use Aes instead.' (https://aka.ms/dotnet-warnings/SYSLIB0022) [C:\Projects\VWG\NetCore\Gizmox.WebGUI.Common\Gizmox.WebGUI.Common.csproj]
C:\Projects\VWG\NetCore\Gizmox.WebGUI.Common\Generated\Gizmox\WebGUI\CommonUtils.cs(3155,20): warning SYSLIB0041: 'Rfc2898DeriveBytes.Rfc2898DeriveBytes(string, byte[])' is obsolete: 'The default hash algorithm and iteration counts in Rfc2898DeriveBytes constructors are outdated and insecure. Use a constructor that accepts the hash algorithm and the number of iterations.' (https://aka.ms/dotnet-warnings/SYSLIB0041) [C:\Projects\VWG\NetCore\Gizmox.WebGUI.Common\Gizmox.WebGUI.Common.csproj]
C:\Projects\VWG\NetCore\Gizmox.WebGUI.Common\Generated\Gizmox\WebGUI\CommonUtils.cs(3156,38): warning SYSLIB0022: 'RijndaelManaged' is obsolete: 'The Rijndael and RijndaelManaged types are obsolete. Use Aes instead.' (https://aka.ms/dotnet-warnings/SYSLIB0022) [C:\Projects\VWG\NetCore\Gizmox.WebGUI.Common\Gizmox.WebGUI.Common.csproj]
C:\Projects\VWG\NetCore\Gizmox.WebGUI.Common\Generated\Gizmox\WebGUI\Common\Tokens\TokenReader.cs(759,10): warning CS0219: The variable 'token' is assigned but its value is never used [C:\Projects\VWG\NetCore\Gizmox.WebGUI.Common\Gizmox.WebGUI.Common.csproj]
C:\Projects\VWG\NetCore\Gizmox.WebGUI.Common\Generated\A\IC.cs(165,10): warning CS0219: The variable 'token' is assigned but its value is never used [C:\Projects\VWG\NetCore\Gizmox.WebGUI.Common\Gizmox.WebGUI.Common.csproj]
C:\Projects\VWG\NetCore\Gizmox.WebGUI.Common\Generated\A\I.cs(199,18): warning SYSLIB0012: 'Assembly.CodeBase' is obsolete: 'Assembly.CodeBase and Assembly.EscapedCodeBase are only included for .NET Framework compatibility. Use Assembly.Location.' (https://aka.ms/dotnet-warnings/SYSLIB0012) [C:\Projects\VWG\NetCore\Gizmox.WebGUI.Common\Gizmox.WebGUI.Common.csproj]
C:\Projects\VWG\NetCore\Gizmox.WebGUI.Common\Generated\Gizmox\WebGUI\Common\Tokens\Reg\RegTokenReader.cs(129,10): warning CS0219: The variable 'token' is assigned but its value is never used [C:\Projects\VWG\NetCore\Gizmox.WebGUI.Common\Gizmox.WebGUI.Common.csproj]
C:\Projects\VWG\NetCore\Gizmox.WebGUI.Common\Generated\Gizmox\WebGUI\Common\Tokens\Css\CssTokenReader.cs(129,10): warning CS0219: The variable 'token' is assigned but its value is never used [C:\Projects\VWG\NetCore\Gizmox.WebGUI.Common\Gizmox.WebGUI.Common.csproj]
C:\Projects\VWG\NetCore\Gizmox.WebGUI.Common\Generated\Gizmox\WebGUI\Common\Resources\TypeResourceHandle.cs(241,37): warning CS0219: The variable 'resourceManager' is assigned but its value is never used [C:\Projects\VWG\NetCore\Gizmox.WebGUI.Common\Gizmox.WebGUI.Common.csproj]
C:\Projects\VWG\NetCore\Gizmox.WebGUI.Common\Generated\Gizmox\WebGUI\Common\Resources\FileHandleCollection.cs(121,4): warning SYSLIB0051: 'NameObjectCollectionBase.NameObjectCollectionBase(SerializationInfo, StreamingContext)' is obsolete: 'This API supports obsolete formatter-based serialization. It should not be called or extended by application code.' (https://aka.ms/dotnet-warnings/SYSLIB0051) [C:\Projects\VWG\NetCore\Gizmox.WebGUI.Common\Gizmox.WebGUI.Common.csproj]
C:\Projects\VWG\NetCore\Gizmox.WebGUI.Common\Generated\Gizmox\WebGUI\Forms\SerializationWriter.cs(313,14): warning SYSLIB0050: 'Type.IsSerializable' is obsolete: 'Formatter-based serialization is obsolete and should not be used.' (https://aka.ms/dotnet-warnings/SYSLIB0050) [C:\Projects\VWG\NetCore\Gizmox.WebGUI.Common\Gizmox.WebGUI.Common.csproj]
C:\Projects\VWG\NetCore\Gizmox.WebGUI.Common\Generated\Gizmox\WebGUI\Forms\SerializableProperty.cs(164,11): warning SYSLIB0050: 'Type.IsSerializable' is obsolete: 'Formatter-based serialization is obsolete and should not be used.' (https://aka.ms/dotnet-warnings/SYSLIB0050) [C:\Projects\VWG\NetCore\Gizmox.WebGUI.Common\Gizmox.WebGUI.Common.csproj]
C:\Projects\VWG\NetCore\Gizmox.WebGUI.Common\Generated\Gizmox\WebGUI\Forms\Serialization\SerializableBitVector32.cs(204,19): warning CS0675: Bitwise-or operator used on a sign-extended operand; consider casting to a smaller unsigned type first [C:\Projects\VWG\NetCore\Gizmox.WebGUI.Common\Gizmox.WebGUI.Common.csproj]
C:\Projects\VWG\NetCore\Gizmox.WebGUI.Common\Generated\Gizmox\WebGUI\Forms\Skins\SkinDataStore.cs(280,44): warning CS0168: The variable 'ex' is declared but never used [C:\Projects\VWG\NetCore\Gizmox.WebGUI.Common\Gizmox.WebGUI.Common.csproj]
C:\Projects\VWG\NetCore\Gizmox.WebGUI.Common\Generated\Gizmox\WebGUI\Common\DeviceRepository\BrowserRepository.cs(625,26): warning CS0649: Field 'BrowserRepository.SystemCapabilityMatch.mobjCurrentBrowser' is never assigned to, and will always have its default value null [C:\Projects\VWG\NetCore\Gizmox.WebGUI.Common\Gizmox.WebGUI.Common.csproj]
C:\Projects\VWG\NetCore\Gizmox.WebGUI.Common\Generated\Gizmox\WebGUI\Common\Configuration\Config.cs(113,18): warning CS0649: Field 'Config.OC.A' is never assigned to, and will always have its default value null [C:\Projects\VWG\NetCore\Gizmox.WebGUI.Common\Gizmox.WebGUI.Common.csproj]
C:\Projects\VWG\NetCore\Gizmox.WebGUI.Common\Generated\A\SC.cs(115,31): warning CS0649: Field 'SC.A' is never assigned to, and will always have its default value [C:\Projects\VWG\NetCore\Gizmox.WebGUI.Common\Gizmox.WebGUI.Common.csproj]
C:\Projects\VWG\NetCore\Gizmox.WebGUI.Common\Generated\Gizmox\WebGUI\Hosting\HostContext.cs(118,21): warning CS0169: The field 'HostContext.mobjCache' is never used [C:\Projects\VWG\NetCore\Gizmox.WebGUI.Common\Gizmox.WebGUI.Common.csproj]
C:\Projects\VWG\NetCore\Gizmox.WebGUI.Common\Generated\Gizmox\WebGUI\Common\Configuration\Config.cs(157,16): warning CS0649: Field 'Config.mblnRightToLeft' is never assigned to, and will always have its default value false [C:\Projects\VWG\NetCore\Gizmox.WebGUI.Common\Gizmox.WebGUI.Common.csproj]
C:\Projects\VWG\NetCore\Gizmox.WebGUI.Common\Generated\Gizmox\WebGUI\Common\Tokens\TokenReader.cs(123,15): warning CS0649: Field 'TokenReader.D' is never assigned to, and will always have its default value 0 [C:\Projects\VWG\NetCore\Gizmox.WebGUI.Common\Gizmox.WebGUI.Common.csproj]
C:\Projects\VWG\NetCore\Gizmox.WebGUI.Common\Generated\Gizmox\WebGUI\Forms\Skins\SkinMultiValue.cs(120,16): warning CS0649: Field 'SkinMultiValue.mblnIsInitializing' is never assigned to, and will always have its default value false [C:\Projects\VWG\NetCore\Gizmox.WebGUI.Common\Gizmox.WebGUI.Common.csproj]
C:\Projects\VWG\NetCore\Gizmox.WebGUI.Common\Generated\Gizmox\WebGUI\Forms\VisualTemplateAttribute.cs(113,20): warning CS0169: The field 'VisualTemplateAttribute.mstrDevicesList' is never used [C:\Projects\VWG\NetCore\Gizmox.WebGUI.Common\Gizmox.WebGUI.Common.csproj]
C:\Projects\VWG\NetCore\Gizmox.WebGUI.Common\Generated\A\I.cs(115,16): warning CS0414: The field 'I.m_I' is assigned but its value is never used [C:\Projects\VWG\NetCore\Gizmox.WebGUI.Common\Gizmox.WebGUI.Common.csproj]
C:\Projects\VWG\NetCore\Gizmox.WebGUI.Common\Generated\Gizmox\WebGUI\Common\Tokens\JS\JSTokenReader.cs(117,16): warning CS0414: The field 'JSTokenReader.BB' is assigned but its value is never used [C:\Projects\VWG\NetCore\Gizmox.WebGUI.Common\Gizmox.WebGUI.Common.csproj]
  Gizmox.WebGUI.Common -> C:\Projects\VWG\NetCore\Gizmox.WebGUI.Common\bin\Debug\net8.0-windows\Gizmox.WebGUI.Common.dll
C:\Projects\VWG\NetCore\Gizmox.WebGUI.Server\Gizmox.WebGUI.Server.decompiled.cs(15144,12): warning CS8603: Possible null reference return. [C:\Projects\VWG\NetCore\Gizmox.WebGUI.Server\Gizmox.WebGUI.Server.csproj]
C:\Projects\VWG\NetCore\Gizmox.WebGUI.Server\Gizmox.WebGUI.Server.decompiled.cs(15156,12): warning CS8603: Possible null reference return. [C:\Projects\VWG\NetCore\Gizmox.WebGUI.Server\Gizmox.WebGUI.Server.csproj]
C:\Projects\VWG\NetCore\Gizmox.WebGUI.Server\Gizmox.WebGUI.Server.decompiled.cs(15068,12): warning CS8603: Possible null reference return. [C:\Projects\VWG\NetCore\Gizmox.WebGUI.Server\Gizmox.WebGUI.Server.csproj]
C:\Projects\VWG\NetCore\Gizmox.WebGUI.Server\Gizmox.WebGUI.Server.decompiled.cs(15080,12): warning CS8603: Possible null reference return. [C:\Projects\VWG\NetCore\Gizmox.WebGUI.Server\Gizmox.WebGUI.Server.csproj]
C:\Projects\VWG\NetCore\Gizmox.WebGUI.Server\Gizmox.WebGUI.Server.decompiled.cs(1448,12): warning CS8603: Possible null reference return. [C:\Projects\VWG\NetCore\Gizmox.WebGUI.Server\Gizmox.WebGUI.Server.csproj]
C:\Projects\VWG\NetCore\Gizmox.WebGUI.Server\Gizmox.WebGUI.Server.decompiled.cs(4644,12): warning CS8603: Possible null reference return. [C:\Projects\VWG\NetCore\Gizmox.WebGUI.Server\Gizmox.WebGUI.Server.csproj]
C:\Projects\VWG\NetCore\Gizmox.WebGUI.Server\Gizmox.WebGUI.Server.decompiled.cs(4668,12): warning CS8603: Possible null reference return. [C:\Projects\VWG\NetCore\Gizmox.WebGUI.Server\Gizmox.WebGUI.Server.csproj]
C:\Projects\VWG\NetCore\Gizmox.WebGUI.Server\Gizmox.WebGUI.Server.decompiled.cs(15214,26): warning CS8600: Converting null literal or possible null value to non-nullable type. [C:\Projects\VWG\NetCore\Gizmox.WebGUI.Server\Gizmox.WebGUI.Server.csproj]
C:\Projects\VWG\NetCore\Gizmox.WebGUI.Server\Gizmox.WebGUI.Server.decompiled.cs(4713,12): warning CS8603: Possible null reference return. [C:\Projects\VWG\NetCore\Gizmox.WebGUI.Server\Gizmox.WebGUI.Server.csproj]
C:\Projects\VWG\NetCore\Gizmox.WebGUI.Server\Gizmox.WebGUI.Server.decompiled.cs(4725,12): warning CS8603: Possible null reference return. [C:\Projects\VWG\NetCore\Gizmox.WebGUI.Server\Gizmox.WebGUI.Server.csproj]
C:\Projects\VWG\NetCore\Gizmox.WebGUI.Server\Gizmox.WebGUI.Server.decompiled.cs(4737,12): warning CS8603: Possible null reference return. [C:\Projects\VWG\NetCore\Gizmox.WebGUI.Server\Gizmox.WebGUI.Server.csproj]
C:\Projects\VWG\NetCore\Gizmox.WebGUI.Server\Gizmox.WebGUI.Server.decompiled.cs(1768,13): warning CS8603: Possible null reference return. [C:\Projects\VWG\NetCore\Gizmox.WebGUI.Server\Gizmox.WebGUI.Server.csproj]
C:\Projects\VWG\NetCore\Gizmox.WebGUI.Server\Gizmox.WebGUI.Server.decompiled.cs(1792,13): warning CS8603: Possible null reference return. [C:\Projects\VWG\NetCore\Gizmox.WebGUI.Server\Gizmox.WebGUI.Server.csproj]
C:\Projects\VWG\NetCore\Gizmox.WebGUI.Server\Gizmox.WebGUI.Server.decompiled.cs(1816,13): warning CS8603: Possible null reference return. [C:\Projects\VWG\NetCore\Gizmox.WebGUI.Server\Gizmox.WebGUI.Server.csproj]
C:\Projects\VWG\NetCore\Gizmox.WebGUI.Server\Gizmox.WebGUI.Server.decompiled.cs(1840,13): warning CS8603: Possible null reference return. [C:\Projects\VWG\NetCore\Gizmox.WebGUI.Server\Gizmox.WebGUI.Server.csproj]
C:\Projects\VWG\NetCore\Gizmox.WebGUI.Server\Gizmox.WebGUI.Server.decompiled.cs(1871,13): warning CS8603: Possible null reference return. [C:\Projects\VWG\NetCore\Gizmox.WebGUI.Server\Gizmox.WebGUI.Server.csproj]
C:\Projects\VWG\NetCore\Gizmox.WebGUI.Server\Gizmox.WebGUI.Server.decompiled.cs(4929,13): warning CS8603: Possible null reference return. [C:\Projects\VWG\NetCore\Gizmox.WebGUI.Server\Gizmox.WebGUI.Server.csproj]
C:\Projects\VWG\NetCore\Gizmox.WebGUI.Server\Gizmox.WebGUI.Server.decompiled.cs(4931,12): warning CS8603: Possible null reference return. [C:\Projects\VWG\NetCore\Gizmox.WebGUI.Server\Gizmox.WebGUI.Server.csproj]
C:\Projects\VWG\NetCore\Gizmox.WebGUI.Server\Gizmox.WebGUI.Server.decompiled.cs(14715,11): warning CS8603: Possible null reference return. [C:\Projects\VWG\NetCore\Gizmox.WebGUI.Server\Gizmox.WebGUI.Server.csproj]
C:\Projects\VWG\NetCore\Gizmox.WebGUI.Server\Gizmox.WebGUI.Server.decompiled.cs(14720,11): warning CS8603: Possible null reference return. [C:\Projects\VWG\NetCore\Gizmox.WebGUI.Server\Gizmox.WebGUI.Server.csproj]
C:\Projects\VWG\NetCore\Gizmox.WebGUI.Server\Gizmox.WebGUI.Server.decompiled.cs(14725,11): warning CS8603: Possible null reference return. [C:\Projects\VWG\NetCore\Gizmox.WebGUI.Server\Gizmox.WebGUI.Server.csproj]
C:\Projects\VWG\NetCore\Gizmox.WebGUI.Server\Gizmox.WebGUI.Server.decompiled.cs(10625,20): warning CS8600: Converting null literal or possible null value to non-nullable type. [C:\Projects\VWG\NetCore\Gizmox.WebGUI.Server\Gizmox.WebGUI.Server.csproj]
C:\Projects\VWG\NetCore\Gizmox.WebGUI.Server\Gizmox.WebGUI.Server.decompiled.cs(10531,4): warning SYSLIB0051: 'NameValueCollection.NameValueCollection(SerializationInfo, StreamingContext)' is obsolete: 'This API supports obsolete formatter-based serialization. It should not be called or extended by application code.' (https://aka.ms/dotnet-warnings/SYSLIB0051) [C:\Projects\VWG\NetCore\Gizmox.WebGUI.Server\Gizmox.WebGUI.Server.csproj]
C:\Projects\VWG\NetCore\Gizmox.WebGUI.Server\Gizmox.WebGUI.Server.decompiled.cs(10517,4): warning SYSLIB0051: 'NameValueCollection.NameValueCollection(SerializationInfo, StreamingContext)' is obsolete: 'This API supports obsolete formatter-based serialization. It should not be called or extended by application code.' (https://aka.ms/dotnet-warnings/SYSLIB0051) [C:\Projects\VWG\NetCore\Gizmox.WebGUI.Server\Gizmox.WebGUI.Server.csproj]
C:\Projects\VWG\NetCore\Gizmox.WebGUI.Server\Gizmox.WebGUI.Server.decompiled.cs(10457,4): warning SYSLIB0051: 'NameValueCollection.NameValueCollection(SerializationInfo, StreamingContext)' is obsolete: 'This API supports obsolete formatter-based serialization. It should not be called or extended by application code.' (https://aka.ms/dotnet-warnings/SYSLIB0051) [C:\Projects\VWG\NetCore\Gizmox.WebGUI.Server\Gizmox.WebGUI.Server.csproj]
C:\Projects\VWG\NetCore\Gizmox.WebGUI.Server\Gizmox.WebGUI.Server.decompiled.cs(2110,13): warning CS8603: Possible null reference return. [C:\Projects\VWG\NetCore\Gizmox.WebGUI.Server\Gizmox.WebGUI.Server.csproj]
C:\Projects\VWG\NetCore\Gizmox.WebGUI.Server\Gizmox.WebGUI.Server.decompiled.cs(2134,13): warning CS8603: Possible null reference return. [C:\Projects\VWG\NetCore\Gizmox.WebGUI.Server\Gizmox.WebGUI.Server.csproj]
C:\Projects\VWG\NetCore\Gizmox.WebGUI.Server\Gizmox.WebGUI.Server.decompiled.cs(2144,12): warning CS8603: Possible null reference return. [C:\Projects\VWG\NetCore\Gizmox.WebGUI.Server\Gizmox.WebGUI.Server.csproj]
C:\Projects\VWG\NetCore\Gizmox.WebGUI.Server\Gizmox.WebGUI.Server.decompiled.cs(2155,13): warning CS8603: Possible null reference return. [C:\Projects\VWG\NetCore\Gizmox.WebGUI.Server\Gizmox.WebGUI.Server.csproj]
C:\Projects\VWG\NetCore\Gizmox.WebGUI.Server\Gizmox.WebGUI.Server.decompiled.cs(2179,13): warning CS8603: Possible null reference return. [C:\Projects\VWG\NetCore\Gizmox.WebGUI.Server\Gizmox.WebGUI.Server.csproj]
C:\Projects\VWG\NetCore\Gizmox.WebGUI.Server\Gizmox.WebGUI.Server.decompiled.cs(2204,12): warning CS8603: Possible null reference return. [C:\Projects\VWG\NetCore\Gizmox.WebGUI.Server\Gizmox.WebGUI.Server.csproj]
C:\Projects\VWG\NetCore\Gizmox.WebGUI.Server\Gizmox.WebGUI.Server.decompiled.cs(2216,13): warning CS8603: Possible null reference return. [C:\Projects\VWG\NetCore\Gizmox.WebGUI.Server\Gizmox.WebGUI.Server.csproj]
C:\Projects\VWG\NetCore\Gizmox.WebGUI.Server\Gizmox.WebGUI.Server.decompiled.cs(8054,21): warning CS0168: The variable 'ex' is declared but never used [C:\Projects\VWG\NetCore\Gizmox.WebGUI.Server\Gizmox.WebGUI.Server.csproj]
C:\Projects\VWG\NetCore\Gizmox.WebGUI.Server\Gizmox.WebGUI.Server.decompiled.cs(2280,13): warning CS8603: Possible null reference return. [C:\Projects\VWG\NetCore\Gizmox.WebGUI.Server\Gizmox.WebGUI.Server.csproj]
C:\Projects\VWG\NetCore\Gizmox.WebGUI.Server\Gizmox.WebGUI.Server.decompiled.cs(13623,13): warning CS8603: Possible null reference return. [C:\Projects\VWG\NetCore\Gizmox.WebGUI.Server\Gizmox.WebGUI.Server.csproj]
C:\Projects\VWG\NetCore\Gizmox.WebGUI.Server\Gizmox.WebGUI.Server.decompiled.cs(5128,13): warning CS8603: Possible null reference return. [C:\Projects\VWG\NetCore\Gizmox.WebGUI.Server\Gizmox.WebGUI.Server.csproj]
C:\Projects\VWG\NetCore\Gizmox.WebGUI.Server\Gizmox.WebGUI.Server.decompiled.cs(5138,12): warning CS8603: Possible null reference return. [C:\Projects\VWG\NetCore\Gizmox.WebGUI.Server\Gizmox.WebGUI.Server.csproj]
C:\Projects\VWG\NetCore\Gizmox.WebGUI.Server\Gizmox.WebGUI.Server.decompiled.cs(5148,12): warning CS8603: Possible null reference return. [C:\Projects\VWG\NetCore\Gizmox.WebGUI.Server\Gizmox.WebGUI.Server.csproj]
C:\Projects\VWG\NetCore\Gizmox.WebGUI.Server\Gizmox.WebGUI.Server.decompiled.cs(14558,46): warning CS8600: Converting null literal or possible null value to non-nullable type. [C:\Projects\VWG\NetCore\Gizmox.WebGUI.Server\Gizmox.WebGUI.Server.csproj]
C:\Projects\VWG\NetCore\Gizmox.WebGUI.Server\Gizmox.WebGUI.Server.decompiled.cs(14562,81): warning CS8600: Converting null literal or possible null value to non-nullable type. [C:\Projects\VWG\NetCore\Gizmox.WebGUI.Server\Gizmox.WebGUI.Server.csproj]
C:\Projects\VWG\NetCore\Gizmox.WebGUI.Server\Gizmox.WebGUI.Server.decompiled.cs(14574,83): warning CS8600: Converting null literal or possible null value to non-nullable type. [C:\Projects\VWG\NetCore\Gizmox.WebGUI.Server\Gizmox.WebGUI.Server.csproj]
C:\Projects\VWG\NetCore\Gizmox.WebGUI.Server\Gizmox.WebGUI.Server.decompiled.cs(5275,38): warning CS8603: Possible null reference return. [C:\Projects\VWG\NetCore\Gizmox.WebGUI.Server\Gizmox.WebGUI.Server.csproj]
C:\Projects\VWG\NetCore\Gizmox.WebGUI.Server\Gizmox.WebGUI.Server.decompiled.cs(12833,11): warning CS8603: Possible null reference return. [C:\Projects\VWG\NetCore\Gizmox.WebGUI.Server\Gizmox.WebGUI.Server.csproj]
C:\Projects\VWG\NetCore\Gizmox.WebGUI.Server\Gizmox.WebGUI.Server.decompiled.cs(5281,12): warning CS8603: Possible null reference return. [C:\Projects\VWG\NetCore\Gizmox.WebGUI.Server\Gizmox.WebGUI.Server.csproj]
C:\Projects\VWG\NetCore\Gizmox.WebGUI.Server\Gizmox.WebGUI.Server.decompiled.cs(5293,12): warning CS8603: Possible null reference return. [C:\Projects\VWG\NetCore\Gizmox.WebGUI.Server\Gizmox.WebGUI.Server.csproj]
C:\Projects\VWG\NetCore\Gizmox.WebGUI.Server\Gizmox.WebGUI.Server.decompiled.cs(14619,11): warning CS8603: Possible null reference return. [C:\Projects\VWG\NetCore\Gizmox.WebGUI.Server\Gizmox.WebGUI.Server.csproj]
C:\Projects\VWG\NetCore\Gizmox.WebGUI.Server\Gizmox.WebGUI.Server.decompiled.cs(5338,12): warning CS8603: Possible null reference return. [C:\Projects\VWG\NetCore\Gizmox.WebGUI.Server\Gizmox.WebGUI.Server.csproj]
C:\Projects\VWG\NetCore\Gizmox.WebGUI.Server\Gizmox.WebGUI.Server.decompiled.cs(5371,18): warning CS8600: Converting null literal or possible null value to non-nullable type. [C:\Projects\VWG\NetCore\Gizmox.WebGUI.Server\Gizmox.WebGUI.Server.csproj]
C:\Projects\VWG\NetCore\Gizmox.WebGUI.Server\Gizmox.WebGUI.Server.decompiled.cs(5381,12): warning CS8603: Possible null reference return. [C:\Projects\VWG\NetCore\Gizmox.WebGUI.Server\Gizmox.WebGUI.Server.csproj]
C:\Projects\VWG\NetCore\Gizmox.WebGUI.Server\Gizmox.WebGUI.Server.decompiled.cs(12387,32): warning CS8600: Converting null literal or possible null value to non-nullable type. [C:\Projects\VWG\NetCore\Gizmox.WebGUI.Server\Gizmox.WebGUI.Server.csproj]
C:\Projects\VWG\NetCore\Gizmox.WebGUI.Server\Gizmox.WebGUI.Server.decompiled.cs(2682,12): warning CS8603: Possible null reference return. [C:\Projects\VWG\NetCore\Gizmox.WebGUI.Server\Gizmox.WebGUI.Server.csproj]
C:\Projects\VWG\NetCore\Gizmox.WebGUI.Server\Gizmox.WebGUI.Server.decompiled.cs(2709,22): warning CS8625: Cannot convert null literal to non-nullable reference type. [C:\Projects\VWG\NetCore\Gizmox.WebGUI.Server\Gizmox.WebGUI.Server.csproj]
C:\Projects\VWG\NetCore\Gizmox.WebGUI.Server\Gizmox.WebGUI.Server.decompiled.cs(8238,53): warning CS8602: Dereference of a possibly null reference. [C:\Projects\VWG\NetCore\Gizmox.WebGUI.Server\Gizmox.WebGUI.Server.csproj]
C:\Projects\VWG\NetCore\Gizmox.WebGUI.Server\Gizmox.WebGUI.Server.decompiled.cs(12463,33): warning CS8600: Converting null literal or possible null value to non-nullable type. [C:\Projects\VWG\NetCore\Gizmox.WebGUI.Server\Gizmox.WebGUI.Server.csproj]
C:\Projects\VWG\NetCore\Gizmox.WebGUI.Server\Gizmox.WebGUI.Server.decompiled.cs(13193,9): warning SYSLIB0003: 'FileIOPermission' is obsolete: 'Code Access Security is not supported or honored by the runtime.' (https://aka.ms/dotnet-warnings/SYSLIB0003) [C:\Projects\VWG\NetCore\Gizmox.WebGUI.Server\Gizmox.WebGUI.Server.csproj]
C:\Projects\VWG\NetCore\Gizmox.WebGUI.Server\Gizmox.WebGUI.Server.decompiled.cs(13193,26): warning SYSLIB0003: 'FileIOPermissionAccess' is obsolete: 'Code Access Security is not supported or honored by the runtime.' (https://aka.ms/dotnet-warnings/SYSLIB0003) [C:\Projects\VWG\NetCore\Gizmox.WebGUI.Server\Gizmox.WebGUI.Server.csproj]
C:\Projects\VWG\NetCore\Gizmox.WebGUI.Server\Gizmox.WebGUI.Server.decompiled.cs(2724,22): warning CS8600: Converting null literal or possible null value to non-nullable type. [C:\Projects\VWG\NetCore\Gizmox.WebGUI.Server\Gizmox.WebGUI.Server.csproj]
C:\Projects\VWG\NetCore\Gizmox.WebGUI.Server\Gizmox.WebGUI.Server.decompiled.cs(2756,47): warning CS8600: Converting null literal or possible null value to non-nullable type. [C:\Projects\VWG\NetCore\Gizmox.WebGUI.Server\Gizmox.WebGUI.Server.csproj]
C:\Projects\VWG\NetCore\Gizmox.WebGUI.Server\Gizmox.WebGUI.Server.decompiled.cs(2758,25): warning CS8604: Possible null reference argument for parameter 'objLinkParameters' in 'string Context.GetLinkUrl(ILink objLink, ILinkParameters objLinkParameters)'. [C:\Projects\VWG\NetCore\Gizmox.WebGUI.Server\Gizmox.WebGUI.Server.csproj]
C:\Projects\VWG\NetCore\Gizmox.WebGUI.Server\Gizmox.WebGUI.Server.decompiled.cs(2762,21): warning CS8604: Possible null reference argument for parameter 'objLinkParameters' in 'string Context.GetOpenLinkMode(ILinkParameters objLinkParameters)'. [C:\Projects\VWG\NetCore\Gizmox.WebGUI.Server\Gizmox.WebGUI.Server.csproj]
C:\Projects\VWG\NetCore\Gizmox.WebGUI.Server\Gizmox.WebGUI.Server.decompiled.cs(10018,29): warning CS8600: Converting null literal or possible null value to non-nullable type. [C:\Projects\VWG\NetCore\Gizmox.WebGUI.Server\Gizmox.WebGUI.Server.csproj]
C:\Projects\VWG\NetCore\Gizmox.WebGUI.Server\Gizmox.WebGUI.Server.decompiled.cs(11878,28): warning CS8600: Converting null literal or possible null value to non-nullable type. [C:\Projects\VWG\NetCore\Gizmox.WebGUI.Server\Gizmox.WebGUI.Server.csproj]
C:\Projects\VWG\NetCore\Gizmox.WebGUI.Server\Gizmox.WebGUI.Server.decompiled.cs(5759,11): warning CS8603: Possible null reference return. [C:\Projects\VWG\NetCore\Gizmox.WebGUI.Server\Gizmox.WebGUI.Server.csproj]
C:\Projects\VWG\NetCore\Gizmox.WebGUI.Server\Gizmox.WebGUI.Server.decompiled.cs(12625,19): warning CS8600: Converting null literal or possible null value to non-nullable type. [C:\Projects\VWG\NetCore\Gizmox.WebGUI.Server\Gizmox.WebGUI.Server.csproj]
C:\Projects\VWG\NetCore\Gizmox.WebGUI.Server\Gizmox.WebGUI.Server.decompiled.cs(12645,34): warning CS8600: Converting null literal or possible null value to non-nullable type. [C:\Projects\VWG\NetCore\Gizmox.WebGUI.Server\Gizmox.WebGUI.Server.csproj]
C:\Projects\VWG\NetCore\Gizmox.WebGUI.Server\Gizmox.WebGUI.Server.decompiled.cs(5849,8): warning CS8602: Dereference of a possibly null reference. [C:\Projects\VWG\NetCore\Gizmox.WebGUI.Server\Gizmox.WebGUI.Server.csproj]
C:\Projects\VWG\NetCore\Gizmox.WebGUI.Server\Gizmox.WebGUI.Server.decompiled.cs(5949,11): warning CS8603: Possible null reference return. [C:\Projects\VWG\NetCore\Gizmox.WebGUI.Server\Gizmox.WebGUI.Server.csproj]
C:\Projects\VWG\NetCore\Gizmox.WebGUI.Server\Gizmox.WebGUI.Server.decompiled.cs(5957,12): warning CS8603: Possible null reference return. [C:\Projects\VWG\NetCore\Gizmox.WebGUI.Server\Gizmox.WebGUI.Server.csproj]
C:\Projects\VWG\NetCore\Gizmox.WebGUI.Server\Gizmox.WebGUI.Server.decompiled.cs(10151,28): warning CS8600: Converting null literal or possible null value to non-nullable type. [C:\Projects\VWG\NetCore\Gizmox.WebGUI.Server\Gizmox.WebGUI.Server.csproj]
C:\Projects\VWG\NetCore\Gizmox.WebGUI.Server\Gizmox.WebGUI.Server.decompiled.cs(10154,30): warning CS8600: Converting null literal or possible null value to non-nullable type. [C:\Projects\VWG\NetCore\Gizmox.WebGUI.Server\Gizmox.WebGUI.Server.csproj]
C:\Projects\VWG\NetCore\Gizmox.WebGUI.Server\Gizmox.WebGUI.Server.decompiled.cs(10185,29): warning CS8600: Converting null literal or possible null value to non-nullable type. [C:\Projects\VWG\NetCore\Gizmox.WebGUI.Server\Gizmox.WebGUI.Server.csproj]
C:\Projects\VWG\NetCore\Gizmox.WebGUI.Server\Gizmox.WebGUI.Server.decompiled.cs(6123,48): warning CS8604: Possible null reference argument for parameter 'strBrowserId' in 'MappedFormInfo ContextContainer.GetMappedFormInfo(Type objSourceFormType, string strBrowserId)'. [C:\Projects\VWG\NetCore\Gizmox.WebGUI.Server\Gizmox.WebGUI.Server.csproj]
C:\Projects\VWG\NetCore\Gizmox.WebGUI.Server\Gizmox.WebGUI.Server.decompiled.cs(2983,4): warning CS8602: Dereference of a possibly null reference. [C:\Projects\VWG\NetCore\Gizmox.WebGUI.Server\Gizmox.WebGUI.Server.csproj]
C:\Projects\VWG\NetCore\Gizmox.WebGUI.Server\Gizmox.WebGUI.Server.decompiled.cs(6128,36): warning CS8600: Converting null literal or possible null value to non-nullable type. [C:\Projects\VWG\NetCore\Gizmox.WebGUI.Server\Gizmox.WebGUI.Server.csproj]
C:\Projects\VWG\NetCore\Gizmox.WebGUI.Server\Gizmox.WebGUI.Server.decompiled.cs(6230,11): warning CS8603: Possible null reference return. [C:\Projects\VWG\NetCore\Gizmox.WebGUI.Server\Gizmox.WebGUI.Server.csproj]
C:\Projects\VWG\NetCore\Gizmox.WebGUI.Server\Gizmox.WebGUI.Server.decompiled.cs(6247,11): warning CS8603: Possible null reference return. [C:\Projects\VWG\NetCore\Gizmox.WebGUI.Server\Gizmox.WebGUI.Server.csproj]
C:\Projects\VWG\NetCore\Gizmox.WebGUI.Server\Gizmox.WebGUI.Server.decompiled.cs(8837,15): warning CS8604: Possible null reference argument for parameter 'strSource' in 'void Response.WriteError(string strSource, string strMessage, ref IResponseWriter objResponseWriter)'. [C:\Projects\VWG\NetCore\Gizmox.WebGUI.Server\Gizmox.WebGUI.Server.csproj]
C:\Projects\VWG\NetCore\Gizmox.WebGUI.Server\Gizmox.WebGUI.Server.decompiled.cs(418,25): warning CS8601: Possible null reference assignment. [C:\Projects\VWG\NetCore\Gizmox.WebGUI.Server\Gizmox.WebGUI.Server.csproj]
C:\Projects\VWG\NetCore\Gizmox.WebGUI.Server\Gizmox.WebGUI.Server.decompiled.cs(452,26): warning CS8601: Possible null reference assignment. [C:\Projects\VWG\NetCore\Gizmox.WebGUI.Server\Gizmox.WebGUI.Server.csproj]
C:\Projects\VWG\NetCore\Gizmox.WebGUI.Server\Gizmox.WebGUI.Server.decompiled.cs(6268,22): warning CS8600: Converting null literal or possible null value to non-nullable type. [C:\Projects\VWG\NetCore\Gizmox.WebGUI.Server\Gizmox.WebGUI.Server.csproj]
C:\Projects\VWG\NetCore\Gizmox.WebGUI.Server\Gizmox.WebGUI.Server.decompiled.cs(6269,37): warning CS8604: Possible null reference argument for parameter 'key' in 'bool Dictionary<string, FormAccessMode>.ContainsKey(string key)'. [C:\Projects\VWG\NetCore\Gizmox.WebGUI.Server\Gizmox.WebGUI.Server.csproj]
C:\Projects\VWG\NetCore\Gizmox.WebGUI.Server\Gizmox.WebGUI.Server.decompiled.cs(9804,19): warning CS8600: Converting null literal or possible null value to non-nullable type. [C:\Projects\VWG\NetCore\Gizmox.WebGUI.Server\Gizmox.WebGUI.Server.csproj]
C:\Projects\VWG\NetCore\Gizmox.WebGUI.Server\Gizmox.WebGUI.Server.decompiled.cs(9622,27): warning CS8600: Converting null literal or possible null value to non-nullable type. [C:\Projects\VWG\NetCore\Gizmox.WebGUI.Server\Gizmox.WebGUI.Server.csproj]
C:\Projects\VWG\NetCore\Gizmox.WebGUI.Server\Gizmox.WebGUI.Server.decompiled.cs(6405,46): warning CS8600: Converting null literal or possible null value to non-nullable type. [C:\Projects\VWG\NetCore\Gizmox.WebGUI.Server\Gizmox.WebGUI.Server.csproj]
C:\Projects\VWG\NetCore\Gizmox.WebGUI.Server\Gizmox.WebGUI.Server.decompiled.cs(6408,27): warning CS8600: Converting null literal or possible null value to non-nullable type. [C:\Projects\VWG\NetCore\Gizmox.WebGUI.Server\Gizmox.WebGUI.Server.csproj]
C:\Projects\VWG\NetCore\Gizmox.WebGUI.Server\Gizmox.WebGUI.Server.decompiled.cs(6420,30): warning CS8600: Converting null literal or possible null value to non-nullable type. [C:\Projects\VWG\NetCore\Gizmox.WebGUI.Server\Gizmox.WebGUI.Server.csproj]
C:\Projects\VWG\NetCore\Gizmox.WebGUI.Server\Gizmox.WebGUI.Server.decompiled.cs(778,4): warning CS8602: Dereference of a possibly null reference. [C:\Projects\VWG\NetCore\Gizmox.WebGUI.Server\Gizmox.WebGUI.Server.csproj]
C:\Projects\VWG\NetCore\Gizmox.WebGUI.Server\Gizmox.WebGUI.Server.decompiled.cs(9170,18): warning CS8600: Converting null literal or possible null value to non-nullable type. [C:\Projects\VWG\NetCore\Gizmox.WebGUI.Server\Gizmox.WebGUI.Server.csproj]
C:\Projects\VWG\NetCore\Gizmox.WebGUI.Server\Gizmox.WebGUI.Server.decompiled.cs(3773,17): warning CS8600: Converting null literal or possible null value to non-nullable type. [C:\Projects\VWG\NetCore\Gizmox.WebGUI.Server\Gizmox.WebGUI.Server.csproj]
C:\Projects\VWG\NetCore\Gizmox.WebGUI.Server\Gizmox.WebGUI.Server.decompiled.cs(3783,17): warning CS8600: Converting null literal or possible null value to non-nullable type. [C:\Projects\VWG\NetCore\Gizmox.WebGUI.Server\Gizmox.WebGUI.Server.csproj]
C:\Projects\VWG\NetCore\Gizmox.WebGUI.Server\Gizmox.WebGUI.Server.decompiled.cs(3812,11): warning CS8603: Possible null reference return. [C:\Projects\VWG\NetCore\Gizmox.WebGUI.Server\Gizmox.WebGUI.Server.csproj]
C:\Projects\VWG\NetCore\Gizmox.WebGUI.Server\Gizmox.WebGUI.Server.decompiled.cs(3819,17): warning CS8600: Converting null literal or possible null value to non-nullable type. [C:\Projects\VWG\NetCore\Gizmox.WebGUI.Server\Gizmox.WebGUI.Server.csproj]
C:\Projects\VWG\NetCore\Gizmox.WebGUI.Server\Gizmox.WebGUI.Server.decompiled.cs(3825,17): warning CS8600: Converting null literal or possible null value to non-nullable type. [C:\Projects\VWG\NetCore\Gizmox.WebGUI.Server\Gizmox.WebGUI.Server.csproj]
C:\Projects\VWG\NetCore\Gizmox.WebGUI.Server\Gizmox.WebGUI.Server.decompiled.cs(3832,18): warning CS8600: Converting null literal or possible null value to non-nullable type. [C:\Projects\VWG\NetCore\Gizmox.WebGUI.Server\Gizmox.WebGUI.Server.csproj]
C:\Projects\VWG\NetCore\Gizmox.WebGUI.Server\Gizmox.WebGUI.Server.decompiled.cs(3849,16): warning CS8600: Converting null literal or possible null value to non-nullable type. [C:\Projects\VWG\NetCore\Gizmox.WebGUI.Server\Gizmox.WebGUI.Server.csproj]
C:\Projects\VWG\NetCore\Gizmox.WebGUI.Server\Gizmox.WebGUI.Server.decompiled.cs(3853,37): warning CS8604: Possible null reference argument for parameter 'strType' in 'IForm Context.CreateForm(string strPage, string strType, params object[] arrArguments)'. [C:\Projects\VWG\NetCore\Gizmox.WebGUI.Server\Gizmox.WebGUI.Server.csproj]
C:\Projects\VWG\NetCore\Gizmox.WebGUI.Server\Gizmox.WebGUI.Server.decompiled.cs(3868,11): warning CS8603: Possible null reference return. [C:\Projects\VWG\NetCore\Gizmox.WebGUI.Server\Gizmox.WebGUI.Server.csproj]
C:\Projects\VWG\NetCore\Gizmox.WebGUI.Server\Gizmox.WebGUI.Server.decompiled.cs(3860,21): warning CS0168: The variable 'ex' is declared but never used [C:\Projects\VWG\NetCore\Gizmox.WebGUI.Server\Gizmox.WebGUI.Server.csproj]
C:\Projects\VWG\NetCore\Gizmox.WebGUI.Server\Gizmox.WebGUI.Server.decompiled.cs(3873,17): warning CS8600: Converting null literal or possible null value to non-nullable type. [C:\Projects\VWG\NetCore\Gizmox.WebGUI.Server\Gizmox.WebGUI.Server.csproj]
C:\Projects\VWG\NetCore\Gizmox.WebGUI.Server\Gizmox.WebGUI.Server.decompiled.cs(3880,17): warning CS8600: Converting null literal or possible null value to non-nullable type. [C:\Projects\VWG\NetCore\Gizmox.WebGUI.Server\Gizmox.WebGUI.Server.csproj]
C:\Projects\VWG\NetCore\Gizmox.WebGUI.Server\Gizmox.WebGUI.Server.decompiled.cs(3893,13): warning CS8600: Converting null literal or possible null value to non-nullable type. [C:\Projects\VWG\NetCore\Gizmox.WebGUI.Server\Gizmox.WebGUI.Server.csproj]
C:\Projects\VWG\NetCore\Gizmox.WebGUI.Server\Gizmox.WebGUI.Server.decompiled.cs(3900,14): warning CS8600: Converting null literal or possible null value to non-nullable type. [C:\Projects\VWG\NetCore\Gizmox.WebGUI.Server\Gizmox.WebGUI.Server.csproj]
C:\Projects\VWG\NetCore\Gizmox.WebGUI.Server\Gizmox.WebGUI.Server.decompiled.cs(3904,11): warning CS8603: Possible null reference return. [C:\Projects\VWG\NetCore\Gizmox.WebGUI.Server\Gizmox.WebGUI.Server.csproj]
C:\Projects\VWG\NetCore\Gizmox.WebGUI.Server\Gizmox.WebGUI.Server.decompiled.cs(3928,11): warning CS8603: Possible null reference return. [C:\Projects\VWG\NetCore\Gizmox.WebGUI.Server\Gizmox.WebGUI.Server.csproj]
C:\Projects\VWG\NetCore\Gizmox.WebGUI.Server\Gizmox.WebGUI.Server.decompiled.cs(9266,52): warning CS8625: Cannot convert null literal to non-nullable reference type. [C:\Projects\VWG\NetCore\Gizmox.WebGUI.Server\Gizmox.WebGUI.Server.csproj]
C:\Projects\VWG\NetCore\Gizmox.WebGUI.Server\Gizmox.WebGUI.Server.decompiled.cs(9281,52): warning CS8625: Cannot convert null literal to non-nullable reference type. [C:\Projects\VWG\NetCore\Gizmox.WebGUI.Server\Gizmox.WebGUI.Server.csproj]
C:\Projects\VWG\NetCore\Gizmox.WebGUI.Server\Gizmox.WebGUI.Server.decompiled.cs(4078,47): warning CS8600: Converting null literal or possible null value to non-nullable type. [C:\Projects\VWG\NetCore\Gizmox.WebGUI.Server\Gizmox.WebGUI.Server.csproj]
C:\Projects\VWG\NetCore\Gizmox.WebGUI.Server\Gizmox.WebGUI.Server.decompiled.cs(4098,12): warning CS8603: Possible null reference return. [C:\Projects\VWG\NetCore\Gizmox.WebGUI.Server\Gizmox.WebGUI.Server.csproj]
C:\Projects\VWG\NetCore\Gizmox.WebGUI.Server\Gizmox.WebGUI.Server.decompiled.cs(4131,11): warning CS8603: Possible null reference return. [C:\Projects\VWG\NetCore\Gizmox.WebGUI.Server\Gizmox.WebGUI.Server.csproj]
C:\Projects\VWG\NetCore\Gizmox.WebGUI.Server\Gizmox.WebGUI.Server.decompiled.cs(4174,12): warning CS8603: Possible null reference return. [C:\Projects\VWG\NetCore\Gizmox.WebGUI.Server\Gizmox.WebGUI.Server.csproj]
C:\Projects\VWG\NetCore\Gizmox.WebGUI.Server\Gizmox.WebGUI.Server.decompiled.cs(4184,12): warning CS8603: Possible null reference return. [C:\Projects\VWG\NetCore\Gizmox.WebGUI.Server\Gizmox.WebGUI.Server.csproj]
C:\Projects\VWG\NetCore\Gizmox.WebGUI.Server\Gizmox.WebGUI.Server.decompiled.cs(4197,34): warning CS8600: Converting null literal or possible null value to non-nullable type. [C:\Projects\VWG\NetCore\Gizmox.WebGUI.Server\Gizmox.WebGUI.Server.csproj]
C:\Projects\VWG\NetCore\Gizmox.WebGUI.Server\Gizmox.WebGUI.Server.decompiled.cs(4231,23): warning CS8600: Converting null literal or possible null value to non-nullable type. [C:\Projects\VWG\NetCore\Gizmox.WebGUI.Server\Gizmox.WebGUI.Server.csproj]
C:\Projects\VWG\NetCore\Gizmox.WebGUI.Server\Gizmox.WebGUI.Server.decompiled.cs(4232,29): warning CS8600: Converting null literal or possible null value to non-nullable type. [C:\Projects\VWG\NetCore\Gizmox.WebGUI.Server\Gizmox.WebGUI.Server.csproj]
C:\Projects\VWG\NetCore\Gizmox.WebGUI.Server\Gizmox.WebGUI.Server.decompiled.cs(4233,14): warning CS8602: Dereference of a possibly null reference. [C:\Projects\VWG\NetCore\Gizmox.WebGUI.Server\Gizmox.WebGUI.Server.csproj]
C:\Projects\VWG\NetCore\Gizmox.WebGUI.Server\Gizmox.WebGUI.Server.decompiled.cs(4251,26): warning CS8600: Converting null literal or possible null value to non-nullable type. [C:\Projects\VWG\NetCore\Gizmox.WebGUI.Server\Gizmox.WebGUI.Server.csproj]
C:\Projects\VWG\NetCore\Gizmox.WebGUI.Server\Gizmox.WebGUI.Server.decompiled.cs(4255,4): warning CS8602: Dereference of a possibly null reference. [C:\Projects\VWG\NetCore\Gizmox.WebGUI.Server\Gizmox.WebGUI.Server.csproj]
C:\Projects\VWG\NetCore\Gizmox.WebGUI.Server\Gizmox.WebGUI.Server.decompiled.cs(4256,4): warning CS8602: Dereference of a possibly null reference. [C:\Projects\VWG\NetCore\Gizmox.WebGUI.Server\Gizmox.WebGUI.Server.csproj]
C:\Projects\VWG\NetCore\Gizmox.WebGUI.Server\Gizmox.WebGUI.Server.decompiled.cs(4354,34): warning CS8600: Converting null literal or possible null value to non-nullable type. [C:\Projects\VWG\NetCore\Gizmox.WebGUI.Server\Gizmox.WebGUI.Server.csproj]
C:\Projects\VWG\NetCore\Gizmox.WebGUI.Server\Gizmox.WebGUI.Server.decompiled.cs(4393,12): warning CS8603: Possible null reference return. [C:\Projects\VWG\NetCore\Gizmox.WebGUI.Server\Gizmox.WebGUI.Server.csproj]
C:\Projects\VWG\NetCore\Gizmox.WebGUI.Server\Gizmox.WebGUI.Server.decompiled.cs(12151,46): warning CS0169: The field 'c78e5c1fcf0436550622498d41cad2569.c2b5ce7f7a0d2fd0cf5c029026ff5edce' is never used [C:\Projects\VWG\NetCore\Gizmox.WebGUI.Server\Gizmox.WebGUI.Server.csproj]
C:\Projects\VWG\NetCore\Gizmox.WebGUI.Server\Gizmox.WebGUI.Server.decompiled.cs(4573,16): warning CS0169: The field 'ContextContainer.mblnSupportBorderRadius' is never used [C:\Projects\VWG\NetCore\Gizmox.WebGUI.Server\Gizmox.WebGUI.Server.csproj]
C:\Projects\VWG\NetCore\Gizmox.WebGUI.Server\Gizmox.WebGUI.Server.decompiled.cs(4606,63): warning CS0169: The field 'ContextContainer.mobjVisualTemplatesData' is never used [C:\Projects\VWG\NetCore\Gizmox.WebGUI.Server\Gizmox.WebGUI.Server.csproj]
C:\Projects\VWG\NetCore\Gizmox.WebGUI.Server\Gizmox.WebGUI.Server.decompiled.cs(17278,62): warning CS0649: Field 'c03836b967832c5af40c98cf7300bc21d.ce668bbbb6572e5ef53619f9d283bb280' is never assigned to, and will always have its default value [C:\Projects\VWG\NetCore\Gizmox.WebGUI.Server\Gizmox.WebGUI.Server.csproj]
C:\Projects\VWG\NetCore\Gizmox.WebGUI.Server\Gizmox.WebGUI.Server.decompiled.cs(13599,16): warning CS0169: The field 'cace92c1d33698dcd2e5827f7129bb7f3.cc77c92d8719a2d4aa7946c176fa59c60' is never used [C:\Projects\VWG\NetCore\Gizmox.WebGUI.Server\Gizmox.WebGUI.Server.csproj]
C:\Projects\VWG\NetCore\Gizmox.WebGUI.Server\Gizmox.WebGUI.Server.decompiled.cs(122,15): warning CS0414: The field 'c1aa09394d9e776d366c1c429ca623754.c55bfa65df757cfb294c5ff88a1faba92' is assigned but its value is never used [C:\Projects\VWG\NetCore\Gizmox.WebGUI.Server\Gizmox.WebGUI.Server.csproj]
C:\Projects\VWG\NetCore\Gizmox.WebGUI.Server\Gizmox.WebGUI.Server.decompiled.cs(13595,16): warning CS0414: The field 'cace92c1d33698dcd2e5827f7129bb7f3.cd93a432034cb723db2c915f775f979e0' is assigned but its value is never used [C:\Projects\VWG\NetCore\Gizmox.WebGUI.Server\Gizmox.WebGUI.Server.csproj]
C:\Projects\VWG\NetCore\Gizmox.WebGUI.Server\Gizmox.WebGUI.Server.decompiled.cs(10816,28): warning CS0414: The field 'c161856d0e44a0e392f8f2936b6dd3011.c59e1f2bb25a053d476118c5de9e86166' is assigned but its value is never used [C:\Projects\VWG\NetCore\Gizmox.WebGUI.Server\Gizmox.WebGUI.Server.csproj]
C:\Projects\VWG\NetCore\Gizmox.WebGUI.Server\Gizmox.WebGUI.Server.decompiled.cs(124,15): warning CS0414: The field 'c1aa09394d9e776d366c1c429ca623754.c4a0ebb17332b8bf5b4947dd1ed6f7b28' is assigned but its value is never used [C:\Projects\VWG\NetCore\Gizmox.WebGUI.Server\Gizmox.WebGUI.Server.csproj]
C:\Projects\VWG\NetCore\Gizmox.WebGUI.Server\Gizmox.WebGUI.Server.decompiled.cs(8485,25): warning CS0414: The field 'Request.mobjDocument' is assigned but its value is never used [C:\Projects\VWG\NetCore\Gizmox.WebGUI.Server\Gizmox.WebGUI.Server.csproj]
  Gizmox.WebGUI.Server -> C:\Projects\VWG\NetCore\Gizmox.WebGUI.Server\bin\Debug\net8.0-windows\Gizmox.WebGUI.Server.dll

Build succeeded.

C:\Projects\VWG\NetCore\Gizmox.WebGUI.Common\Generated\Gizmox\WebGUI\Forms\Skins\Resources\BrowserCapabilities.cs(109,15): warning CS0659: 'BrowserCapabilities' overrides Object.Equals(object o) but does not override Object.GetHashCode() [C:\Projects\VWG\NetCore\Gizmox.WebGUI.Common\Gizmox.WebGUI.Common.csproj]
C:\Projects\VWG\NetCore\Gizmox.WebGUI.Common\Generated\Gizmox\WebGUI\Common\Tokens\Xslt\XsltTokenReader.cs(171,10): warning CS0219: The variable 'token' is assigned but its value is never used [C:\Projects\VWG\NetCore\Gizmox.WebGUI.Common\Gizmox.WebGUI.Common.csproj]
C:\Projects\VWG\NetCore\Gizmox.WebGUI.Common\Generated\Gizmox\WebGUI\Common\Tokens\Xml\XmlTokenReader.cs(147,20): warning CS0219: The variable 'xmlTokenContext' is assigned but its value is never used [C:\Projects\VWG\NetCore\Gizmox.WebGUI.Common\Gizmox.WebGUI.Common.csproj]
C:\Projects\VWG\NetCore\Gizmox.WebGUI.Common\Generated\A\TC.cs(120,5): warning SYSLIB0021: 'DESCryptoServiceProvider' is obsolete: 'Derived cryptographic types are obsolete. Use the Create method on the base type instead.' (https://aka.ms/dotnet-warnings/SYSLIB0021) [C:\Projects\VWG\NetCore\Gizmox.WebGUI.Common\Gizmox.WebGUI.Common.csproj]
C:\Projects\VWG\NetCore\Gizmox.WebGUI.Common\Generated\A\TC.cs(120,61): warning SYSLIB0021: 'DESCryptoServiceProvider' is obsolete: 'Derived cryptographic types are obsolete. Use the Create method on the base type instead.' (https://aka.ms/dotnet-warnings/SYSLIB0021) [C:\Projects\VWG\NetCore\Gizmox.WebGUI.Common\Gizmox.WebGUI.Common.csproj]
C:\Projects\VWG\NetCore\Gizmox.WebGUI.Common\Generated\Gizmox\WebGUI\Common\Tokens\Xml\XmlContentTokenReader.cs(127,10): warning CS0219: The variable 'token' is assigned but its value is never used [C:\Projects\VWG\NetCore\Gizmox.WebGUI.Common\Gizmox.WebGUI.Common.csproj]
C:\Projects\VWG\NetCore\Gizmox.WebGUI.Common\Generated\Gizmox\WebGUI\CommonUtils.cs(3105,20): warning SYSLIB0041: 'Rfc2898DeriveBytes.Rfc2898DeriveBytes(string, byte[])' is obsolete: 'The default hash algorithm and iteration counts in Rfc2898DeriveBytes constructors are outdated and insecure. Use a constructor that accepts the hash algorithm and the number of iterations.' (https://aka.ms/dotnet-warnings/SYSLIB0041) [C:\Projects\VWG\NetCore\Gizmox.WebGUI.Common\Gizmox.WebGUI.Common.csproj]
C:\Projects\VWG\NetCore\Gizmox.WebGUI.Common\Generated\Gizmox\WebGUI\CommonUtils.cs(3106,37): warning SYSLIB0022: 'RijndaelManaged' is obsolete: 'The Rijndael and RijndaelManaged types are obsolete. Use Aes instead.' (https://aka.ms/dotnet-warnings/SYSLIB0022) [C:\Projects\VWG\NetCore\Gizmox.WebGUI.Common\Gizmox.WebGUI.Common.csproj]
C:\Projects\VWG\NetCore\Gizmox.WebGUI.Common\Generated\Gizmox\WebGUI\CommonUtils.cs(3155,20): warning SYSLIB0041: 'Rfc2898DeriveBytes.Rfc2898DeriveBytes(string, byte[])' is obsolete: 'The default hash algorithm and iteration counts in Rfc2898DeriveBytes constructors are outdated and insecure. Use a constructor that accepts the hash algorithm and the number of iterations.' (https://aka.ms/dotnet-warnings/SYSLIB0041) [C:\Projects\VWG\NetCore\Gizmox.WebGUI.Common\Gizmox.WebGUI.Common.csproj]
C:\Projects\VWG\NetCore\Gizmox.WebGUI.Common\Generated\Gizmox\WebGUI\CommonUtils.cs(3156,38): warning SYSLIB0022: 'RijndaelManaged' is obsolete: 'The Rijndael and RijndaelManaged types are obsolete. Use Aes instead.' (https://aka.ms/dotnet-warnings/SYSLIB0022) [C:\Projects\VWG\NetCore\Gizmox.WebGUI.Common\Gizmox.WebGUI.Common.csproj]
C:\Projects\VWG\NetCore\Gizmox.WebGUI.Common\Generated\Gizmox\WebGUI\Common\Tokens\TokenReader.cs(759,10): warning CS0219: The variable 'token' is assigned but its value is never used [C:\Projects\VWG\NetCore\Gizmox.WebGUI.Common\Gizmox.WebGUI.Common.csproj]
C:\Projects\VWG\NetCore\Gizmox.WebGUI.Common\Generated\A\IC.cs(165,10): warning CS0219: The variable 'token' is assigned but its value is never used [C:\Projects\VWG\NetCore\Gizmox.WebGUI.Common\Gizmox.WebGUI.Common.csproj]
C:\Projects\VWG\NetCore\Gizmox.WebGUI.Common\Generated\A\I.cs(199,18): warning SYSLIB0012: 'Assembly.CodeBase' is obsolete: 'Assembly.CodeBase and Assembly.EscapedCodeBase are only included for .NET Framework compatibility. Use Assembly.Location.' (https://aka.ms/dotnet-warnings/SYSLIB0012) [C:\Projects\VWG\NetCore\Gizmox.WebGUI.Common\Gizmox.WebGUI.Common.csproj]
C:\Projects\VWG\NetCore\Gizmox.WebGUI.Common\Generated\Gizmox\WebGUI\Common\Tokens\Reg\RegTokenReader.cs(129,10): warning CS0219: The variable 'token' is assigned but its value is never used [C:\Projects\VWG\NetCore\Gizmox.WebGUI.Common\Gizmox.WebGUI.Common.csproj]
C:\Projects\VWG\NetCore\Gizmox.WebGUI.Common\Generated\Gizmox\WebGUI\Common\Tokens\Css\CssTokenReader.cs(129,10): warning CS0219: The variable 'token' is assigned but its value is never used [C:\Projects\VWG\NetCore\Gizmox.WebGUI.Common\Gizmox.WebGUI.Common.csproj]
C:\Projects\VWG\NetCore\Gizmox.WebGUI.Common\Generated\Gizmox\WebGUI\Common\Resources\TypeResourceHandle.cs(241,37): warning CS0219: The variable 'resourceManager' is assigned but its value is never used [C:\Projects\VWG\NetCore\Gizmox.WebGUI.Common\Gizmox.WebGUI.Common.csproj]
C:\Projects\VWG\NetCore\Gizmox.WebGUI.Common\Generated\Gizmox\WebGUI\Common\Resources\FileHandleCollection.cs(121,4): warning SYSLIB0051: 'NameObjectCollectionBase.NameObjectCollectionBase(SerializationInfo, StreamingContext)' is obsolete: 'This API supports obsolete formatter-based serialization. It should not be called or extended by application code.' (https://aka.ms/dotnet-warnings/SYSLIB0051) [C:\Projects\VWG\NetCore\Gizmox.WebGUI.Common\Gizmox.WebGUI.Common.csproj]
C:\Projects\VWG\NetCore\Gizmox.WebGUI.Common\Generated\Gizmox\WebGUI\Forms\SerializationWriter.cs(313,14): warning SYSLIB0050: 'Type.IsSerializable' is obsolete: 'Formatter-based serialization is obsolete and should not be used.' (https://aka.ms/dotnet-warnings/SYSLIB0050) [C:\Projects\VWG\NetCore\Gizmox.WebGUI.Common\Gizmox.WebGUI.Common.csproj]
C:\Projects\VWG\NetCore\Gizmox.WebGUI.Common\Generated\Gizmox\WebGUI\Forms\SerializableProperty.cs(164,11): warning SYSLIB0050: 'Type.IsSerializable' is obsolete: 'Formatter-based serialization is obsolete and should not be used.' (https://aka.ms/dotnet-warnings/SYSLIB0050) [C:\Projects\VWG\NetCore\Gizmox.WebGUI.Common\Gizmox.WebGUI.Common.csproj]
C:\Projects\VWG\NetCore\Gizmox.WebGUI.Common\Generated\Gizmox\WebGUI\Forms\Serialization\SerializableBitVector32.cs(204,19): warning CS0675: Bitwise-or operator used on a sign-extended operand; consider casting to a smaller unsigned type first [C:\Projects\VWG\NetCore\Gizmox.WebGUI.Common\Gizmox.WebGUI.Common.csproj]
C:\Projects\VWG\NetCore\Gizmox.WebGUI.Common\Generated\Gizmox\WebGUI\Forms\Skins\SkinDataStore.cs(280,44): warning CS0168: The variable 'ex' is declared but never used [C:\Projects\VWG\NetCore\Gizmox.WebGUI.Common\Gizmox.WebGUI.Common.csproj]
C:\Projects\VWG\NetCore\Gizmox.WebGUI.Common\Generated\Gizmox\WebGUI\Common\DeviceRepository\BrowserRepository.cs(625,26): warning CS0649: Field 'BrowserRepository.SystemCapabilityMatch.mobjCurrentBrowser' is never assigned to, and will always have its default value null [C:\Projects\VWG\NetCore\Gizmox.WebGUI.Common\Gizmox.WebGUI.Common.csproj]
C:\Projects\VWG\NetCore\Gizmox.WebGUI.Common\Generated\Gizmox\WebGUI\Common\Configuration\Config.cs(113,18): warning CS0649: Field 'Config.OC.A' is never assigned to, and will always have its default value null [C:\Projects\VWG\NetCore\Gizmox.WebGUI.Common\Gizmox.WebGUI.Common.csproj]
C:\Projects\VWG\NetCore\Gizmox.WebGUI.Common\Generated\A\SC.cs(115,31): warning CS0649: Field 'SC.A' is never assigned to, and will always have its default value [C:\Projects\VWG\NetCore\Gizmox.WebGUI.Common\Gizmox.WebGUI.Common.csproj]
C:\Projects\VWG\NetCore\Gizmox.WebGUI.Common\Generated\Gizmox\WebGUI\Hosting\HostContext.cs(118,21): warning CS0169: The field 'HostContext.mobjCache' is never used [C:\Projects\VWG\NetCore\Gizmox.WebGUI.Common\Gizmox.WebGUI.Common.csproj]
C:\Projects\VWG\NetCore\Gizmox.WebGUI.Common\Generated\Gizmox\WebGUI\Common\Configuration\Config.cs(157,16): warning CS0649: Field 'Config.mblnRightToLeft' is never assigned to, and will always have its default value false [C:\Projects\VWG\NetCore\Gizmox.WebGUI.Common\Gizmox.WebGUI.Common.csproj]
C:\Projects\VWG\NetCore\Gizmox.WebGUI.Common\Generated\Gizmox\WebGUI\Common\Tokens\TokenReader.cs(123,15): warning CS0649: Field 'TokenReader.D' is never assigned to, and will always have its default value 0 [C:\Projects\VWG\NetCore\Gizmox.WebGUI.Common\Gizmox.WebGUI.Common.csproj]
C:\Projects\VWG\NetCore\Gizmox.WebGUI.Common\Generated\Gizmox\WebGUI\Forms\Skins\SkinMultiValue.cs(120,16): warning CS0649: Field 'SkinMultiValue.mblnIsInitializing' is never assigned to, and will always have its default value false [C:\Projects\VWG\NetCore\Gizmox.WebGUI.Common\Gizmox.WebGUI.Common.csproj]
C:\Projects\VWG\NetCore\Gizmox.WebGUI.Common\Generated\Gizmox\WebGUI\Forms\VisualTemplateAttribute.cs(113,20): warning CS0169: The field 'VisualTemplateAttribute.mstrDevicesList' is never used [C:\Projects\VWG\NetCore\Gizmox.WebGUI.Common\Gizmox.WebGUI.Common.csproj]
C:\Projects\VWG\NetCore\Gizmox.WebGUI.Common\Generated\A\I.cs(115,16): warning CS0414: The field 'I.m_I' is assigned but its value is never used [C:\Projects\VWG\NetCore\Gizmox.WebGUI.Common\Gizmox.WebGUI.Common.csproj]
C:\Projects\VWG\NetCore\Gizmox.WebGUI.Common\Generated\Gizmox\WebGUI\Common\Tokens\JS\JSTokenReader.cs(117,16): warning CS0414: The field 'JSTokenReader.BB' is assigned but its value is never used [C:\Projects\VWG\NetCore\Gizmox.WebGUI.Common\Gizmox.WebGUI.Common.csproj]
C:\Projects\VWG\NetCore\Gizmox.WebGUI.Server\Gizmox.WebGUI.Server.decompiled.cs(15144,12): warning CS8603: Possible null reference return. [C:\Projects\VWG\NetCore\Gizmox.WebGUI.Server\Gizmox.WebGUI.Server.csproj]
C:\Projects\VWG\NetCore\Gizmox.WebGUI.Server\Gizmox.WebGUI.Server.decompiled.cs(15156,12): warning CS8603: Possible null reference return. [C:\Projects\VWG\NetCore\Gizmox.WebGUI.Server\Gizmox.WebGUI.Server.csproj]
C:\Projects\VWG\NetCore\Gizmox.WebGUI.Server\Gizmox.WebGUI.Server.decompiled.cs(15068,12): warning CS8603: Possible null reference return. [C:\Projects\VWG\NetCore\Gizmox.WebGUI.Server\Gizmox.WebGUI.Server.csproj]
C:\Projects\VWG\NetCore\Gizmox.WebGUI.Server\Gizmox.WebGUI.Server.decompiled.cs(15080,12): warning CS8603: Possible null reference return. [C:\Projects\VWG\NetCore\Gizmox.WebGUI.Server\Gizmox.WebGUI.Server.csproj]
C:\Projects\VWG\NetCore\Gizmox.WebGUI.Server\Gizmox.WebGUI.Server.decompiled.cs(1448,12): warning CS8603: Possible null reference return. [C:\Projects\VWG\NetCore\Gizmox.WebGUI.Server\Gizmox.WebGUI.Server.csproj]
C:\Projects\VWG\NetCore\Gizmox.WebGUI.Server\Gizmox.WebGUI.Server.decompiled.cs(4644,12): warning CS8603: Possible null reference return. [C:\Projects\VWG\NetCore\Gizmox.WebGUI.Server\Gizmox.WebGUI.Server.csproj]
C:\Projects\VWG\NetCore\Gizmox.WebGUI.Server\Gizmox.WebGUI.Server.decompiled.cs(4668,12): warning CS8603: Possible null reference return. [C:\Projects\VWG\NetCore\Gizmox.WebGUI.Server\Gizmox.WebGUI.Server.csproj]
C:\Projects\VWG\NetCore\Gizmox.WebGUI.Server\Gizmox.WebGUI.Server.decompiled.cs(15214,26): warning CS8600: Converting null literal or possible null value to non-nullable type. [C:\Projects\VWG\NetCore\Gizmox.WebGUI.Server\Gizmox.WebGUI.Server.csproj]
C:\Projects\VWG\NetCore\Gizmox.WebGUI.Server\Gizmox.WebGUI.Server.decompiled.cs(4713,12): warning CS8603: Possible null reference return. [C:\Projects\VWG\NetCore\Gizmox.WebGUI.Server\Gizmox.WebGUI.Server.csproj]
C:\Projects\VWG\NetCore\Gizmox.WebGUI.Server\Gizmox.WebGUI.Server.decompiled.cs(4725,12): warning CS8603: Possible null reference return. [C:\Projects\VWG\NetCore\Gizmox.WebGUI.Server\Gizmox.WebGUI.Server.csproj]
C:\Projects\VWG\NetCore\Gizmox.WebGUI.Server\Gizmox.WebGUI.Server.decompiled.cs(4737,12): warning CS8603: Possible null reference return. [C:\Projects\VWG\NetCore\Gizmox.WebGUI.Server\Gizmox.WebGUI.Server.csproj]
C:\Projects\VWG\NetCore\Gizmox.WebGUI.Server\Gizmox.WebGUI.Server.decompiled.cs(1768,13): warning CS8603: Possible null reference return. [C:\Projects\VWG\NetCore\Gizmox.WebGUI.Server\Gizmox.WebGUI.Server.csproj]
C:\Projects\VWG\NetCore\Gizmox.WebGUI.Server\Gizmox.WebGUI.Server.decompiled.cs(1792,13): warning CS8603: Possible null reference return. [C:\Projects\VWG\NetCore\Gizmox.WebGUI.Server\Gizmox.WebGUI.Server.csproj]
C:\Projects\VWG\NetCore\Gizmox.WebGUI.Server\Gizmox.WebGUI.Server.decompiled.cs(1816,13): warning CS8603: Possible null reference return. [C:\Projects\VWG\NetCore\Gizmox.WebGUI.Server\Gizmox.WebGUI.Server.csproj]
C:\Projects\VWG\NetCore\Gizmox.WebGUI.Server\Gizmox.WebGUI.Server.decompiled.cs(1840,13): warning CS8603: Possible null reference return. [C:\Projects\VWG\NetCore\Gizmox.WebGUI.Server\Gizmox.WebGUI.Server.csproj]
C:\Projects\VWG\NetCore\Gizmox.WebGUI.Server\Gizmox.WebGUI.Server.decompiled.cs(1871,13): warning CS8603: Possible null reference return. [C:\Projects\VWG\NetCore\Gizmox.WebGUI.Server\Gizmox.WebGUI.Server.csproj]
C:\Projects\VWG\NetCore\Gizmox.WebGUI.Server\Gizmox.WebGUI.Server.decompiled.cs(4929,13): warning CS8603: Possible null reference return. [C:\Projects\VWG\NetCore\Gizmox.WebGUI.Server\Gizmox.WebGUI.Server.csproj]
C:\Projects\VWG\NetCore\Gizmox.WebGUI.Server\Gizmox.WebGUI.Server.decompiled.cs(4931,12): warning CS8603: Possible null reference return. [C:\Projects\VWG\NetCore\Gizmox.WebGUI.Server\Gizmox.WebGUI.Server.csproj]
C:\Projects\VWG\NetCore\Gizmox.WebGUI.Server\Gizmox.WebGUI.Server.decompiled.cs(14715,11): warning CS8603: Possible null reference return. [C:\Projects\VWG\NetCore\Gizmox.WebGUI.Server\Gizmox.WebGUI.Server.csproj]
C:\Projects\VWG\NetCore\Gizmox.WebGUI.Server\Gizmox.WebGUI.Server.decompiled.cs(14720,11): warning CS8603: Possible null reference return. [C:\Projects\VWG\NetCore\Gizmox.WebGUI.Server\Gizmox.WebGUI.Server.csproj]
C:\Projects\VWG\NetCore\Gizmox.WebGUI.Server\Gizmox.WebGUI.Server.decompiled.cs(14725,11): warning CS8603: Possible null reference return. [C:\Projects\VWG\NetCore\Gizmox.WebGUI.Server\Gizmox.WebGUI.Server.csproj]
C:\Projects\VWG\NetCore\Gizmox.WebGUI.Server\Gizmox.WebGUI.Server.decompiled.cs(10625,20): warning CS8600: Converting null literal or possible null value to non-nullable type. [C:\Projects\VWG\NetCore\Gizmox.WebGUI.Server\Gizmox.WebGUI.Server.csproj]
C:\Projects\VWG\NetCore\Gizmox.WebGUI.Server\Gizmox.WebGUI.Server.decompiled.cs(10531,4): warning SYSLIB0051: 'NameValueCollection.NameValueCollection(SerializationInfo, StreamingContext)' is obsolete: 'This API supports obsolete formatter-based serialization. It should not be called or extended by application code.' (https://aka.ms/dotnet-warnings/SYSLIB0051) [C:\Projects\VWG\NetCore\Gizmox.WebGUI.Server\Gizmox.WebGUI.Server.csproj]
C:\Projects\VWG\NetCore\Gizmox.WebGUI.Server\Gizmox.WebGUI.Server.decompiled.cs(10517,4): warning SYSLIB0051: 'NameValueCollection.NameValueCollection(SerializationInfo, StreamingContext)' is obsolete: 'This API supports obsolete formatter-based serialization. It should not be called or extended by application code.' (https://aka.ms/dotnet-warnings/SYSLIB0051) [C:\Projects\VWG\NetCore\Gizmox.WebGUI.Server\Gizmox.WebGUI.Server.csproj]
C:\Projects\VWG\NetCore\Gizmox.WebGUI.Server\Gizmox.WebGUI.Server.decompiled.cs(10457,4): warning SYSLIB0051: 'NameValueCollection.NameValueCollection(SerializationInfo, StreamingContext)' is obsolete: 'This API supports obsolete formatter-based serialization. It should not be called or extended by application code.' (https://aka.ms/dotnet-warnings/SYSLIB0051) [C:\Projects\VWG\NetCore\Gizmox.WebGUI.Server\Gizmox.WebGUI.Server.csproj]
C:\Projects\VWG\NetCore\Gizmox.WebGUI.Server\Gizmox.WebGUI.Server.decompiled.cs(2110,13): warning CS8603: Possible null reference return. [C:\Projects\VWG\NetCore\Gizmox.WebGUI.Server\Gizmox.WebGUI.Server.csproj]
C:\Projects\VWG\NetCore\Gizmox.WebGUI.Server\Gizmox.WebGUI.Server.decompiled.cs(2134,13): warning CS8603: Possible null reference return. [C:\Projects\VWG\NetCore\Gizmox.WebGUI.Server\Gizmox.WebGUI.Server.csproj]
C:\Projects\VWG\NetCore\Gizmox.WebGUI.Server\Gizmox.WebGUI.Server.decompiled.cs(2144,12): warning CS8603: Possible null reference return. [C:\Projects\VWG\NetCore\Gizmox.WebGUI.Server\Gizmox.WebGUI.Server.csproj]
C:\Projects\VWG\NetCore\Gizmox.WebGUI.Server\Gizmox.WebGUI.Server.decompiled.cs(2155,13): warning CS8603: Possible null reference return. [C:\Projects\VWG\NetCore\Gizmox.WebGUI.Server\Gizmox.WebGUI.Server.csproj]
C:\Projects\VWG\NetCore\Gizmox.WebGUI.Server\Gizmox.WebGUI.Server.decompiled.cs(2179,13): warning CS8603: Possible null reference return. [C:\Projects\VWG\NetCore\Gizmox.WebGUI.Server\Gizmox.WebGUI.Server.csproj]
C:\Projects\VWG\NetCore\Gizmox.WebGUI.Server\Gizmox.WebGUI.Server.decompiled.cs(2204,12): warning CS8603: Possible null reference return. [C:\Projects\VWG\NetCore\Gizmox.WebGUI.Server\Gizmox.WebGUI.Server.csproj]
C:\Projects\VWG\NetCore\Gizmox.WebGUI.Server\Gizmox.WebGUI.Server.decompiled.cs(2216,13): warning CS8603: Possible null reference return. [C:\Projects\VWG\NetCore\Gizmox.WebGUI.Server\Gizmox.WebGUI.Server.csproj]
C:\Projects\VWG\NetCore\Gizmox.WebGUI.Server\Gizmox.WebGUI.Server.decompiled.cs(8054,21): warning CS0168: The variable 'ex' is declared but never used [C:\Projects\VWG\NetCore\Gizmox.WebGUI.Server\Gizmox.WebGUI.Server.csproj]
C:\Projects\VWG\NetCore\Gizmox.WebGUI.Server\Gizmox.WebGUI.Server.decompiled.cs(2280,13): warning CS8603: Possible null reference return. [C:\Projects\VWG\NetCore\Gizmox.WebGUI.Server\Gizmox.WebGUI.Server.csproj]
C:\Projects\VWG\NetCore\Gizmox.WebGUI.Server\Gizmox.WebGUI.Server.decompiled.cs(13623,13): warning CS8603: Possible null reference return. [C:\Projects\VWG\NetCore\Gizmox.WebGUI.Server\Gizmox.WebGUI.Server.csproj]
C:\Projects\VWG\NetCore\Gizmox.WebGUI.Server\Gizmox.WebGUI.Server.decompiled.cs(5128,13): warning CS8603: Possible null reference return. [C:\Projects\VWG\NetCore\Gizmox.WebGUI.Server\Gizmox.WebGUI.Server.csproj]
C:\Projects\VWG\NetCore\Gizmox.WebGUI.Server\Gizmox.WebGUI.Server.decompiled.cs(5138,12): warning CS8603: Possible null reference return. [C:\Projects\VWG\NetCore\Gizmox.WebGUI.Server\Gizmox.WebGUI.Server.csproj]
C:\Projects\VWG\NetCore\Gizmox.WebGUI.Server\Gizmox.WebGUI.Server.decompiled.cs(5148,12): warning CS8603: Possible null reference return. [C:\Projects\VWG\NetCore\Gizmox.WebGUI.Server\Gizmox.WebGUI.Server.csproj]
C:\Projects\VWG\NetCore\Gizmox.WebGUI.Server\Gizmox.WebGUI.Server.decompiled.cs(14558,46): warning CS8600: Converting null literal or possible null value to non-nullable type. [C:\Projects\VWG\NetCore\Gizmox.WebGUI.Server\Gizmox.WebGUI.Server.csproj]
C:\Projects\VWG\NetCore\Gizmox.WebGUI.Server\Gizmox.WebGUI.Server.decompiled.cs(14562,81): warning CS8600: Converting null literal or possible null value to non-nullable type. [C:\Projects\VWG\NetCore\Gizmox.WebGUI.Server\Gizmox.WebGUI.Server.csproj]
C:\Projects\VWG\NetCore\Gizmox.WebGUI.Server\Gizmox.WebGUI.Server.decompiled.cs(14574,83): warning CS8600: Converting null literal or possible null value to non-nullable type. [C:\Projects\VWG\NetCore\Gizmox.WebGUI.Server\Gizmox.WebGUI.Server.csproj]
C:\Projects\VWG\NetCore\Gizmox.WebGUI.Server\Gizmox.WebGUI.Server.decompiled.cs(5275,38): warning CS8603: Possible null reference return. [C:\Projects\VWG\NetCore\Gizmox.WebGUI.Server\Gizmox.WebGUI.Server.csproj]
C:\Projects\VWG\NetCore\Gizmox.WebGUI.Server\Gizmox.WebGUI.Server.decompiled.cs(12833,11): warning CS8603: Possible null reference return. [C:\Projects\VWG\NetCore\Gizmox.WebGUI.Server\Gizmox.WebGUI.Server.csproj]
C:\Projects\VWG\NetCore\Gizmox.WebGUI.Server\Gizmox.WebGUI.Server.decompiled.cs(5281,12): warning CS8603: Possible null reference return. [C:\Projects\VWG\NetCore\Gizmox.WebGUI.Server\Gizmox.WebGUI.Server.csproj]
C:\Projects\VWG\NetCore\Gizmox.WebGUI.Server\Gizmox.WebGUI.Server.decompiled.cs(5293,12): warning CS8603: Possible null reference return. [C:\Projects\VWG\NetCore\Gizmox.WebGUI.Server\Gizmox.WebGUI.Server.csproj]
C:\Projects\VWG\NetCore\Gizmox.WebGUI.Server\Gizmox.WebGUI.Server.decompiled.cs(14619,11): warning CS8603: Possible null reference return. [C:\Projects\VWG\NetCore\Gizmox.WebGUI.Server\Gizmox.WebGUI.Server.csproj]
C:\Projects\VWG\NetCore\Gizmox.WebGUI.Server\Gizmox.WebGUI.Server.decompiled.cs(5338,12): warning CS8603: Possible null reference return. [C:\Projects\VWG\NetCore\Gizmox.WebGUI.Server\Gizmox.WebGUI.Server.csproj]
C:\Projects\VWG\NetCore\Gizmox.WebGUI.Server\Gizmox.WebGUI.Server.decompiled.cs(5371,18): warning CS8600: Converting null literal or possible null value to non-nullable type. [C:\Projects\VWG\NetCore\Gizmox.WebGUI.Server\Gizmox.WebGUI.Server.csproj]
C:\Projects\VWG\NetCore\Gizmox.WebGUI.Server\Gizmox.WebGUI.Server.decompiled.cs(5381,12): warning CS8603: Possible null reference return. [C:\Projects\VWG\NetCore\Gizmox.WebGUI.Server\Gizmox.WebGUI.Server.csproj]
C:\Projects\VWG\NetCore\Gizmox.WebGUI.Server\Gizmox.WebGUI.Server.decompiled.cs(12387,32): warning CS8600: Converting null literal or possible null value to non-nullable type. [C:\Projects\VWG\NetCore\Gizmox.WebGUI.Server\Gizmox.WebGUI.Server.csproj]
C:\Projects\VWG\NetCore\Gizmox.WebGUI.Server\Gizmox.WebGUI.Server.decompiled.cs(2682,12): warning CS8603: Possible null reference return. [C:\Projects\VWG\NetCore\Gizmox.WebGUI.Server\Gizmox.WebGUI.Server.csproj]
C:\Projects\VWG\NetCore\Gizmox.WebGUI.Server\Gizmox.WebGUI.Server.decompiled.cs(2709,22): warning CS8625: Cannot convert null literal to non-nullable reference type. [C:\Projects\VWG\NetCore\Gizmox.WebGUI.Server\Gizmox.WebGUI.Server.csproj]
C:\Projects\VWG\NetCore\Gizmox.WebGUI.Server\Gizmox.WebGUI.Server.decompiled.cs(8238,53): warning CS8602: Dereference of a possibly null reference. [C:\Projects\VWG\NetCore\Gizmox.WebGUI.Server\Gizmox.WebGUI.Server.csproj]
C:\Projects\VWG\NetCore\Gizmox.WebGUI.Server\Gizmox.WebGUI.Server.decompiled.cs(12463,33): warning CS8600: Converting null literal or possible null value to non-nullable type. [C:\Projects\VWG\NetCore\Gizmox.WebGUI.Server\Gizmox.WebGUI.Server.csproj]
C:\Projects\VWG\NetCore\Gizmox.WebGUI.Server\Gizmox.WebGUI.Server.decompiled.cs(13193,9): warning SYSLIB0003: 'FileIOPermission' is obsolete: 'Code Access Security is not supported or honored by the runtime.' (https://aka.ms/dotnet-warnings/SYSLIB0003) [C:\Projects\VWG\NetCore\Gizmox.WebGUI.Server\Gizmox.WebGUI.Server.csproj]
C:\Projects\VWG\NetCore\Gizmox.WebGUI.Server\Gizmox.WebGUI.Server.decompiled.cs(13193,26): warning SYSLIB0003: 'FileIOPermissionAccess' is obsolete: 'Code Access Security is not supported or honored by the runtime.' (https://aka.ms/dotnet-warnings/SYSLIB0003) [C:\Projects\VWG\NetCore\Gizmox.WebGUI.Server\Gizmox.WebGUI.Server.csproj]
C:\Projects\VWG\NetCore\Gizmox.WebGUI.Server\Gizmox.WebGUI.Server.decompiled.cs(2724,22): warning CS8600: Converting null literal or possible null value to non-nullable type. [C:\Projects\VWG\NetCore\Gizmox.WebGUI.Server\Gizmox.WebGUI.Server.csproj]
C:\Projects\VWG\NetCore\Gizmox.WebGUI.Server\Gizmox.WebGUI.Server.decompiled.cs(2756,47): warning CS8600: Converting null literal or possible null value to non-nullable type. [C:\Projects\VWG\NetCore\Gizmox.WebGUI.Server\Gizmox.WebGUI.Server.csproj]
C:\Projects\VWG\NetCore\Gizmox.WebGUI.Server\Gizmox.WebGUI.Server.decompiled.cs(2758,25): warning CS8604: Possible null reference argument for parameter 'objLinkParameters' in 'string Context.GetLinkUrl(ILink objLink, ILinkParameters objLinkParameters)'. [C:\Projects\VWG\NetCore\Gizmox.WebGUI.Server\Gizmox.WebGUI.Server.csproj]
C:\Projects\VWG\NetCore\Gizmox.WebGUI.Server\Gizmox.WebGUI.Server.decompiled.cs(2762,21): warning CS8604: Possible null reference argument for parameter 'objLinkParameters' in 'string Context.GetOpenLinkMode(ILinkParameters objLinkParameters)'. [C:\Projects\VWG\NetCore\Gizmox.WebGUI.Server\Gizmox.WebGUI.Server.csproj]
C:\Projects\VWG\NetCore\Gizmox.WebGUI.Server\Gizmox.WebGUI.Server.decompiled.cs(10018,29): warning CS8600: Converting null literal or possible null value to non-nullable type. [C:\Projects\VWG\NetCore\Gizmox.WebGUI.Server\Gizmox.WebGUI.Server.csproj]
C:\Projects\VWG\NetCore\Gizmox.WebGUI.Server\Gizmox.WebGUI.Server.decompiled.cs(11878,28): warning CS8600: Converting null literal or possible null value to non-nullable type. [C:\Projects\VWG\NetCore\Gizmox.WebGUI.Server\Gizmox.WebGUI.Server.csproj]
C:\Projects\VWG\NetCore\Gizmox.WebGUI.Server\Gizmox.WebGUI.Server.decompiled.cs(5759,11): warning CS8603: Possible null reference return. [C:\Projects\VWG\NetCore\Gizmox.WebGUI.Server\Gizmox.WebGUI.Server.csproj]
C:\Projects\VWG\NetCore\Gizmox.WebGUI.Server\Gizmox.WebGUI.Server.decompiled.cs(12625,19): warning CS8600: Converting null literal or possible null value to non-nullable type. [C:\Projects\VWG\NetCore\Gizmox.WebGUI.Server\Gizmox.WebGUI.Server.csproj]
C:\Projects\VWG\NetCore\Gizmox.WebGUI.Server\Gizmox.WebGUI.Server.decompiled.cs(12645,34): warning CS8600: Converting null literal or possible null value to non-nullable type. [C:\Projects\VWG\NetCore\Gizmox.WebGUI.Server\Gizmox.WebGUI.Server.csproj]
C:\Projects\VWG\NetCore\Gizmox.WebGUI.Server\Gizmox.WebGUI.Server.decompiled.cs(5849,8): warning CS8602: Dereference of a possibly null reference. [C:\Projects\VWG\NetCore\Gizmox.WebGUI.Server\Gizmox.WebGUI.Server.csproj]
C:\Projects\VWG\NetCore\Gizmox.WebGUI.Server\Gizmox.WebGUI.Server.decompiled.cs(5949,11): warning CS8603: Possible null reference return. [C:\Projects\VWG\NetCore\Gizmox.WebGUI.Server\Gizmox.WebGUI.Server.csproj]
C:\Projects\VWG\NetCore\Gizmox.WebGUI.Server\Gizmox.WebGUI.Server.decompiled.cs(5957,12): warning CS8603: Possible null reference return. [C:\Projects\VWG\NetCore\Gizmox.WebGUI.Server\Gizmox.WebGUI.Server.csproj]
C:\Projects\VWG\NetCore\Gizmox.WebGUI.Server\Gizmox.WebGUI.Server.decompiled.cs(10151,28): warning CS8600: Converting null literal or possible null value to non-nullable type. [C:\Projects\VWG\NetCore\Gizmox.WebGUI.Server\Gizmox.WebGUI.Server.csproj]
C:\Projects\VWG\NetCore\Gizmox.WebGUI.Server\Gizmox.WebGUI.Server.decompiled.cs(10154,30): warning CS8600: Converting null literal or possible null value to non-nullable type. [C:\Projects\VWG\NetCore\Gizmox.WebGUI.Server\Gizmox.WebGUI.Server.csproj]
C:\Projects\VWG\NetCore\Gizmox.WebGUI.Server\Gizmox.WebGUI.Server.decompiled.cs(10185,29): warning CS8600: Converting null literal or possible null value to non-nullable type. [C:\Projects\VWG\NetCore\Gizmox.WebGUI.Server\Gizmox.WebGUI.Server.csproj]
C:\Projects\VWG\NetCore\Gizmox.WebGUI.Server\Gizmox.WebGUI.Server.decompiled.cs(6123,48): warning CS8604: Possible null reference argument for parameter 'strBrowserId' in 'MappedFormInfo ContextContainer.GetMappedFormInfo(Type objSourceFormType, string strBrowserId)'. [C:\Projects\VWG\NetCore\Gizmox.WebGUI.Server\Gizmox.WebGUI.Server.csproj]
C:\Projects\VWG\NetCore\Gizmox.WebGUI.Server\Gizmox.WebGUI.Server.decompiled.cs(2983,4): warning CS8602: Dereference of a possibly null reference. [C:\Projects\VWG\NetCore\Gizmox.WebGUI.Server\Gizmox.WebGUI.Server.csproj]
C:\Projects\VWG\NetCore\Gizmox.WebGUI.Server\Gizmox.WebGUI.Server.decompiled.cs(6128,36): warning CS8600: Converting null literal or possible null value to non-nullable type. [C:\Projects\VWG\NetCore\Gizmox.WebGUI.Server\Gizmox.WebGUI.Server.csproj]
C:\Projects\VWG\NetCore\Gizmox.WebGUI.Server\Gizmox.WebGUI.Server.decompiled.cs(6230,11): warning CS8603: Possible null reference return. [C:\Projects\VWG\NetCore\Gizmox.WebGUI.Server\Gizmox.WebGUI.Server.csproj]
C:\Projects\VWG\NetCore\Gizmox.WebGUI.Server\Gizmox.WebGUI.Server.decompiled.cs(6247,11): warning CS8603: Possible null reference return. [C:\Projects\VWG\NetCore\Gizmox.WebGUI.Server\Gizmox.WebGUI.Server.csproj]
C:\Projects\VWG\NetCore\Gizmox.WebGUI.Server\Gizmox.WebGUI.Server.decompiled.cs(8837,15): warning CS8604: Possible null reference argument for parameter 'strSource' in 'void Response.WriteError(string strSource, string strMessage, ref IResponseWriter objResponseWriter)'. [C:\Projects\VWG\NetCore\Gizmox.WebGUI.Server\Gizmox.WebGUI.Server.csproj]
C:\Projects\VWG\NetCore\Gizmox.WebGUI.Server\Gizmox.WebGUI.Server.decompiled.cs(418,25): warning CS8601: Possible null reference assignment. [C:\Projects\VWG\NetCore\Gizmox.WebGUI.Server\Gizmox.WebGUI.Server.csproj]
C:\Projects\VWG\NetCore\Gizmox.WebGUI.Server\Gizmox.WebGUI.Server.decompiled.cs(452,26): warning CS8601: Possible null reference assignment. [C:\Projects\VWG\NetCore\Gizmox.WebGUI.Server\Gizmox.WebGUI.Server.csproj]
C:\Projects\VWG\NetCore\Gizmox.WebGUI.Server\Gizmox.WebGUI.Server.decompiled.cs(6268,22): warning CS8600: Converting null literal or possible null value to non-nullable type. [C:\Projects\VWG\NetCore\Gizmox.WebGUI.Server\Gizmox.WebGUI.Server.csproj]
C:\Projects\VWG\NetCore\Gizmox.WebGUI.Server\Gizmox.WebGUI.Server.decompiled.cs(6269,37): warning CS8604: Possible null reference argument for parameter 'key' in 'bool Dictionary<string, FormAccessMode>.ContainsKey(string key)'. [C:\Projects\VWG\NetCore\Gizmox.WebGUI.Server\Gizmox.WebGUI.Server.csproj]
C:\Projects\VWG\NetCore\Gizmox.WebGUI.Server\Gizmox.WebGUI.Server.decompiled.cs(9804,19): warning CS8600: Converting null literal or possible null value to non-nullable type. [C:\Projects\VWG\NetCore\Gizmox.WebGUI.Server\Gizmox.WebGUI.Server.csproj]
C:\Projects\VWG\NetCore\Gizmox.WebGUI.Server\Gizmox.WebGUI.Server.decompiled.cs(9622,27): warning CS8600: Converting null literal or possible null value to non-nullable type. [C:\Projects\VWG\NetCore\Gizmox.WebGUI.Server\Gizmox.WebGUI.Server.csproj]
C:\Projects\VWG\NetCore\Gizmox.WebGUI.Server\Gizmox.WebGUI.Server.decompiled.cs(6405,46): warning CS8600: Converting null literal or possible null value to non-nullable type. [C:\Projects\VWG\NetCore\Gizmox.WebGUI.Server\Gizmox.WebGUI.Server.csproj]
C:\Projects\VWG\NetCore\Gizmox.WebGUI.Server\Gizmox.WebGUI.Server.decompiled.cs(6408,27): warning CS8600: Converting null literal or possible null value to non-nullable type. [C:\Projects\VWG\NetCore\Gizmox.WebGUI.Server\Gizmox.WebGUI.Server.csproj]
C:\Projects\VWG\NetCore\Gizmox.WebGUI.Server\Gizmox.WebGUI.Server.decompiled.cs(6420,30): warning CS8600: Converting null literal or possible null value to non-nullable type. [C:\Projects\VWG\NetCore\Gizmox.WebGUI.Server\Gizmox.WebGUI.Server.csproj]
C:\Projects\VWG\NetCore\Gizmox.WebGUI.Server\Gizmox.WebGUI.Server.decompiled.cs(778,4): warning CS8602: Dereference of a possibly null reference. [C:\Projects\VWG\NetCore\Gizmox.WebGUI.Server\Gizmox.WebGUI.Server.csproj]
C:\Projects\VWG\NetCore\Gizmox.WebGUI.Server\Gizmox.WebGUI.Server.decompiled.cs(9170,18): warning CS8600: Converting null literal or possible null value to non-nullable type. [C:\Projects\VWG\NetCore\Gizmox.WebGUI.Server\Gizmox.WebGUI.Server.csproj]
C:\Projects\VWG\NetCore\Gizmox.WebGUI.Server\Gizmox.WebGUI.Server.decompiled.cs(3773,17): warning CS8600: Converting null literal or possible null value to non-nullable type. [C:\Projects\VWG\NetCore\Gizmox.WebGUI.Server\Gizmox.WebGUI.Server.csproj]
C:\Projects\VWG\NetCore\Gizmox.WebGUI.Server\Gizmox.WebGUI.Server.decompiled.cs(3783,17): warning CS8600: Converting null literal or possible null value to non-nullable type. [C:\Projects\VWG\NetCore\Gizmox.WebGUI.Server\Gizmox.WebGUI.Server.csproj]
C:\Projects\VWG\NetCore\Gizmox.WebGUI.Server\Gizmox.WebGUI.Server.decompiled.cs(3812,11): warning CS8603: Possible null reference return. [C:\Projects\VWG\NetCore\Gizmox.WebGUI.Server\Gizmox.WebGUI.Server.csproj]
C:\Projects\VWG\NetCore\Gizmox.WebGUI.Server\Gizmox.WebGUI.Server.decompiled.cs(3819,17): warning CS8600: Converting null literal or possible null value to non-nullable type. [C:\Projects\VWG\NetCore\Gizmox.WebGUI.Server\Gizmox.WebGUI.Server.csproj]
C:\Projects\VWG\NetCore\Gizmox.WebGUI.Server\Gizmox.WebGUI.Server.decompiled.cs(3825,17): warning CS8600: Converting null literal or possible null value to non-nullable type. [C:\Projects\VWG\NetCore\Gizmox.WebGUI.Server\Gizmox.WebGUI.Server.csproj]
C:\Projects\VWG\NetCore\Gizmox.WebGUI.Server\Gizmox.WebGUI.Server.decompiled.cs(3832,18): warning CS8600: Converting null literal or possible null value to non-nullable type. [C:\Projects\VWG\NetCore\Gizmox.WebGUI.Server\Gizmox.WebGUI.Server.csproj]
C:\Projects\VWG\NetCore\Gizmox.WebGUI.Server\Gizmox.WebGUI.Server.decompiled.cs(3849,16): warning CS8600: Converting null literal or possible null value to non-nullable type. [C:\Projects\VWG\NetCore\Gizmox.WebGUI.Server\Gizmox.WebGUI.Server.csproj]
C:\Projects\VWG\NetCore\Gizmox.WebGUI.Server\Gizmox.WebGUI.Server.decompiled.cs(3853,37): warning CS8604: Possible null reference argument for parameter 'strType' in 'IForm Context.CreateForm(string strPage, string strType, params object[] arrArguments)'. [C:\Projects\VWG\NetCore\Gizmox.WebGUI.Server\Gizmox.WebGUI.Server.csproj]
C:\Projects\VWG\NetCore\Gizmox.WebGUI.Server\Gizmox.WebGUI.Server.decompiled.cs(3868,11): warning CS8603: Possible null reference return. [C:\Projects\VWG\NetCore\Gizmox.WebGUI.Server\Gizmox.WebGUI.Server.csproj]
C:\Projects\VWG\NetCore\Gizmox.WebGUI.Server\Gizmox.WebGUI.Server.decompiled.cs(3860,21): warning CS0168: The variable 'ex' is declared but never used [C:\Projects\VWG\NetCore\Gizmox.WebGUI.Server\Gizmox.WebGUI.Server.csproj]
C:\Projects\VWG\NetCore\Gizmox.WebGUI.Server\Gizmox.WebGUI.Server.decompiled.cs(3873,17): warning CS8600: Converting null literal or possible null value to non-nullable type. [C:\Projects\VWG\NetCore\Gizmox.WebGUI.Server\Gizmox.WebGUI.Server.csproj]
C:\Projects\VWG\NetCore\Gizmox.WebGUI.Server\Gizmox.WebGUI.Server.decompiled.cs(3880,17): warning CS8600: Converting null literal or possible null value to non-nullable type. [C:\Projects\VWG\NetCore\Gizmox.WebGUI.Server\Gizmox.WebGUI.Server.csproj]
C:\Projects\VWG\NetCore\Gizmox.WebGUI.Server\Gizmox.WebGUI.Server.decompiled.cs(3893,13): warning CS8600: Converting null literal or possible null value to non-nullable type. [C:\Projects\VWG\NetCore\Gizmox.WebGUI.Server\Gizmox.WebGUI.Server.csproj]
C:\Projects\VWG\NetCore\Gizmox.WebGUI.Server\Gizmox.WebGUI.Server.decompiled.cs(3900,14): warning CS8600: Converting null literal or possible null value to non-nullable type. [C:\Projects\VWG\NetCore\Gizmox.WebGUI.Server\Gizmox.WebGUI.Server.csproj]
C:\Projects\VWG\NetCore\Gizmox.WebGUI.Server\Gizmox.WebGUI.Server.decompiled.cs(3904,11): warning CS8603: Possible null reference return. [C:\Projects\VWG\NetCore\Gizmox.WebGUI.Server\Gizmox.WebGUI.Server.csproj]
C:\Projects\VWG\NetCore\Gizmox.WebGUI.Server\Gizmox.WebGUI.Server.decompiled.cs(3928,11): warning CS8603: Possible null reference return. [C:\Projects\VWG\NetCore\Gizmox.WebGUI.Server\Gizmox.WebGUI.Server.csproj]
C:\Projects\VWG\NetCore\Gizmox.WebGUI.Server\Gizmox.WebGUI.Server.decompiled.cs(9266,52): warning CS8625: Cannot convert null literal to non-nullable reference type. [C:\Projects\VWG\NetCore\Gizmox.WebGUI.Server\Gizmox.WebGUI.Server.csproj]
C:\Projects\VWG\NetCore\Gizmox.WebGUI.Server\Gizmox.WebGUI.Server.decompiled.cs(9281,52): warning CS8625: Cannot convert null literal to non-nullable reference type. [C:\Projects\VWG\NetCore\Gizmox.WebGUI.Server\Gizmox.WebGUI.Server.csproj]
C:\Projects\VWG\NetCore\Gizmox.WebGUI.Server\Gizmox.WebGUI.Server.decompiled.cs(4078,47): warning CS8600: Converting null literal or possible null value to non-nullable type. [C:\Projects\VWG\NetCore\Gizmox.WebGUI.Server\Gizmox.WebGUI.Server.csproj]
C:\Projects\VWG\NetCore\Gizmox.WebGUI.Server\Gizmox.WebGUI.Server.decompiled.cs(4098,12): warning CS8603: Possible null reference return. [C:\Projects\VWG\NetCore\Gizmox.WebGUI.Server\Gizmox.WebGUI.Server.csproj]
C:\Projects\VWG\NetCore\Gizmox.WebGUI.Server\Gizmox.WebGUI.Server.decompiled.cs(4131,11): warning CS8603: Possible null reference return. [C:\Projects\VWG\NetCore\Gizmox.WebGUI.Server\Gizmox.WebGUI.Server.csproj]
C:\Projects\VWG\NetCore\Gizmox.WebGUI.Server\Gizmox.WebGUI.Server.decompiled.cs(4174,12): warning CS8603: Possible null reference return. [C:\Projects\VWG\NetCore\Gizmox.WebGUI.Server\Gizmox.WebGUI.Server.csproj]
C:\Projects\VWG\NetCore\Gizmox.WebGUI.Server\Gizmox.WebGUI.Server.decompiled.cs(4184,12): warning CS8603: Possible null reference return. [C:\Projects\VWG\NetCore\Gizmox.WebGUI.Server\Gizmox.WebGUI.Server.csproj]
C:\Projects\VWG\NetCore\Gizmox.WebGUI.Server\Gizmox.WebGUI.Server.decompiled.cs(4197,34): warning CS8600: Converting null literal or possible null value to non-nullable type. [C:\Projects\VWG\NetCore\Gizmox.WebGUI.Server\Gizmox.WebGUI.Server.csproj]
C:\Projects\VWG\NetCore\Gizmox.WebGUI.Server\Gizmox.WebGUI.Server.decompiled.cs(4231,23): warning CS8600: Converting null literal or possible null value to non-nullable type. [C:\Projects\VWG\NetCore\Gizmox.WebGUI.Server\Gizmox.WebGUI.Server.csproj]
C:\Projects\VWG\NetCore\Gizmox.WebGUI.Server\Gizmox.WebGUI.Server.decompiled.cs(4232,29): warning CS8600: Converting null literal or possible null value to non-nullable type. [C:\Projects\VWG\NetCore\Gizmox.WebGUI.Server\Gizmox.WebGUI.Server.csproj]
C:\Projects\VWG\NetCore\Gizmox.WebGUI.Server\Gizmox.WebGUI.Server.decompiled.cs(4233,14): warning CS8602: Dereference of a possibly null reference. [C:\Projects\VWG\NetCore\Gizmox.WebGUI.Server\Gizmox.WebGUI.Server.csproj]
C:\Projects\VWG\NetCore\Gizmox.WebGUI.Server\Gizmox.WebGUI.Server.decompiled.cs(4251,26): warning CS8600: Converting null literal or possible null value to non-nullable type. [C:\Projects\VWG\NetCore\Gizmox.WebGUI.Server\Gizmox.WebGUI.Server.csproj]
C:\Projects\VWG\NetCore\Gizmox.WebGUI.Server\Gizmox.WebGUI.Server.decompiled.cs(4255,4): warning CS8602: Dereference of a possibly null reference. [C:\Projects\VWG\NetCore\Gizmox.WebGUI.Server\Gizmox.WebGUI.Server.csproj]
C:\Projects\VWG\NetCore\Gizmox.WebGUI.Server\Gizmox.WebGUI.Server.decompiled.cs(4256,4): warning CS8602: Dereference of a possibly null reference. [C:\Projects\VWG\NetCore\Gizmox.WebGUI.Server\Gizmox.WebGUI.Server.csproj]
C:\Projects\VWG\NetCore\Gizmox.WebGUI.Server\Gizmox.WebGUI.Server.decompiled.cs(4354,34): warning CS8600: Converting null literal or possible null value to non-nullable type. [C:\Projects\VWG\NetCore\Gizmox.WebGUI.Server\Gizmox.WebGUI.Server.csproj]
C:\Projects\VWG\NetCore\Gizmox.WebGUI.Server\Gizmox.WebGUI.Server.decompiled.cs(4393,12): warning CS8603: Possible null reference return. [C:\Projects\VWG\NetCore\Gizmox.WebGUI.Server\Gizmox.WebGUI.Server.csproj]
C:\Projects\VWG\NetCore\Gizmox.WebGUI.Server\Gizmox.WebGUI.Server.decompiled.cs(12151,46): warning CS0169: The field 'c78e5c1fcf0436550622498d41cad2569.c2b5ce7f7a0d2fd0cf5c029026ff5edce' is never used [C:\Projects\VWG\NetCore\Gizmox.WebGUI.Server\Gizmox.WebGUI.Server.csproj]
C:\Projects\VWG\NetCore\Gizmox.WebGUI.Server\Gizmox.WebGUI.Server.decompiled.cs(4573,16): warning CS0169: The field 'ContextContainer.mblnSupportBorderRadius' is never used [C:\Projects\VWG\NetCore\Gizmox.WebGUI.Server\Gizmox.WebGUI.Server.csproj]
C:\Projects\VWG\NetCore\Gizmox.WebGUI.Server\Gizmox.WebGUI.Server.decompiled.cs(4606,63): warning CS0169: The field 'ContextContainer.mobjVisualTemplatesData' is never used [C:\Projects\VWG\NetCore\Gizmox.WebGUI.Server\Gizmox.WebGUI.Server.csproj]
C:\Projects\VWG\NetCore\Gizmox.WebGUI.Server\Gizmox.WebGUI.Server.decompiled.cs(17278,62): warning CS0649: Field 'c03836b967832c5af40c98cf7300bc21d.ce668bbbb6572e5ef53619f9d283bb280' is never assigned to, and will always have its default value [C:\Projects\VWG\NetCore\Gizmox.WebGUI.Server\Gizmox.WebGUI.Server.csproj]
C:\Projects\VWG\NetCore\Gizmox.WebGUI.Server\Gizmox.WebGUI.Server.decompiled.cs(13599,16): warning CS0169: The field 'cace92c1d33698dcd2e5827f7129bb7f3.cc77c92d8719a2d4aa7946c176fa59c60' is never used [C:\Projects\VWG\NetCore\Gizmox.WebGUI.Server\Gizmox.WebGUI.Server.csproj]
C:\Projects\VWG\NetCore\Gizmox.WebGUI.Server\Gizmox.WebGUI.Server.decompiled.cs(122,15): warning CS0414: The field 'c1aa09394d9e776d366c1c429ca623754.c55bfa65df757cfb294c5ff88a1faba92' is assigned but its value is never used [C:\Projects\VWG\NetCore\Gizmox.WebGUI.Server\Gizmox.WebGUI.Server.csproj]
C:\Projects\VWG\NetCore\Gizmox.WebGUI.Server\Gizmox.WebGUI.Server.decompiled.cs(13595,16): warning CS0414: The field 'cace92c1d33698dcd2e5827f7129bb7f3.cd93a432034cb723db2c915f775f979e0' is assigned but its value is never used [C:\Projects\VWG\NetCore\Gizmox.WebGUI.Server\Gizmox.WebGUI.Server.csproj]
C:\Projects\VWG\NetCore\Gizmox.WebGUI.Server\Gizmox.WebGUI.Server.decompiled.cs(10816,28): warning CS0414: The field 'c161856d0e44a0e392f8f2936b6dd3011.c59e1f2bb25a053d476118c5de9e86166' is assigned but its value is never used [C:\Projects\VWG\NetCore\Gizmox.WebGUI.Server\Gizmox.WebGUI.Server.csproj]
C:\Projects\VWG\NetCore\Gizmox.WebGUI.Server\Gizmox.WebGUI.Server.decompiled.cs(124,15): warning CS0414: The field 'c1aa09394d9e776d366c1c429ca623754.c4a0ebb17332b8bf5b4947dd1ed6f7b28' is assigned but its value is never used [C:\Projects\VWG\NetCore\Gizmox.WebGUI.Server\Gizmox.WebGUI.Server.csproj]
C:\Projects\VWG\NetCore\Gizmox.WebGUI.Server\Gizmox.WebGUI.Server.decompiled.cs(8485,25): warning CS0414: The field 'Request.mobjDocument' is assigned but its value is never used [C:\Projects\VWG\NetCore\Gizmox.WebGUI.Server\Gizmox.WebGUI.Server.csproj]
    161 Warning(s)
    0 Error(s)

Time Elapsed 00:00:38.93
