  Determining projects to restore...
  All projects are up-to-date for restore.
C:\Projects\VWG\NetCore\Gizmox.WebGUI.Common\Generated\Gizmox\WebGUI\Forms\Skins\Resources\BrowserCapabilities.cs(109,15): warning CS0659: 'BrowserCapabilities' overrides Object.Equals(object o) but does not override Object.GetHashCode() [C:\Projects\VWG\NetCore\Gizmox.WebGUI.Common\Gizmox.WebGUI.Common.csproj]
C:\Projects\VWG\NetCore\Gizmox.WebGUI.Common\Generated\Gizmox\WebGUI\Common\Tokens\Xslt\XsltTokenReader.cs(171,10): warning CS0219: The variable 'token' is assigned but its value is never used [C:\Projects\VWG\NetCore\Gizmox.WebGUI.Common\Gizmox.WebGUI.Common.csproj]
C:\Projects\VWG\NetCore\Gizmox.WebGUI.Common\Generated\Gizmox\WebGUI\Common\Tokens\Xml\XmlTokenReader.cs(147,20): warning CS0219: The variable 'xmlTokenContext' is assigned but its value is never used [C:\Projects\VWG\NetCore\Gizmox.WebGUI.Common\Gizmox.WebGUI.Common.csproj]
C:\Projects\VWG\NetCore\Gizmox.WebGUI.Common\Generated\A\TC.cs(120,5): warning SYSLIB0021: 'DESCryptoServiceProvider' is obsolete: 'Derived cryptographic types are obsolete. Use the Create method on the base type instead.' (https://aka.ms/dotnet-warnings/SYSLIB0021) [C:\Projects\VWG\NetCore\Gizmox.WebGUI.Common\Gizmox.WebGUI.Common.csproj]
C:\Projects\VWG\NetCore\Gizmox.WebGUI.Common\Generated\A\TC.cs(120,61): warning SYSLIB0021: 'DESCryptoServiceProvider' is obsolete: 'Derived cryptographic types are obsolete. Use the Create method on the base type instead.' (https://aka.ms/dotnet-warnings/SYSLIB0021) [C:\Projects\VWG\NetCore\Gizmox.WebGUI.Common\Gizmox.WebGUI.Common.csproj]
C:\Projects\VWG\NetCore\Gizmox.WebGUI.Common\Generated\Gizmox\WebGUI\Common\Tokens\Xml\XmlContentTokenReader.cs(127,10): warning CS0219: The variable 'token' is assigned but its value is never used [C:\Projects\VWG\NetCore\Gizmox.WebGUI.Common\Gizmox.WebGUI.Common.csproj]
C:\Projects\VWG\NetCore\Gizmox.WebGUI.Common\Generated\Gizmox\WebGUI\CommonUtils.cs(3105,20): warning SYSLIB0041: 'Rfc2898DeriveBytes.Rfc2898DeriveBytes(string, byte[])' is obsolete: 'The default hash algorithm and iteration counts in Rfc2898DeriveBytes constructors are outdated and insecure. Use a constructor that accepts the hash algorithm and the number of iterations.' (https://aka.ms/dotnet-warnings/SYSLIB0041) [C:\Projects\VWG\NetCore\Gizmox.WebGUI.Common\Gizmox.WebGUI.Common.csproj]
C:\Projects\VWG\NetCore\Gizmox.WebGUI.Common\Generated\Gizmox\WebGUI\CommonUtils.cs(3106,37): warning SYSLIB0022: 'RijndaelManaged' is obsolete: 'The Rijndael and RijndaelManaged types are obsolete. Use Aes instead.' (https://aka.ms/dotnet-warnings/SYSLIB0022) [C:\Projects\VWG\NetCore\Gizmox.WebGUI.Common\Gizmox.WebGUI.Common.csproj]
C:\Projects\VWG\NetCore\Gizmox.WebGUI.Common\Generated\Gizmox\WebGUI\CommonUtils.cs(3155,20): warning SYSLIB0041: 'Rfc2898DeriveBytes.Rfc2898DeriveBytes(string, byte[])' is obsolete: 'The default hash algorithm and iteration counts in Rfc2898DeriveBytes constructors are outdated and insecure. Use a constructor that accepts the hash algorithm and the number of iterations.' (https://aka.ms/dotnet-warnings/SYSLIB0041) [C:\Projects\VWG\NetCore\Gizmox.WebGUI.Common\Gizmox.WebGUI.Common.csproj]
C:\Projects\VWG\NetCore\Gizmox.WebGUI.Common\Generated\Gizmox\WebGUI\CommonUtils.cs(3156,38): warning SYSLIB0022: 'RijndaelManaged' is obsolete: 'The Rijndael and RijndaelManaged types are obsolete. Use Aes instead.' (https://aka.ms/dotnet-warnings/SYSLIB0022) [C:\Projects\VWG\NetCore\Gizmox.WebGUI.Common\Gizmox.WebGUI.Common.csproj]
C:\Projects\VWG\NetCore\Gizmox.WebGUI.Common\Generated\Gizmox\WebGUI\Common\Tokens\TokenReader.cs(759,10): warning CS0219: The variable 'token' is assigned but its value is never used [C:\Projects\VWG\NetCore\Gizmox.WebGUI.Common\Gizmox.WebGUI.Common.csproj]
C:\Projects\VWG\NetCore\Gizmox.WebGUI.Common\Generated\Gizmox\WebGUI\Common\Resources\TypeResourceHandle.cs(241,37): warning CS0219: The variable 'resourceManager' is assigned but its value is never used [C:\Projects\VWG\NetCore\Gizmox.WebGUI.Common\Gizmox.WebGUI.Common.csproj]
C:\Projects\VWG\NetCore\Gizmox.WebGUI.Common\Generated\A\IC.cs(165,10): warning CS0219: The variable 'token' is assigned but its value is never used [C:\Projects\VWG\NetCore\Gizmox.WebGUI.Common\Gizmox.WebGUI.Common.csproj]
C:\Projects\VWG\NetCore\Gizmox.WebGUI.Common\Generated\A\I.cs(199,18): warning SYSLIB0012: 'Assembly.CodeBase' is obsolete: 'Assembly.CodeBase and Assembly.EscapedCodeBase are only included for .NET Framework compatibility. Use Assembly.Location.' (https://aka.ms/dotnet-warnings/SYSLIB0012) [C:\Projects\VWG\NetCore\Gizmox.WebGUI.Common\Gizmox.WebGUI.Common.csproj]
C:\Projects\VWG\NetCore\Gizmox.WebGUI.Common\Generated\Gizmox\WebGUI\Common\Tokens\Reg\RegTokenReader.cs(129,10): warning CS0219: The variable 'token' is assigned but its value is never used [C:\Projects\VWG\NetCore\Gizmox.WebGUI.Common\Gizmox.WebGUI.Common.csproj]
C:\Projects\VWG\NetCore\Gizmox.WebGUI.Common\Generated\Gizmox\WebGUI\Common\Resources\FileHandleCollection.cs(121,4): warning SYSLIB0051: 'NameObjectCollectionBase.NameObjectCollectionBase(SerializationInfo, StreamingContext)' is obsolete: 'This API supports obsolete formatter-based serialization. It should not be called or extended by application code.' (https://aka.ms/dotnet-warnings/SYSLIB0051) [C:\Projects\VWG\NetCore\Gizmox.WebGUI.Common\Gizmox.WebGUI.Common.csproj]
C:\Projects\VWG\NetCore\Gizmox.WebGUI.Common\Generated\Gizmox\WebGUI\Common\Tokens\Css\CssTokenReader.cs(129,10): warning CS0219: The variable 'token' is assigned but its value is never used [C:\Projects\VWG\NetCore\Gizmox.WebGUI.Common\Gizmox.WebGUI.Common.csproj]
C:\Projects\VWG\NetCore\Gizmox.WebGUI.Common\Generated\Gizmox\WebGUI\Forms\SerializableProperty.cs(164,11): warning SYSLIB0050: 'Type.IsSerializable' is obsolete: 'Formatter-based serialization is obsolete and should not be used.' (https://aka.ms/dotnet-warnings/SYSLIB0050) [C:\Projects\VWG\NetCore\Gizmox.WebGUI.Common\Gizmox.WebGUI.Common.csproj]
C:\Projects\VWG\NetCore\Gizmox.WebGUI.Common\Generated\Gizmox\WebGUI\Forms\Serialization\SerializableBitVector32.cs(204,19): warning CS0675: Bitwise-or operator used on a sign-extended operand; consider casting to a smaller unsigned type first [C:\Projects\VWG\NetCore\Gizmox.WebGUI.Common\Gizmox.WebGUI.Common.csproj]
C:\Projects\VWG\NetCore\Gizmox.WebGUI.Common\Generated\Gizmox\WebGUI\Forms\SerializationWriter.cs(313,14): warning SYSLIB0050: 'Type.IsSerializable' is obsolete: 'Formatter-based serialization is obsolete and should not be used.' (https://aka.ms/dotnet-warnings/SYSLIB0050) [C:\Projects\VWG\NetCore\Gizmox.WebGUI.Common\Gizmox.WebGUI.Common.csproj]
C:\Projects\VWG\NetCore\Gizmox.WebGUI.Common\Generated\Gizmox\WebGUI\Forms\Skins\SkinDataStore.cs(280,44): warning CS0168: The variable 'ex' is declared but never used [C:\Projects\VWG\NetCore\Gizmox.WebGUI.Common\Gizmox.WebGUI.Common.csproj]
C:\Projects\VWG\NetCore\Gizmox.WebGUI.Common\Generated\Gizmox\WebGUI\Common\Tokens\TokenReader.cs(123,15): warning CS0649: Field 'TokenReader.D' is never assigned to, and will always have its default value 0 [C:\Projects\VWG\NetCore\Gizmox.WebGUI.Common\Gizmox.WebGUI.Common.csproj]
C:\Projects\VWG\NetCore\Gizmox.WebGUI.Common\Generated\A\SC.cs(115,31): warning CS0649: Field 'SC.A' is never assigned to, and will always have its default value [C:\Projects\VWG\NetCore\Gizmox.WebGUI.Common\Gizmox.WebGUI.Common.csproj]
C:\Projects\VWG\NetCore\Gizmox.WebGUI.Common\Generated\Gizmox\WebGUI\Common\DeviceRepository\BrowserRepository.cs(625,26): warning CS0649: Field 'BrowserRepository.SystemCapabilityMatch.mobjCurrentBrowser' is never assigned to, and will always have its default value null [C:\Projects\VWG\NetCore\Gizmox.WebGUI.Common\Gizmox.WebGUI.Common.csproj]
C:\Projects\VWG\NetCore\Gizmox.WebGUI.Common\Generated\Gizmox\WebGUI\Hosting\HostContext.cs(118,21): warning CS0169: The field 'HostContext.mobjCache' is never used [C:\Projects\VWG\NetCore\Gizmox.WebGUI.Common\Gizmox.WebGUI.Common.csproj]
C:\Projects\VWG\NetCore\Gizmox.WebGUI.Common\Generated\Gizmox\WebGUI\Forms\Skins\SkinMultiValue.cs(120,16): warning CS0649: Field 'SkinMultiValue.mblnIsInitializing' is never assigned to, and will always have its default value false [C:\Projects\VWG\NetCore\Gizmox.WebGUI.Common\Gizmox.WebGUI.Common.csproj]
C:\Projects\VWG\NetCore\Gizmox.WebGUI.Common\Generated\Gizmox\WebGUI\Common\Configuration\Config.cs(157,16): warning CS0649: Field 'Config.mblnRightToLeft' is never assigned to, and will always have its default value false [C:\Projects\VWG\NetCore\Gizmox.WebGUI.Common\Gizmox.WebGUI.Common.csproj]
C:\Projects\VWG\NetCore\Gizmox.WebGUI.Common\Generated\Gizmox\WebGUI\Common\Configuration\Config.cs(113,18): warning CS0649: Field 'Config.OC.A' is never assigned to, and will always have its default value null [C:\Projects\VWG\NetCore\Gizmox.WebGUI.Common\Gizmox.WebGUI.Common.csproj]
C:\Projects\VWG\NetCore\Gizmox.WebGUI.Common\Generated\Gizmox\WebGUI\Forms\VisualTemplateAttribute.cs(113,20): warning CS0169: The field 'VisualTemplateAttribute.mstrDevicesList' is never used [C:\Projects\VWG\NetCore\Gizmox.WebGUI.Common\Gizmox.WebGUI.Common.csproj]
C:\Projects\VWG\NetCore\Gizmox.WebGUI.Common\Generated\Gizmox\WebGUI\Common\Tokens\JS\JSTokenReader.cs(117,16): warning CS0414: The field 'JSTokenReader.BB' is assigned but its value is never used [C:\Projects\VWG\NetCore\Gizmox.WebGUI.Common\Gizmox.WebGUI.Common.csproj]
C:\Projects\VWG\NetCore\Gizmox.WebGUI.Common\Generated\A\I.cs(115,16): warning CS0414: The field 'I.m_I' is assigned but its value is never used [C:\Projects\VWG\NetCore\Gizmox.WebGUI.Common\Gizmox.WebGUI.Common.csproj]
  Gizmox.WebGUI.Common -> C:\Projects\VWG\NetCore\Gizmox.WebGUI.Common\bin\Debug\net8.0-windows\Gizmox.WebGUI.Common.dll
  Gizmox.WebGUI.Server -> C:\Projects\VWG\NetCore\Gizmox.WebGUI.Server\bin\Debug\net8.0-windows\Gizmox.WebGUI.Server.dll

Build succeeded.

C:\Projects\VWG\NetCore\Gizmox.WebGUI.Common\Generated\Gizmox\WebGUI\Forms\Skins\Resources\BrowserCapabilities.cs(109,15): warning CS0659: 'BrowserCapabilities' overrides Object.Equals(object o) but does not override Object.GetHashCode() [C:\Projects\VWG\NetCore\Gizmox.WebGUI.Common\Gizmox.WebGUI.Common.csproj]
C:\Projects\VWG\NetCore\Gizmox.WebGUI.Common\Generated\Gizmox\WebGUI\Common\Tokens\Xslt\XsltTokenReader.cs(171,10): warning CS0219: The variable 'token' is assigned but its value is never used [C:\Projects\VWG\NetCore\Gizmox.WebGUI.Common\Gizmox.WebGUI.Common.csproj]
C:\Projects\VWG\NetCore\Gizmox.WebGUI.Common\Generated\Gizmox\WebGUI\Common\Tokens\Xml\XmlTokenReader.cs(147,20): warning CS0219: The variable 'xmlTokenContext' is assigned but its value is never used [C:\Projects\VWG\NetCore\Gizmox.WebGUI.Common\Gizmox.WebGUI.Common.csproj]
C:\Projects\VWG\NetCore\Gizmox.WebGUI.Common\Generated\A\TC.cs(120,5): warning SYSLIB0021: 'DESCryptoServiceProvider' is obsolete: 'Derived cryptographic types are obsolete. Use the Create method on the base type instead.' (https://aka.ms/dotnet-warnings/SYSLIB0021) [C:\Projects\VWG\NetCore\Gizmox.WebGUI.Common\Gizmox.WebGUI.Common.csproj]
C:\Projects\VWG\NetCore\Gizmox.WebGUI.Common\Generated\A\TC.cs(120,61): warning SYSLIB0021: 'DESCryptoServiceProvider' is obsolete: 'Derived cryptographic types are obsolete. Use the Create method on the base type instead.' (https://aka.ms/dotnet-warnings/SYSLIB0021) [C:\Projects\VWG\NetCore\Gizmox.WebGUI.Common\Gizmox.WebGUI.Common.csproj]
C:\Projects\VWG\NetCore\Gizmox.WebGUI.Common\Generated\Gizmox\WebGUI\Common\Tokens\Xml\XmlContentTokenReader.cs(127,10): warning CS0219: The variable 'token' is assigned but its value is never used [C:\Projects\VWG\NetCore\Gizmox.WebGUI.Common\Gizmox.WebGUI.Common.csproj]
C:\Projects\VWG\NetCore\Gizmox.WebGUI.Common\Generated\Gizmox\WebGUI\CommonUtils.cs(3105,20): warning SYSLIB0041: 'Rfc2898DeriveBytes.Rfc2898DeriveBytes(string, byte[])' is obsolete: 'The default hash algorithm and iteration counts in Rfc2898DeriveBytes constructors are outdated and insecure. Use a constructor that accepts the hash algorithm and the number of iterations.' (https://aka.ms/dotnet-warnings/SYSLIB0041) [C:\Projects\VWG\NetCore\Gizmox.WebGUI.Common\Gizmox.WebGUI.Common.csproj]
C:\Projects\VWG\NetCore\Gizmox.WebGUI.Common\Generated\Gizmox\WebGUI\CommonUtils.cs(3106,37): warning SYSLIB0022: 'RijndaelManaged' is obsolete: 'The Rijndael and RijndaelManaged types are obsolete. Use Aes instead.' (https://aka.ms/dotnet-warnings/SYSLIB0022) [C:\Projects\VWG\NetCore\Gizmox.WebGUI.Common\Gizmox.WebGUI.Common.csproj]
C:\Projects\VWG\NetCore\Gizmox.WebGUI.Common\Generated\Gizmox\WebGUI\CommonUtils.cs(3155,20): warning SYSLIB0041: 'Rfc2898DeriveBytes.Rfc2898DeriveBytes(string, byte[])' is obsolete: 'The default hash algorithm and iteration counts in Rfc2898DeriveBytes constructors are outdated and insecure. Use a constructor that accepts the hash algorithm and the number of iterations.' (https://aka.ms/dotnet-warnings/SYSLIB0041) [C:\Projects\VWG\NetCore\Gizmox.WebGUI.Common\Gizmox.WebGUI.Common.csproj]
C:\Projects\VWG\NetCore\Gizmox.WebGUI.Common\Generated\Gizmox\WebGUI\CommonUtils.cs(3156,38): warning SYSLIB0022: 'RijndaelManaged' is obsolete: 'The Rijndael and RijndaelManaged types are obsolete. Use Aes instead.' (https://aka.ms/dotnet-warnings/SYSLIB0022) [C:\Projects\VWG\NetCore\Gizmox.WebGUI.Common\Gizmox.WebGUI.Common.csproj]
C:\Projects\VWG\NetCore\Gizmox.WebGUI.Common\Generated\Gizmox\WebGUI\Common\Tokens\TokenReader.cs(759,10): warning CS0219: The variable 'token' is assigned but its value is never used [C:\Projects\VWG\NetCore\Gizmox.WebGUI.Common\Gizmox.WebGUI.Common.csproj]
C:\Projects\VWG\NetCore\Gizmox.WebGUI.Common\Generated\Gizmox\WebGUI\Common\Resources\TypeResourceHandle.cs(241,37): warning CS0219: The variable 'resourceManager' is assigned but its value is never used [C:\Projects\VWG\NetCore\Gizmox.WebGUI.Common\Gizmox.WebGUI.Common.csproj]
C:\Projects\VWG\NetCore\Gizmox.WebGUI.Common\Generated\A\IC.cs(165,10): warning CS0219: The variable 'token' is assigned but its value is never used [C:\Projects\VWG\NetCore\Gizmox.WebGUI.Common\Gizmox.WebGUI.Common.csproj]
C:\Projects\VWG\NetCore\Gizmox.WebGUI.Common\Generated\A\I.cs(199,18): warning SYSLIB0012: 'Assembly.CodeBase' is obsolete: 'Assembly.CodeBase and Assembly.EscapedCodeBase are only included for .NET Framework compatibility. Use Assembly.Location.' (https://aka.ms/dotnet-warnings/SYSLIB0012) [C:\Projects\VWG\NetCore\Gizmox.WebGUI.Common\Gizmox.WebGUI.Common.csproj]
C:\Projects\VWG\NetCore\Gizmox.WebGUI.Common\Generated\Gizmox\WebGUI\Common\Tokens\Reg\RegTokenReader.cs(129,10): warning CS0219: The variable 'token' is assigned but its value is never used [C:\Projects\VWG\NetCore\Gizmox.WebGUI.Common\Gizmox.WebGUI.Common.csproj]
C:\Projects\VWG\NetCore\Gizmox.WebGUI.Common\Generated\Gizmox\WebGUI\Common\Resources\FileHandleCollection.cs(121,4): warning SYSLIB0051: 'NameObjectCollectionBase.NameObjectCollectionBase(SerializationInfo, StreamingContext)' is obsolete: 'This API supports obsolete formatter-based serialization. It should not be called or extended by application code.' (https://aka.ms/dotnet-warnings/SYSLIB0051) [C:\Projects\VWG\NetCore\Gizmox.WebGUI.Common\Gizmox.WebGUI.Common.csproj]
C:\Projects\VWG\NetCore\Gizmox.WebGUI.Common\Generated\Gizmox\WebGUI\Common\Tokens\Css\CssTokenReader.cs(129,10): warning CS0219: The variable 'token' is assigned but its value is never used [C:\Projects\VWG\NetCore\Gizmox.WebGUI.Common\Gizmox.WebGUI.Common.csproj]
C:\Projects\VWG\NetCore\Gizmox.WebGUI.Common\Generated\Gizmox\WebGUI\Forms\SerializableProperty.cs(164,11): warning SYSLIB0050: 'Type.IsSerializable' is obsolete: 'Formatter-based serialization is obsolete and should not be used.' (https://aka.ms/dotnet-warnings/SYSLIB0050) [C:\Projects\VWG\NetCore\Gizmox.WebGUI.Common\Gizmox.WebGUI.Common.csproj]
C:\Projects\VWG\NetCore\Gizmox.WebGUI.Common\Generated\Gizmox\WebGUI\Forms\Serialization\SerializableBitVector32.cs(204,19): warning CS0675: Bitwise-or operator used on a sign-extended operand; consider casting to a smaller unsigned type first [C:\Projects\VWG\NetCore\Gizmox.WebGUI.Common\Gizmox.WebGUI.Common.csproj]
C:\Projects\VWG\NetCore\Gizmox.WebGUI.Common\Generated\Gizmox\WebGUI\Forms\SerializationWriter.cs(313,14): warning SYSLIB0050: 'Type.IsSerializable' is obsolete: 'Formatter-based serialization is obsolete and should not be used.' (https://aka.ms/dotnet-warnings/SYSLIB0050) [C:\Projects\VWG\NetCore\Gizmox.WebGUI.Common\Gizmox.WebGUI.Common.csproj]
C:\Projects\VWG\NetCore\Gizmox.WebGUI.Common\Generated\Gizmox\WebGUI\Forms\Skins\SkinDataStore.cs(280,44): warning CS0168: The variable 'ex' is declared but never used [C:\Projects\VWG\NetCore\Gizmox.WebGUI.Common\Gizmox.WebGUI.Common.csproj]
C:\Projects\VWG\NetCore\Gizmox.WebGUI.Common\Generated\Gizmox\WebGUI\Common\Tokens\TokenReader.cs(123,15): warning CS0649: Field 'TokenReader.D' is never assigned to, and will always have its default value 0 [C:\Projects\VWG\NetCore\Gizmox.WebGUI.Common\Gizmox.WebGUI.Common.csproj]
C:\Projects\VWG\NetCore\Gizmox.WebGUI.Common\Generated\A\SC.cs(115,31): warning CS0649: Field 'SC.A' is never assigned to, and will always have its default value [C:\Projects\VWG\NetCore\Gizmox.WebGUI.Common\Gizmox.WebGUI.Common.csproj]
C:\Projects\VWG\NetCore\Gizmox.WebGUI.Common\Generated\Gizmox\WebGUI\Common\DeviceRepository\BrowserRepository.cs(625,26): warning CS0649: Field 'BrowserRepository.SystemCapabilityMatch.mobjCurrentBrowser' is never assigned to, and will always have its default value null [C:\Projects\VWG\NetCore\Gizmox.WebGUI.Common\Gizmox.WebGUI.Common.csproj]
C:\Projects\VWG\NetCore\Gizmox.WebGUI.Common\Generated\Gizmox\WebGUI\Hosting\HostContext.cs(118,21): warning CS0169: The field 'HostContext.mobjCache' is never used [C:\Projects\VWG\NetCore\Gizmox.WebGUI.Common\Gizmox.WebGUI.Common.csproj]
C:\Projects\VWG\NetCore\Gizmox.WebGUI.Common\Generated\Gizmox\WebGUI\Forms\Skins\SkinMultiValue.cs(120,16): warning CS0649: Field 'SkinMultiValue.mblnIsInitializing' is never assigned to, and will always have its default value false [C:\Projects\VWG\NetCore\Gizmox.WebGUI.Common\Gizmox.WebGUI.Common.csproj]
C:\Projects\VWG\NetCore\Gizmox.WebGUI.Common\Generated\Gizmox\WebGUI\Common\Configuration\Config.cs(157,16): warning CS0649: Field 'Config.mblnRightToLeft' is never assigned to, and will always have its default value false [C:\Projects\VWG\NetCore\Gizmox.WebGUI.Common\Gizmox.WebGUI.Common.csproj]
C:\Projects\VWG\NetCore\Gizmox.WebGUI.Common\Generated\Gizmox\WebGUI\Common\Configuration\Config.cs(113,18): warning CS0649: Field 'Config.OC.A' is never assigned to, and will always have its default value null [C:\Projects\VWG\NetCore\Gizmox.WebGUI.Common\Gizmox.WebGUI.Common.csproj]
C:\Projects\VWG\NetCore\Gizmox.WebGUI.Common\Generated\Gizmox\WebGUI\Forms\VisualTemplateAttribute.cs(113,20): warning CS0169: The field 'VisualTemplateAttribute.mstrDevicesList' is never used [C:\Projects\VWG\NetCore\Gizmox.WebGUI.Common\Gizmox.WebGUI.Common.csproj]
C:\Projects\VWG\NetCore\Gizmox.WebGUI.Common\Generated\Gizmox\WebGUI\Common\Tokens\JS\JSTokenReader.cs(117,16): warning CS0414: The field 'JSTokenReader.BB' is assigned but its value is never used [C:\Projects\VWG\NetCore\Gizmox.WebGUI.Common\Gizmox.WebGUI.Common.csproj]
C:\Projects\VWG\NetCore\Gizmox.WebGUI.Common\Generated\A\I.cs(115,16): warning CS0414: The field 'I.m_I' is assigned but its value is never used [C:\Projects\VWG\NetCore\Gizmox.WebGUI.Common\Gizmox.WebGUI.Common.csproj]
    31 Warning(s)
    0 Error(s)

Time Elapsed 00:00:35.29
