  Determining projects to restore...
  All projects are up-to-date for restore.
C:\Projects\VWG\NetCore\Gizmox.WebGUI.Common\Generated\Gizmox\WebGUI\Forms\Skins\Resources\BrowserCapabilities.cs(109,15): warning CS0659: 'BrowserCapabilities' overrides Object.Equals(object o) but does not override Object.GetHashCode() [C:\Projects\VWG\NetCore\Gizmox.WebGUI.Common\Gizmox.WebGUI.Common.csproj]
C:\Projects\VWG\NetCore\Gizmox.WebGUI.Common\Generated\A\TC.cs(120,5): warning SYSLIB0021: 'DESCryptoServiceProvider' is obsolete: 'Derived cryptographic types are obsolete. Use the Create method on the base type instead.' (https://aka.ms/dotnet-warnings/SYSLIB0021) [C:\Projects\VWG\NetCore\Gizmox.WebGUI.Common\Gizmox.WebGUI.Common.csproj]
C:\Projects\VWG\NetCore\Gizmox.WebGUI.Common\Generated\A\TC.cs(120,61): warning SYSLIB0021: 'DESCryptoServiceProvider' is obsolete: 'Derived cryptographic types are obsolete. Use the Create method on the base type instead.' (https://aka.ms/dotnet-warnings/SYSLIB0021) [C:\Projects\VWG\NetCore\Gizmox.WebGUI.Common\Gizmox.WebGUI.Common.csproj]
C:\Projects\VWG\NetCore\Gizmox.WebGUI.Common\Generated\Gizmox\WebGUI\Common\Tokens\Xslt\XsltTokenReader.cs(171,10): warning CS0219: The variable 'token' is assigned but its value is never used [C:\Projects\VWG\NetCore\Gizmox.WebGUI.Common\Gizmox.WebGUI.Common.csproj]
C:\Projects\VWG\NetCore\Gizmox.WebGUI.Common\Generated\Gizmox\WebGUI\Common\Tokens\Xml\XmlTokenReader.cs(147,20): warning CS0219: The variable 'xmlTokenContext' is assigned but its value is never used [C:\Projects\VWG\NetCore\Gizmox.WebGUI.Common\Gizmox.WebGUI.Common.csproj]
C:\Projects\VWG\NetCore\Gizmox.WebGUI.Common\Generated\Gizmox\WebGUI\Common\Tokens\Xml\XmlContentTokenReader.cs(127,10): warning CS0219: The variable 'token' is assigned but its value is never used [C:\Projects\VWG\NetCore\Gizmox.WebGUI.Common\Gizmox.WebGUI.Common.csproj]
C:\Projects\VWG\NetCore\Gizmox.WebGUI.Common\Generated\Gizmox\WebGUI\CommonUtils.cs(3105,20): warning SYSLIB0041: 'Rfc2898DeriveBytes.Rfc2898DeriveBytes(string, byte[])' is obsolete: 'The default hash algorithm and iteration counts in Rfc2898DeriveBytes constructors are outdated and insecure. Use a constructor that accepts the hash algorithm and the number of iterations.' (https://aka.ms/dotnet-warnings/SYSLIB0041) [C:\Projects\VWG\NetCore\Gizmox.WebGUI.Common\Gizmox.WebGUI.Common.csproj]
C:\Projects\VWG\NetCore\Gizmox.WebGUI.Common\Generated\Gizmox\WebGUI\CommonUtils.cs(3106,37): warning SYSLIB0022: 'RijndaelManaged' is obsolete: 'The Rijndael and RijndaelManaged types are obsolete. Use Aes instead.' (https://aka.ms/dotnet-warnings/SYSLIB0022) [C:\Projects\VWG\NetCore\Gizmox.WebGUI.Common\Gizmox.WebGUI.Common.csproj]
C:\Projects\VWG\NetCore\Gizmox.WebGUI.Common\Generated\Gizmox\WebGUI\CommonUtils.cs(3155,20): warning SYSLIB0041: 'Rfc2898DeriveBytes.Rfc2898DeriveBytes(string, byte[])' is obsolete: 'The default hash algorithm and iteration counts in Rfc2898DeriveBytes constructors are outdated and insecure. Use a constructor that accepts the hash algorithm and the number of iterations.' (https://aka.ms/dotnet-warnings/SYSLIB0041) [C:\Projects\VWG\NetCore\Gizmox.WebGUI.Common\Gizmox.WebGUI.Common.csproj]
C:\Projects\VWG\NetCore\Gizmox.WebGUI.Common\Generated\Gizmox\WebGUI\CommonUtils.cs(3156,38): warning SYSLIB0022: 'RijndaelManaged' is obsolete: 'The Rijndael and RijndaelManaged types are obsolete. Use Aes instead.' (https://aka.ms/dotnet-warnings/SYSLIB0022) [C:\Projects\VWG\NetCore\Gizmox.WebGUI.Common\Gizmox.WebGUI.Common.csproj]
C:\Projects\VWG\NetCore\Gizmox.WebGUI.Common\Generated\A\I.cs(199,18): warning SYSLIB0012: 'Assembly.CodeBase' is obsolete: 'Assembly.CodeBase and Assembly.EscapedCodeBase are only included for .NET Framework compatibility. Use Assembly.Location.' (https://aka.ms/dotnet-warnings/SYSLIB0012) [C:\Projects\VWG\NetCore\Gizmox.WebGUI.Common\Gizmox.WebGUI.Common.csproj]
C:\Projects\VWG\NetCore\Gizmox.WebGUI.Common\Generated\A\IC.cs(165,10): warning CS0219: The variable 'token' is assigned but its value is never used [C:\Projects\VWG\NetCore\Gizmox.WebGUI.Common\Gizmox.WebGUI.Common.csproj]
C:\Projects\VWG\NetCore\Gizmox.WebGUI.Common\Generated\Gizmox\WebGUI\Common\Tokens\TokenReader.cs(759,10): warning CS0219: The variable 'token' is assigned but its value is never used [C:\Projects\VWG\NetCore\Gizmox.WebGUI.Common\Gizmox.WebGUI.Common.csproj]
C:\Projects\VWG\NetCore\Gizmox.WebGUI.Common\Generated\Gizmox\WebGUI\Common\Tokens\Reg\RegTokenReader.cs(129,10): warning CS0219: The variable 'token' is assigned but its value is never used [C:\Projects\VWG\NetCore\Gizmox.WebGUI.Common\Gizmox.WebGUI.Common.csproj]
C:\Projects\VWG\NetCore\Gizmox.WebGUI.Common\Generated\Gizmox\WebGUI\Common\Resources\TypeResourceHandle.cs(241,37): warning CS0219: The variable 'resourceManager' is assigned but its value is never used [C:\Projects\VWG\NetCore\Gizmox.WebGUI.Common\Gizmox.WebGUI.Common.csproj]
C:\Projects\VWG\NetCore\Gizmox.WebGUI.Common\Generated\Gizmox\WebGUI\Common\Resources\FileHandleCollection.cs(121,4): warning SYSLIB0051: 'NameObjectCollectionBase.NameObjectCollectionBase(SerializationInfo, StreamingContext)' is obsolete: 'This API supports obsolete formatter-based serialization. It should not be called or extended by application code.' (https://aka.ms/dotnet-warnings/SYSLIB0051) [C:\Projects\VWG\NetCore\Gizmox.WebGUI.Common\Gizmox.WebGUI.Common.csproj]
C:\Projects\VWG\NetCore\Gizmox.WebGUI.Common\Generated\Gizmox\WebGUI\Common\Tokens\Css\CssTokenReader.cs(129,10): warning CS0219: The variable 'token' is assigned but its value is never used [C:\Projects\VWG\NetCore\Gizmox.WebGUI.Common\Gizmox.WebGUI.Common.csproj]
C:\Projects\VWG\NetCore\Gizmox.WebGUI.Common\Generated\Gizmox\WebGUI\Forms\SerializableProperty.cs(164,11): warning SYSLIB0050: 'Type.IsSerializable' is obsolete: 'Formatter-based serialization is obsolete and should not be used.' (https://aka.ms/dotnet-warnings/SYSLIB0050) [C:\Projects\VWG\NetCore\Gizmox.WebGUI.Common\Gizmox.WebGUI.Common.csproj]
C:\Projects\VWG\NetCore\Gizmox.WebGUI.Common\Generated\Gizmox\WebGUI\Forms\SerializationWriter.cs(313,14): warning SYSLIB0050: 'Type.IsSerializable' is obsolete: 'Formatter-based serialization is obsolete and should not be used.' (https://aka.ms/dotnet-warnings/SYSLIB0050) [C:\Projects\VWG\NetCore\Gizmox.WebGUI.Common\Gizmox.WebGUI.Common.csproj]
C:\Projects\VWG\NetCore\Gizmox.WebGUI.Common\Generated\Gizmox\WebGUI\Forms\Serialization\SerializableBitVector32.cs(204,19): warning CS0675: Bitwise-or operator used on a sign-extended operand; consider casting to a smaller unsigned type first [C:\Projects\VWG\NetCore\Gizmox.WebGUI.Common\Gizmox.WebGUI.Common.csproj]
C:\Projects\VWG\NetCore\Gizmox.WebGUI.Common\Generated\Gizmox\WebGUI\Forms\Skins\SkinDataStore.cs(280,44): warning CS0168: The variable 'ex' is declared but never used [C:\Projects\VWG\NetCore\Gizmox.WebGUI.Common\Gizmox.WebGUI.Common.csproj]
C:\Projects\VWG\NetCore\Gizmox.WebGUI.Common\Generated\Gizmox\WebGUI\Common\Configuration\Config.cs(113,18): warning CS0649: Field 'Config.OC.A' is never assigned to, and will always have its default value null [C:\Projects\VWG\NetCore\Gizmox.WebGUI.Common\Gizmox.WebGUI.Common.csproj]
C:\Projects\VWG\NetCore\Gizmox.WebGUI.Common\Generated\A\SC.cs(115,31): warning CS0649: Field 'SC.A' is never assigned to, and will always have its default value [C:\Projects\VWG\NetCore\Gizmox.WebGUI.Common\Gizmox.WebGUI.Common.csproj]
C:\Projects\VWG\NetCore\Gizmox.WebGUI.Common\Generated\Gizmox\WebGUI\Common\Configuration\Config.cs(157,16): warning CS0649: Field 'Config.mblnRightToLeft' is never assigned to, and will always have its default value false [C:\Projects\VWG\NetCore\Gizmox.WebGUI.Common\Gizmox.WebGUI.Common.csproj]
C:\Projects\VWG\NetCore\Gizmox.WebGUI.Common\Generated\Gizmox\WebGUI\Common\Tokens\TokenReader.cs(123,15): warning CS0649: Field 'TokenReader.D' is never assigned to, and will always have its default value 0 [C:\Projects\VWG\NetCore\Gizmox.WebGUI.Common\Gizmox.WebGUI.Common.csproj]
C:\Projects\VWG\NetCore\Gizmox.WebGUI.Common\Generated\Gizmox\WebGUI\Forms\Skins\SkinMultiValue.cs(120,16): warning CS0649: Field 'SkinMultiValue.mblnIsInitializing' is never assigned to, and will always have its default value false [C:\Projects\VWG\NetCore\Gizmox.WebGUI.Common\Gizmox.WebGUI.Common.csproj]
C:\Projects\VWG\NetCore\Gizmox.WebGUI.Common\Generated\Gizmox\WebGUI\Common\DeviceRepository\BrowserRepository.cs(625,26): warning CS0649: Field 'BrowserRepository.SystemCapabilityMatch.mobjCurrentBrowser' is never assigned to, and will always have its default value null [C:\Projects\VWG\NetCore\Gizmox.WebGUI.Common\Gizmox.WebGUI.Common.csproj]
C:\Projects\VWG\NetCore\Gizmox.WebGUI.Common\Generated\Gizmox\WebGUI\Forms\VisualTemplateAttribute.cs(113,20): warning CS0169: The field 'VisualTemplateAttribute.mstrDevicesList' is never used [C:\Projects\VWG\NetCore\Gizmox.WebGUI.Common\Gizmox.WebGUI.Common.csproj]
C:\Projects\VWG\NetCore\Gizmox.WebGUI.Common\Generated\Gizmox\WebGUI\Hosting\HostContext.cs(118,21): warning CS0169: The field 'HostContext.mobjCache' is never used [C:\Projects\VWG\NetCore\Gizmox.WebGUI.Common\Gizmox.WebGUI.Common.csproj]
C:\Projects\VWG\NetCore\Gizmox.WebGUI.Common\Generated\A\I.cs(115,16): warning CS0414: The field 'I.m_I' is assigned but its value is never used [C:\Projects\VWG\NetCore\Gizmox.WebGUI.Common\Gizmox.WebGUI.Common.csproj]
C:\Projects\VWG\NetCore\Gizmox.WebGUI.Common\Generated\Gizmox\WebGUI\Common\Tokens\JS\JSTokenReader.cs(117,16): warning CS0414: The field 'JSTokenReader.BB' is assigned but its value is never used [C:\Projects\VWG\NetCore\Gizmox.WebGUI.Common\Gizmox.WebGUI.Common.csproj]
  Gizmox.WebGUI.Common -> C:\Projects\VWG\NetCore\Gizmox.WebGUI.Common\bin\Debug\net8.0-windows\Gizmox.WebGUI.Common.dll
C:\Projects\VWG\NetCore\Gizmox.WebGUI.Server\Gizmox.WebGUI.Server.decompiled.cs(15209,26): warning CS8600: Converting null literal or possible null value to non-nullable type. [C:\Projects\VWG\NetCore\Gizmox.WebGUI.Server\Gizmox.WebGUI.Server.csproj]
C:\Projects\VWG\NetCore\Gizmox.WebGUI.Server\Gizmox.WebGUI.Server.decompiled.cs(4639,12): warning CS8603: Possible null reference return. [C:\Projects\VWG\NetCore\Gizmox.WebGUI.Server\Gizmox.WebGUI.Server.csproj]
C:\Projects\VWG\NetCore\Gizmox.WebGUI.Server\Gizmox.WebGUI.Server.decompiled.cs(15139,12): warning CS8603: Possible null reference return. [C:\Projects\VWG\NetCore\Gizmox.WebGUI.Server\Gizmox.WebGUI.Server.csproj]
C:\Projects\VWG\NetCore\Gizmox.WebGUI.Server\Gizmox.WebGUI.Server.decompiled.cs(15151,12): warning CS8603: Possible null reference return. [C:\Projects\VWG\NetCore\Gizmox.WebGUI.Server\Gizmox.WebGUI.Server.csproj]
C:\Projects\VWG\NetCore\Gizmox.WebGUI.Server\Gizmox.WebGUI.Server.decompiled.cs(4663,12): warning CS8603: Possible null reference return. [C:\Projects\VWG\NetCore\Gizmox.WebGUI.Server\Gizmox.WebGUI.Server.csproj]
C:\Projects\VWG\NetCore\Gizmox.WebGUI.Server\Gizmox.WebGUI.Server.decompiled.cs(15063,12): warning CS8603: Possible null reference return. [C:\Projects\VWG\NetCore\Gizmox.WebGUI.Server\Gizmox.WebGUI.Server.csproj]
C:\Projects\VWG\NetCore\Gizmox.WebGUI.Server\Gizmox.WebGUI.Server.decompiled.cs(15075,12): warning CS8603: Possible null reference return. [C:\Projects\VWG\NetCore\Gizmox.WebGUI.Server\Gizmox.WebGUI.Server.csproj]
C:\Projects\VWG\NetCore\Gizmox.WebGUI.Server\Gizmox.WebGUI.Server.decompiled.cs(4708,12): warning CS8603: Possible null reference return. [C:\Projects\VWG\NetCore\Gizmox.WebGUI.Server\Gizmox.WebGUI.Server.csproj]
C:\Projects\VWG\NetCore\Gizmox.WebGUI.Server\Gizmox.WebGUI.Server.decompiled.cs(7451,33): warning CS8600: Converting null literal or possible null value to non-nullable type. [C:\Projects\VWG\NetCore\Gizmox.WebGUI.Server\Gizmox.WebGUI.Server.csproj]
C:\Projects\VWG\NetCore\Gizmox.WebGUI.Server\Gizmox.WebGUI.Server.decompiled.cs(4720,12): warning CS8603: Possible null reference return. [C:\Projects\VWG\NetCore\Gizmox.WebGUI.Server\Gizmox.WebGUI.Server.csproj]
C:\Projects\VWG\NetCore\Gizmox.WebGUI.Server\Gizmox.WebGUI.Server.decompiled.cs(10620,20): warning CS8600: Converting null literal or possible null value to non-nullable type. [C:\Projects\VWG\NetCore\Gizmox.WebGUI.Server\Gizmox.WebGUI.Server.csproj]
C:\Projects\VWG\NetCore\Gizmox.WebGUI.Server\Gizmox.WebGUI.Server.decompiled.cs(4732,12): warning CS8603: Possible null reference return. [C:\Projects\VWG\NetCore\Gizmox.WebGUI.Server\Gizmox.WebGUI.Server.csproj]
C:\Projects\VWG\NetCore\Gizmox.WebGUI.Server\Gizmox.WebGUI.Server.decompiled.cs(4924,13): warning CS8603: Possible null reference return. [C:\Projects\VWG\NetCore\Gizmox.WebGUI.Server\Gizmox.WebGUI.Server.csproj]
C:\Projects\VWG\NetCore\Gizmox.WebGUI.Server\Gizmox.WebGUI.Server.decompiled.cs(4926,12): warning CS8603: Possible null reference return. [C:\Projects\VWG\NetCore\Gizmox.WebGUI.Server\Gizmox.WebGUI.Server.csproj]
C:\Projects\VWG\NetCore\Gizmox.WebGUI.Server\Gizmox.WebGUI.Server.decompiled.cs(1448,12): warning CS8603: Possible null reference return. [C:\Projects\VWG\NetCore\Gizmox.WebGUI.Server\Gizmox.WebGUI.Server.csproj]
C:\Projects\VWG\NetCore\Gizmox.WebGUI.Server\Gizmox.WebGUI.Server.decompiled.cs(10526,4): warning SYSLIB0051: 'NameValueCollection.NameValueCollection(SerializationInfo, StreamingContext)' is obsolete: 'This API supports obsolete formatter-based serialization. It should not be called or extended by application code.' (https://aka.ms/dotnet-warnings/SYSLIB0051) [C:\Projects\VWG\NetCore\Gizmox.WebGUI.Server\Gizmox.WebGUI.Server.csproj]
C:\Projects\VWG\NetCore\Gizmox.WebGUI.Server\Gizmox.WebGUI.Server.decompiled.cs(5123,13): warning CS8603: Possible null reference return. [C:\Projects\VWG\NetCore\Gizmox.WebGUI.Server\Gizmox.WebGUI.Server.csproj]
C:\Projects\VWG\NetCore\Gizmox.WebGUI.Server\Gizmox.WebGUI.Server.decompiled.cs(5133,12): warning CS8603: Possible null reference return. [C:\Projects\VWG\NetCore\Gizmox.WebGUI.Server\Gizmox.WebGUI.Server.csproj]
C:\Projects\VWG\NetCore\Gizmox.WebGUI.Server\Gizmox.WebGUI.Server.decompiled.cs(5143,12): warning CS8603: Possible null reference return. [C:\Projects\VWG\NetCore\Gizmox.WebGUI.Server\Gizmox.WebGUI.Server.csproj]
C:\Projects\VWG\NetCore\Gizmox.WebGUI.Server\Gizmox.WebGUI.Server.decompiled.cs(14710,11): warning CS8603: Possible null reference return. [C:\Projects\VWG\NetCore\Gizmox.WebGUI.Server\Gizmox.WebGUI.Server.csproj]
C:\Projects\VWG\NetCore\Gizmox.WebGUI.Server\Gizmox.WebGUI.Server.decompiled.cs(14715,11): warning CS8603: Possible null reference return. [C:\Projects\VWG\NetCore\Gizmox.WebGUI.Server\Gizmox.WebGUI.Server.csproj]
C:\Projects\VWG\NetCore\Gizmox.WebGUI.Server\Gizmox.WebGUI.Server.decompiled.cs(14720,11): warning CS8603: Possible null reference return. [C:\Projects\VWG\NetCore\Gizmox.WebGUI.Server\Gizmox.WebGUI.Server.csproj]
C:\Projects\VWG\NetCore\Gizmox.WebGUI.Server\Gizmox.WebGUI.Server.decompiled.cs(7982,25): warning CS8601: Possible null reference assignment. [C:\Projects\VWG\NetCore\Gizmox.WebGUI.Server\Gizmox.WebGUI.Server.csproj]
C:\Projects\VWG\NetCore\Gizmox.WebGUI.Server\Gizmox.WebGUI.Server.decompiled.cs(8000,21): warning CS8600: Converting null literal or possible null value to non-nullable type. [C:\Projects\VWG\NetCore\Gizmox.WebGUI.Server\Gizmox.WebGUI.Server.csproj]
C:\Projects\VWG\NetCore\Gizmox.WebGUI.Server\Gizmox.WebGUI.Server.decompiled.cs(8049,21): warning CS0168: The variable 'ex' is declared but never used [C:\Projects\VWG\NetCore\Gizmox.WebGUI.Server\Gizmox.WebGUI.Server.csproj]
C:\Projects\VWG\NetCore\Gizmox.WebGUI.Server\Gizmox.WebGUI.Server.decompiled.cs(5270,38): warning CS8603: Possible null reference return. [C:\Projects\VWG\NetCore\Gizmox.WebGUI.Server\Gizmox.WebGUI.Server.csproj]
C:\Projects\VWG\NetCore\Gizmox.WebGUI.Server\Gizmox.WebGUI.Server.decompiled.cs(5276,12): warning CS8603: Possible null reference return. [C:\Projects\VWG\NetCore\Gizmox.WebGUI.Server\Gizmox.WebGUI.Server.csproj]
C:\Projects\VWG\NetCore\Gizmox.WebGUI.Server\Gizmox.WebGUI.Server.decompiled.cs(5288,12): warning CS8603: Possible null reference return. [C:\Projects\VWG\NetCore\Gizmox.WebGUI.Server\Gizmox.WebGUI.Server.csproj]
C:\Projects\VWG\NetCore\Gizmox.WebGUI.Server\Gizmox.WebGUI.Server.decompiled.cs(8067,19): warning CS8600: Converting null literal or possible null value to non-nullable type. [C:\Projects\VWG\NetCore\Gizmox.WebGUI.Server\Gizmox.WebGUI.Server.csproj]
C:\Projects\VWG\NetCore\Gizmox.WebGUI.Server\Gizmox.WebGUI.Server.decompiled.cs(10512,4): warning SYSLIB0051: 'NameValueCollection.NameValueCollection(SerializationInfo, StreamingContext)' is obsolete: 'This API supports obsolete formatter-based serialization. It should not be called or extended by application code.' (https://aka.ms/dotnet-warnings/SYSLIB0051) [C:\Projects\VWG\NetCore\Gizmox.WebGUI.Server\Gizmox.WebGUI.Server.csproj]
C:\Projects\VWG\NetCore\Gizmox.WebGUI.Server\Gizmox.WebGUI.Server.decompiled.cs(5333,12): warning CS8603: Possible null reference return. [C:\Projects\VWG\NetCore\Gizmox.WebGUI.Server\Gizmox.WebGUI.Server.csproj]
C:\Projects\VWG\NetCore\Gizmox.WebGUI.Server\Gizmox.WebGUI.Server.decompiled.cs(8832,15): warning CS8604: Possible null reference argument for parameter 'strSource' in 'void Response.WriteError(string strSource, string strMessage, ref IResponseWriter objResponseWriter)'. [C:\Projects\VWG\NetCore\Gizmox.WebGUI.Server\Gizmox.WebGUI.Server.csproj]
C:\Projects\VWG\NetCore\Gizmox.WebGUI.Server\Gizmox.WebGUI.Server.decompiled.cs(5366,18): warning CS8600: Converting null literal or possible null value to non-nullable type. [C:\Projects\VWG\NetCore\Gizmox.WebGUI.Server\Gizmox.WebGUI.Server.csproj]
C:\Projects\VWG\NetCore\Gizmox.WebGUI.Server\Gizmox.WebGUI.Server.decompiled.cs(5376,12): warning CS8603: Possible null reference return. [C:\Projects\VWG\NetCore\Gizmox.WebGUI.Server\Gizmox.WebGUI.Server.csproj]
C:\Projects\VWG\NetCore\Gizmox.WebGUI.Server\Gizmox.WebGUI.Server.decompiled.cs(9165,18): warning CS8600: Converting null literal or possible null value to non-nullable type. [C:\Projects\VWG\NetCore\Gizmox.WebGUI.Server\Gizmox.WebGUI.Server.csproj]
C:\Projects\VWG\NetCore\Gizmox.WebGUI.Server\Gizmox.WebGUI.Server.decompiled.cs(1768,13): warning CS8603: Possible null reference return. [C:\Projects\VWG\NetCore\Gizmox.WebGUI.Server\Gizmox.WebGUI.Server.csproj]
C:\Projects\VWG\NetCore\Gizmox.WebGUI.Server\Gizmox.WebGUI.Server.decompiled.cs(14553,46): warning CS8600: Converting null literal or possible null value to non-nullable type. [C:\Projects\VWG\NetCore\Gizmox.WebGUI.Server\Gizmox.WebGUI.Server.csproj]
C:\Projects\VWG\NetCore\Gizmox.WebGUI.Server\Gizmox.WebGUI.Server.decompiled.cs(14557,81): warning CS8600: Converting null literal or possible null value to non-nullable type. [C:\Projects\VWG\NetCore\Gizmox.WebGUI.Server\Gizmox.WebGUI.Server.csproj]
C:\Projects\VWG\NetCore\Gizmox.WebGUI.Server\Gizmox.WebGUI.Server.decompiled.cs(14569,83): warning CS8600: Converting null literal or possible null value to non-nullable type. [C:\Projects\VWG\NetCore\Gizmox.WebGUI.Server\Gizmox.WebGUI.Server.csproj]
C:\Projects\VWG\NetCore\Gizmox.WebGUI.Server\Gizmox.WebGUI.Server.decompiled.cs(1792,13): warning CS8603: Possible null reference return. [C:\Projects\VWG\NetCore\Gizmox.WebGUI.Server\Gizmox.WebGUI.Server.csproj]
C:\Projects\VWG\NetCore\Gizmox.WebGUI.Server\Gizmox.WebGUI.Server.decompiled.cs(14614,11): warning CS8603: Possible null reference return. [C:\Projects\VWG\NetCore\Gizmox.WebGUI.Server\Gizmox.WebGUI.Server.csproj]
C:\Projects\VWG\NetCore\Gizmox.WebGUI.Server\Gizmox.WebGUI.Server.decompiled.cs(1816,13): warning CS8603: Possible null reference return. [C:\Projects\VWG\NetCore\Gizmox.WebGUI.Server\Gizmox.WebGUI.Server.csproj]
C:\Projects\VWG\NetCore\Gizmox.WebGUI.Server\Gizmox.WebGUI.Server.decompiled.cs(1840,13): warning CS8603: Possible null reference return. [C:\Projects\VWG\NetCore\Gizmox.WebGUI.Server\Gizmox.WebGUI.Server.csproj]
C:\Projects\VWG\NetCore\Gizmox.WebGUI.Server\Gizmox.WebGUI.Server.decompiled.cs(1871,13): warning CS8603: Possible null reference return. [C:\Projects\VWG\NetCore\Gizmox.WebGUI.Server\Gizmox.WebGUI.Server.csproj]
C:\Projects\VWG\NetCore\Gizmox.WebGUI.Server\Gizmox.WebGUI.Server.decompiled.cs(9617,27): warning CS8600: Converting null literal or possible null value to non-nullable type. [C:\Projects\VWG\NetCore\Gizmox.WebGUI.Server\Gizmox.WebGUI.Server.csproj]
C:\Projects\VWG\NetCore\Gizmox.WebGUI.Server\Gizmox.WebGUI.Server.decompiled.cs(10452,4): warning SYSLIB0051: 'NameValueCollection.NameValueCollection(SerializationInfo, StreamingContext)' is obsolete: 'This API supports obsolete formatter-based serialization. It should not be called or extended by application code.' (https://aka.ms/dotnet-warnings/SYSLIB0051) [C:\Projects\VWG\NetCore\Gizmox.WebGUI.Server\Gizmox.WebGUI.Server.csproj]
C:\Projects\VWG\NetCore\Gizmox.WebGUI.Server\Gizmox.WebGUI.Server.decompiled.cs(9261,52): warning CS8625: Cannot convert null literal to non-nullable reference type. [C:\Projects\VWG\NetCore\Gizmox.WebGUI.Server\Gizmox.WebGUI.Server.csproj]
C:\Projects\VWG\NetCore\Gizmox.WebGUI.Server\Gizmox.WebGUI.Server.decompiled.cs(8115,21): warning CS8600: Converting null literal or possible null value to non-nullable type. [C:\Projects\VWG\NetCore\Gizmox.WebGUI.Server\Gizmox.WebGUI.Server.csproj]
C:\Projects\VWG\NetCore\Gizmox.WebGUI.Server\Gizmox.WebGUI.Server.decompiled.cs(8140,21): warning CS8600: Converting null literal or possible null value to non-nullable type. [C:\Projects\VWG\NetCore\Gizmox.WebGUI.Server\Gizmox.WebGUI.Server.csproj]
C:\Projects\VWG\NetCore\Gizmox.WebGUI.Server\Gizmox.WebGUI.Server.decompiled.cs(8233,53): warning CS8602: Dereference of a possibly null reference. [C:\Projects\VWG\NetCore\Gizmox.WebGUI.Server\Gizmox.WebGUI.Server.csproj]
C:\Projects\VWG\NetCore\Gizmox.WebGUI.Server\Gizmox.WebGUI.Server.decompiled.cs(2110,13): warning CS8603: Possible null reference return. [C:\Projects\VWG\NetCore\Gizmox.WebGUI.Server\Gizmox.WebGUI.Server.csproj]
C:\Projects\VWG\NetCore\Gizmox.WebGUI.Server\Gizmox.WebGUI.Server.decompiled.cs(2134,13): warning CS8603: Possible null reference return. [C:\Projects\VWG\NetCore\Gizmox.WebGUI.Server\Gizmox.WebGUI.Server.csproj]
C:\Projects\VWG\NetCore\Gizmox.WebGUI.Server\Gizmox.WebGUI.Server.decompiled.cs(9276,52): warning CS8625: Cannot convert null literal to non-nullable reference type. [C:\Projects\VWG\NetCore\Gizmox.WebGUI.Server\Gizmox.WebGUI.Server.csproj]
C:\Projects\VWG\NetCore\Gizmox.WebGUI.Server\Gizmox.WebGUI.Server.decompiled.cs(2144,12): warning CS8603: Possible null reference return. [C:\Projects\VWG\NetCore\Gizmox.WebGUI.Server\Gizmox.WebGUI.Server.csproj]
C:\Projects\VWG\NetCore\Gizmox.WebGUI.Server\Gizmox.WebGUI.Server.decompiled.cs(2155,13): warning CS8603: Possible null reference return. [C:\Projects\VWG\NetCore\Gizmox.WebGUI.Server\Gizmox.WebGUI.Server.csproj]
C:\Projects\VWG\NetCore\Gizmox.WebGUI.Server\Gizmox.WebGUI.Server.decompiled.cs(2179,13): warning CS8603: Possible null reference return. [C:\Projects\VWG\NetCore\Gizmox.WebGUI.Server\Gizmox.WebGUI.Server.csproj]
C:\Projects\VWG\NetCore\Gizmox.WebGUI.Server\Gizmox.WebGUI.Server.decompiled.cs(5754,11): warning CS8603: Possible null reference return. [C:\Projects\VWG\NetCore\Gizmox.WebGUI.Server\Gizmox.WebGUI.Server.csproj]
C:\Projects\VWG\NetCore\Gizmox.WebGUI.Server\Gizmox.WebGUI.Server.decompiled.cs(2204,12): warning CS8603: Possible null reference return. [C:\Projects\VWG\NetCore\Gizmox.WebGUI.Server\Gizmox.WebGUI.Server.csproj]
C:\Projects\VWG\NetCore\Gizmox.WebGUI.Server\Gizmox.WebGUI.Server.decompiled.cs(2216,13): warning CS8603: Possible null reference return. [C:\Projects\VWG\NetCore\Gizmox.WebGUI.Server\Gizmox.WebGUI.Server.csproj]
C:\Projects\VWG\NetCore\Gizmox.WebGUI.Server\Gizmox.WebGUI.Server.decompiled.cs(9799,19): warning CS8600: Converting null literal or possible null value to non-nullable type. [C:\Projects\VWG\NetCore\Gizmox.WebGUI.Server\Gizmox.WebGUI.Server.csproj]
C:\Projects\VWG\NetCore\Gizmox.WebGUI.Server\Gizmox.WebGUI.Server.decompiled.cs(5844,8): warning CS8602: Dereference of a possibly null reference. [C:\Projects\VWG\NetCore\Gizmox.WebGUI.Server\Gizmox.WebGUI.Server.csproj]
C:\Projects\VWG\NetCore\Gizmox.WebGUI.Server\Gizmox.WebGUI.Server.decompiled.cs(8266,15): warning CS8600: Converting null literal or possible null value to non-nullable type. [C:\Projects\VWG\NetCore\Gizmox.WebGUI.Server\Gizmox.WebGUI.Server.csproj]
C:\Projects\VWG\NetCore\Gizmox.WebGUI.Server\Gizmox.WebGUI.Server.decompiled.cs(8267,16): warning CS8600: Converting null literal or possible null value to non-nullable type. [C:\Projects\VWG\NetCore\Gizmox.WebGUI.Server\Gizmox.WebGUI.Server.csproj]
C:\Projects\VWG\NetCore\Gizmox.WebGUI.Server\Gizmox.WebGUI.Server.decompiled.cs(8268,16): warning CS8600: Converting null literal or possible null value to non-nullable type. [C:\Projects\VWG\NetCore\Gizmox.WebGUI.Server\Gizmox.WebGUI.Server.csproj]
C:\Projects\VWG\NetCore\Gizmox.WebGUI.Server\Gizmox.WebGUI.Server.decompiled.cs(8269,16): warning CS8600: Converting null literal or possible null value to non-nullable type. [C:\Projects\VWG\NetCore\Gizmox.WebGUI.Server\Gizmox.WebGUI.Server.csproj]
C:\Projects\VWG\NetCore\Gizmox.WebGUI.Server\Gizmox.WebGUI.Server.decompiled.cs(8270,16): warning CS8600: Converting null literal or possible null value to non-nullable type. [C:\Projects\VWG\NetCore\Gizmox.WebGUI.Server\Gizmox.WebGUI.Server.csproj]
C:\Projects\VWG\NetCore\Gizmox.WebGUI.Server\Gizmox.WebGUI.Server.decompiled.cs(8271,16): warning CS8600: Converting null literal or possible null value to non-nullable type. [C:\Projects\VWG\NetCore\Gizmox.WebGUI.Server\Gizmox.WebGUI.Server.csproj]
C:\Projects\VWG\NetCore\Gizmox.WebGUI.Server\Gizmox.WebGUI.Server.decompiled.cs(8272,16): warning CS8600: Converting null literal or possible null value to non-nullable type. [C:\Projects\VWG\NetCore\Gizmox.WebGUI.Server\Gizmox.WebGUI.Server.csproj]
C:\Projects\VWG\NetCore\Gizmox.WebGUI.Server\Gizmox.WebGUI.Server.decompiled.cs(8273,16): warning CS8600: Converting null literal or possible null value to non-nullable type. [C:\Projects\VWG\NetCore\Gizmox.WebGUI.Server\Gizmox.WebGUI.Server.csproj]
C:\Projects\VWG\NetCore\Gizmox.WebGUI.Server\Gizmox.WebGUI.Server.decompiled.cs(8274,16): warning CS8600: Converting null literal or possible null value to non-nullable type. [C:\Projects\VWG\NetCore\Gizmox.WebGUI.Server\Gizmox.WebGUI.Server.csproj]
C:\Projects\VWG\NetCore\Gizmox.WebGUI.Server\Gizmox.WebGUI.Server.decompiled.cs(8275,17): warning CS8600: Converting null literal or possible null value to non-nullable type. [C:\Projects\VWG\NetCore\Gizmox.WebGUI.Server\Gizmox.WebGUI.Server.csproj]
C:\Projects\VWG\NetCore\Gizmox.WebGUI.Server\Gizmox.WebGUI.Server.decompiled.cs(2280,13): warning CS8603: Possible null reference return. [C:\Projects\VWG\NetCore\Gizmox.WebGUI.Server\Gizmox.WebGUI.Server.csproj]
C:\Projects\VWG\NetCore\Gizmox.WebGUI.Server\Gizmox.WebGUI.Server.decompiled.cs(418,25): warning CS8601: Possible null reference assignment. [C:\Projects\VWG\NetCore\Gizmox.WebGUI.Server\Gizmox.WebGUI.Server.csproj]
C:\Projects\VWG\NetCore\Gizmox.WebGUI.Server\Gizmox.WebGUI.Server.decompiled.cs(452,26): warning CS8601: Possible null reference assignment. [C:\Projects\VWG\NetCore\Gizmox.WebGUI.Server\Gizmox.WebGUI.Server.csproj]
C:\Projects\VWG\NetCore\Gizmox.WebGUI.Server\Gizmox.WebGUI.Server.decompiled.cs(5944,11): warning CS8603: Possible null reference return. [C:\Projects\VWG\NetCore\Gizmox.WebGUI.Server\Gizmox.WebGUI.Server.csproj]
C:\Projects\VWG\NetCore\Gizmox.WebGUI.Server\Gizmox.WebGUI.Server.decompiled.cs(5952,12): warning CS8603: Possible null reference return. [C:\Projects\VWG\NetCore\Gizmox.WebGUI.Server\Gizmox.WebGUI.Server.csproj]
C:\Projects\VWG\NetCore\Gizmox.WebGUI.Server\Gizmox.WebGUI.Server.decompiled.cs(5977,43): warning CS8604: Possible null reference argument for parameter 's' in 'int int.Parse(string s)'. [C:\Projects\VWG\NetCore\Gizmox.WebGUI.Server\Gizmox.WebGUI.Server.csproj]
C:\Projects\VWG\NetCore\Gizmox.WebGUI.Server\Gizmox.WebGUI.Server.decompiled.cs(5978,42): warning CS8604: Possible null reference argument for parameter 's' in 'int int.Parse(string s)'. [C:\Projects\VWG\NetCore\Gizmox.WebGUI.Server\Gizmox.WebGUI.Server.csproj]
C:\Projects\VWG\NetCore\Gizmox.WebGUI.Server\Gizmox.WebGUI.Server.decompiled.cs(5979,34): warning CS8604: Possible null reference argument for parameter 's' in 'int int.Parse(string s)'. [C:\Projects\VWG\NetCore\Gizmox.WebGUI.Server\Gizmox.WebGUI.Server.csproj]
C:\Projects\VWG\NetCore\Gizmox.WebGUI.Server\Gizmox.WebGUI.Server.decompiled.cs(5980,33): warning CS8604: Possible null reference argument for parameter 's' in 'int int.Parse(string s)'. [C:\Projects\VWG\NetCore\Gizmox.WebGUI.Server\Gizmox.WebGUI.Server.csproj]
C:\Projects\VWG\NetCore\Gizmox.WebGUI.Server\Gizmox.WebGUI.Server.decompiled.cs(5981,38): warning CS8604: Possible null reference argument for parameter 's' in 'int int.Parse(string s)'. [C:\Projects\VWG\NetCore\Gizmox.WebGUI.Server\Gizmox.WebGUI.Server.csproj]
C:\Projects\VWG\NetCore\Gizmox.WebGUI.Server\Gizmox.WebGUI.Server.decompiled.cs(5982,19): warning CS8600: Converting null literal or possible null value to non-nullable type. [C:\Projects\VWG\NetCore\Gizmox.WebGUI.Server\Gizmox.WebGUI.Server.csproj]
C:\Projects\VWG\NetCore\Gizmox.WebGUI.Server\Gizmox.WebGUI.Server.decompiled.cs(5987,35): warning CS8604: Possible null reference argument for parameter 's' in 'int int.Parse(string s)'. [C:\Projects\VWG\NetCore\Gizmox.WebGUI.Server\Gizmox.WebGUI.Server.csproj]
C:\Projects\VWG\NetCore\Gizmox.WebGUI.Server\Gizmox.WebGUI.Server.decompiled.cs(5988,34): warning CS8604: Possible null reference argument for parameter 's' in 'int int.Parse(string s)'. [C:\Projects\VWG\NetCore\Gizmox.WebGUI.Server\Gizmox.WebGUI.Server.csproj]
C:\Projects\VWG\NetCore\Gizmox.WebGUI.Server\Gizmox.WebGUI.Server.decompiled.cs(10013,29): warning CS8600: Converting null literal or possible null value to non-nullable type. [C:\Projects\VWG\NetCore\Gizmox.WebGUI.Server\Gizmox.WebGUI.Server.csproj]
C:\Projects\VWG\NetCore\Gizmox.WebGUI.Server\Gizmox.WebGUI.Server.decompiled.cs(778,4): warning CS8602: Dereference of a possibly null reference. [C:\Projects\VWG\NetCore\Gizmox.WebGUI.Server\Gizmox.WebGUI.Server.csproj]
C:\Projects\VWG\NetCore\Gizmox.WebGUI.Server\Gizmox.WebGUI.Server.decompiled.cs(2641,4): warning CS8602: Dereference of a possibly null reference. [C:\Projects\VWG\NetCore\Gizmox.WebGUI.Server\Gizmox.WebGUI.Server.csproj]
C:\Projects\VWG\NetCore\Gizmox.WebGUI.Server\Gizmox.WebGUI.Server.decompiled.cs(2641,40): warning CS8625: Cannot convert null literal to non-nullable reference type. [C:\Projects\VWG\NetCore\Gizmox.WebGUI.Server\Gizmox.WebGUI.Server.csproj]
C:\Projects\VWG\NetCore\Gizmox.WebGUI.Server\Gizmox.WebGUI.Server.decompiled.cs(2679,12): warning CS8603: Possible null reference return. [C:\Projects\VWG\NetCore\Gizmox.WebGUI.Server\Gizmox.WebGUI.Server.csproj]
C:\Projects\VWG\NetCore\Gizmox.WebGUI.Server\Gizmox.WebGUI.Server.decompiled.cs(2706,22): warning CS8625: Cannot convert null literal to non-nullable reference type. [C:\Projects\VWG\NetCore\Gizmox.WebGUI.Server\Gizmox.WebGUI.Server.csproj]
C:\Projects\VWG\NetCore\Gizmox.WebGUI.Server\Gizmox.WebGUI.Server.decompiled.cs(6118,48): warning CS8604: Possible null reference argument for parameter 'strBrowserId' in 'MappedFormInfo ContextContainer.GetMappedFormInfo(Type objSourceFormType, string strBrowserId)'. [C:\Projects\VWG\NetCore\Gizmox.WebGUI.Server\Gizmox.WebGUI.Server.csproj]
C:\Projects\VWG\NetCore\Gizmox.WebGUI.Server\Gizmox.WebGUI.Server.decompiled.cs(6123,36): warning CS8600: Converting null literal or possible null value to non-nullable type. [C:\Projects\VWG\NetCore\Gizmox.WebGUI.Server\Gizmox.WebGUI.Server.csproj]
C:\Projects\VWG\NetCore\Gizmox.WebGUI.Server\Gizmox.WebGUI.Server.decompiled.cs(10146,28): warning CS8600: Converting null literal or possible null value to non-nullable type. [C:\Projects\VWG\NetCore\Gizmox.WebGUI.Server\Gizmox.WebGUI.Server.csproj]
C:\Projects\VWG\NetCore\Gizmox.WebGUI.Server\Gizmox.WebGUI.Server.decompiled.cs(10149,30): warning CS8600: Converting null literal or possible null value to non-nullable type. [C:\Projects\VWG\NetCore\Gizmox.WebGUI.Server\Gizmox.WebGUI.Server.csproj]
C:\Projects\VWG\NetCore\Gizmox.WebGUI.Server\Gizmox.WebGUI.Server.decompiled.cs(6225,11): warning CS8603: Possible null reference return. [C:\Projects\VWG\NetCore\Gizmox.WebGUI.Server\Gizmox.WebGUI.Server.csproj]
C:\Projects\VWG\NetCore\Gizmox.WebGUI.Server\Gizmox.WebGUI.Server.decompiled.cs(6242,11): warning CS8603: Possible null reference return. [C:\Projects\VWG\NetCore\Gizmox.WebGUI.Server\Gizmox.WebGUI.Server.csproj]
C:\Projects\VWG\NetCore\Gizmox.WebGUI.Server\Gizmox.WebGUI.Server.decompiled.cs(10180,29): warning CS8600: Converting null literal or possible null value to non-nullable type. [C:\Projects\VWG\NetCore\Gizmox.WebGUI.Server\Gizmox.WebGUI.Server.csproj]
C:\Projects\VWG\NetCore\Gizmox.WebGUI.Server\Gizmox.WebGUI.Server.decompiled.cs(7836,18): warning CS8600: Converting null literal or possible null value to non-nullable type. [C:\Projects\VWG\NetCore\Gizmox.WebGUI.Server\Gizmox.WebGUI.Server.csproj]
C:\Projects\VWG\NetCore\Gizmox.WebGUI.Server\Gizmox.WebGUI.Server.decompiled.cs(13618,13): warning CS8603: Possible null reference return. [C:\Projects\VWG\NetCore\Gizmox.WebGUI.Server\Gizmox.WebGUI.Server.csproj]
C:\Projects\VWG\NetCore\Gizmox.WebGUI.Server\Gizmox.WebGUI.Server.decompiled.cs(2721,22): warning CS8600: Converting null literal or possible null value to non-nullable type. [C:\Projects\VWG\NetCore\Gizmox.WebGUI.Server\Gizmox.WebGUI.Server.csproj]
C:\Projects\VWG\NetCore\Gizmox.WebGUI.Server\Gizmox.WebGUI.Server.decompiled.cs(2753,47): warning CS8600: Converting null literal or possible null value to non-nullable type. [C:\Projects\VWG\NetCore\Gizmox.WebGUI.Server\Gizmox.WebGUI.Server.csproj]
C:\Projects\VWG\NetCore\Gizmox.WebGUI.Server\Gizmox.WebGUI.Server.decompiled.cs(2755,25): warning CS8604: Possible null reference argument for parameter 'objLinkParameters' in 'string Context.GetLinkUrl(ILink objLink, ILinkParameters objLinkParameters)'. [C:\Projects\VWG\NetCore\Gizmox.WebGUI.Server\Gizmox.WebGUI.Server.csproj]
C:\Projects\VWG\NetCore\Gizmox.WebGUI.Server\Gizmox.WebGUI.Server.decompiled.cs(2759,21): warning CS8604: Possible null reference argument for parameter 'objLinkParameters' in 'string Context.GetOpenLinkMode(ILinkParameters objLinkParameters)'. [C:\Projects\VWG\NetCore\Gizmox.WebGUI.Server\Gizmox.WebGUI.Server.csproj]
C:\Projects\VWG\NetCore\Gizmox.WebGUI.Server\Gizmox.WebGUI.Server.decompiled.cs(6263,22): warning CS8600: Converting null literal or possible null value to non-nullable type. [C:\Projects\VWG\NetCore\Gizmox.WebGUI.Server\Gizmox.WebGUI.Server.csproj]
C:\Projects\VWG\NetCore\Gizmox.WebGUI.Server\Gizmox.WebGUI.Server.decompiled.cs(6264,37): warning CS8604: Possible null reference argument for parameter 'key' in 'bool Dictionary<string, FormAccessMode>.ContainsKey(string key)'. [C:\Projects\VWG\NetCore\Gizmox.WebGUI.Server\Gizmox.WebGUI.Server.csproj]
C:\Projects\VWG\NetCore\Gizmox.WebGUI.Server\Gizmox.WebGUI.Server.decompiled.cs(2980,4): warning CS8602: Dereference of a possibly null reference. [C:\Projects\VWG\NetCore\Gizmox.WebGUI.Server\Gizmox.WebGUI.Server.csproj]
C:\Projects\VWG\NetCore\Gizmox.WebGUI.Server\Gizmox.WebGUI.Server.decompiled.cs(6400,46): warning CS8600: Converting null literal or possible null value to non-nullable type. [C:\Projects\VWG\NetCore\Gizmox.WebGUI.Server\Gizmox.WebGUI.Server.csproj]
C:\Projects\VWG\NetCore\Gizmox.WebGUI.Server\Gizmox.WebGUI.Server.decompiled.cs(6403,27): warning CS8600: Converting null literal or possible null value to non-nullable type. [C:\Projects\VWG\NetCore\Gizmox.WebGUI.Server\Gizmox.WebGUI.Server.csproj]
C:\Projects\VWG\NetCore\Gizmox.WebGUI.Server\Gizmox.WebGUI.Server.decompiled.cs(6415,30): warning CS8600: Converting null literal or possible null value to non-nullable type. [C:\Projects\VWG\NetCore\Gizmox.WebGUI.Server\Gizmox.WebGUI.Server.csproj]
C:\Projects\VWG\NetCore\Gizmox.WebGUI.Server\Gizmox.WebGUI.Server.decompiled.cs(12828,11): warning CS8603: Possible null reference return. [C:\Projects\VWG\NetCore\Gizmox.WebGUI.Server\Gizmox.WebGUI.Server.csproj]
C:\Projects\VWG\NetCore\Gizmox.WebGUI.Server\Gizmox.WebGUI.Server.decompiled.cs(11873,28): warning CS8600: Converting null literal or possible null value to non-nullable type. [C:\Projects\VWG\NetCore\Gizmox.WebGUI.Server\Gizmox.WebGUI.Server.csproj]
C:\Projects\VWG\NetCore\Gizmox.WebGUI.Server\Gizmox.WebGUI.Server.decompiled.cs(13188,9): warning SYSLIB0003: 'FileIOPermission' is obsolete: 'Code Access Security is not supported or honored by the runtime.' (https://aka.ms/dotnet-warnings/SYSLIB0003) [C:\Projects\VWG\NetCore\Gizmox.WebGUI.Server\Gizmox.WebGUI.Server.csproj]
C:\Projects\VWG\NetCore\Gizmox.WebGUI.Server\Gizmox.WebGUI.Server.decompiled.cs(13188,26): warning SYSLIB0003: 'FileIOPermissionAccess' is obsolete: 'Code Access Security is not supported or honored by the runtime.' (https://aka.ms/dotnet-warnings/SYSLIB0003) [C:\Projects\VWG\NetCore\Gizmox.WebGUI.Server\Gizmox.WebGUI.Server.csproj]
C:\Projects\VWG\NetCore\Gizmox.WebGUI.Server\Gizmox.WebGUI.Server.decompiled.cs(3770,17): warning CS8600: Converting null literal or possible null value to non-nullable type. [C:\Projects\VWG\NetCore\Gizmox.WebGUI.Server\Gizmox.WebGUI.Server.csproj]
C:\Projects\VWG\NetCore\Gizmox.WebGUI.Server\Gizmox.WebGUI.Server.decompiled.cs(3780,17): warning CS8600: Converting null literal or possible null value to non-nullable type. [C:\Projects\VWG\NetCore\Gizmox.WebGUI.Server\Gizmox.WebGUI.Server.csproj]
C:\Projects\VWG\NetCore\Gizmox.WebGUI.Server\Gizmox.WebGUI.Server.decompiled.cs(3809,11): warning CS8603: Possible null reference return. [C:\Projects\VWG\NetCore\Gizmox.WebGUI.Server\Gizmox.WebGUI.Server.csproj]
C:\Projects\VWG\NetCore\Gizmox.WebGUI.Server\Gizmox.WebGUI.Server.decompiled.cs(3814,18): warning CS8602: Dereference of a possibly null reference. [C:\Projects\VWG\NetCore\Gizmox.WebGUI.Server\Gizmox.WebGUI.Server.csproj]
C:\Projects\VWG\NetCore\Gizmox.WebGUI.Server\Gizmox.WebGUI.Server.decompiled.cs(3814,18): warning CS8602: Dereference of a possibly null reference. [C:\Projects\VWG\NetCore\Gizmox.WebGUI.Server\Gizmox.WebGUI.Server.csproj]
C:\Projects\VWG\NetCore\Gizmox.WebGUI.Server\Gizmox.WebGUI.Server.decompiled.cs(3814,11): warning CS8600: Converting null literal or possible null value to non-nullable type. [C:\Projects\VWG\NetCore\Gizmox.WebGUI.Server\Gizmox.WebGUI.Server.csproj]
C:\Projects\VWG\NetCore\Gizmox.WebGUI.Server\Gizmox.WebGUI.Server.decompiled.cs(3814,11): warning CS8603: Possible null reference return. [C:\Projects\VWG\NetCore\Gizmox.WebGUI.Server\Gizmox.WebGUI.Server.csproj]
C:\Projects\VWG\NetCore\Gizmox.WebGUI.Server\Gizmox.WebGUI.Server.decompiled.cs(3820,17): warning CS8600: Converting null literal or possible null value to non-nullable type. [C:\Projects\VWG\NetCore\Gizmox.WebGUI.Server\Gizmox.WebGUI.Server.csproj]
C:\Projects\VWG\NetCore\Gizmox.WebGUI.Server\Gizmox.WebGUI.Server.decompiled.cs(3827,18): warning CS8600: Converting null literal or possible null value to non-nullable type. [C:\Projects\VWG\NetCore\Gizmox.WebGUI.Server\Gizmox.WebGUI.Server.csproj]
C:\Projects\VWG\NetCore\Gizmox.WebGUI.Server\Gizmox.WebGUI.Server.decompiled.cs(3844,16): warning CS8600: Converting null literal or possible null value to non-nullable type. [C:\Projects\VWG\NetCore\Gizmox.WebGUI.Server\Gizmox.WebGUI.Server.csproj]
C:\Projects\VWG\NetCore\Gizmox.WebGUI.Server\Gizmox.WebGUI.Server.decompiled.cs(3848,37): warning CS8604: Possible null reference argument for parameter 'strType' in 'IForm Context.CreateForm(string strPage, string strType, params object[] arrArguments)'. [C:\Projects\VWG\NetCore\Gizmox.WebGUI.Server\Gizmox.WebGUI.Server.csproj]
C:\Projects\VWG\NetCore\Gizmox.WebGUI.Server\Gizmox.WebGUI.Server.decompiled.cs(3863,11): warning CS8603: Possible null reference return. [C:\Projects\VWG\NetCore\Gizmox.WebGUI.Server\Gizmox.WebGUI.Server.csproj]
C:\Projects\VWG\NetCore\Gizmox.WebGUI.Server\Gizmox.WebGUI.Server.decompiled.cs(3855,21): warning CS0168: The variable 'ex' is declared but never used [C:\Projects\VWG\NetCore\Gizmox.WebGUI.Server\Gizmox.WebGUI.Server.csproj]
C:\Projects\VWG\NetCore\Gizmox.WebGUI.Server\Gizmox.WebGUI.Server.decompiled.cs(12382,32): warning CS8600: Converting null literal or possible null value to non-nullable type. [C:\Projects\VWG\NetCore\Gizmox.WebGUI.Server\Gizmox.WebGUI.Server.csproj]
C:\Projects\VWG\NetCore\Gizmox.WebGUI.Server\Gizmox.WebGUI.Server.decompiled.cs(3868,17): warning CS8600: Converting null literal or possible null value to non-nullable type. [C:\Projects\VWG\NetCore\Gizmox.WebGUI.Server\Gizmox.WebGUI.Server.csproj]
C:\Projects\VWG\NetCore\Gizmox.WebGUI.Server\Gizmox.WebGUI.Server.decompiled.cs(3875,17): warning CS8600: Converting null literal or possible null value to non-nullable type. [C:\Projects\VWG\NetCore\Gizmox.WebGUI.Server\Gizmox.WebGUI.Server.csproj]
C:\Projects\VWG\NetCore\Gizmox.WebGUI.Server\Gizmox.WebGUI.Server.decompiled.cs(3888,13): warning CS8600: Converting null literal or possible null value to non-nullable type. [C:\Projects\VWG\NetCore\Gizmox.WebGUI.Server\Gizmox.WebGUI.Server.csproj]
C:\Projects\VWG\NetCore\Gizmox.WebGUI.Server\Gizmox.WebGUI.Server.decompiled.cs(3895,14): warning CS8600: Converting null literal or possible null value to non-nullable type. [C:\Projects\VWG\NetCore\Gizmox.WebGUI.Server\Gizmox.WebGUI.Server.csproj]
C:\Projects\VWG\NetCore\Gizmox.WebGUI.Server\Gizmox.WebGUI.Server.decompiled.cs(3899,11): warning CS8603: Possible null reference return. [C:\Projects\VWG\NetCore\Gizmox.WebGUI.Server\Gizmox.WebGUI.Server.csproj]
C:\Projects\VWG\NetCore\Gizmox.WebGUI.Server\Gizmox.WebGUI.Server.decompiled.cs(12458,33): warning CS8600: Converting null literal or possible null value to non-nullable type. [C:\Projects\VWG\NetCore\Gizmox.WebGUI.Server\Gizmox.WebGUI.Server.csproj]
C:\Projects\VWG\NetCore\Gizmox.WebGUI.Server\Gizmox.WebGUI.Server.decompiled.cs(3923,11): warning CS8603: Possible null reference return. [C:\Projects\VWG\NetCore\Gizmox.WebGUI.Server\Gizmox.WebGUI.Server.csproj]
C:\Projects\VWG\NetCore\Gizmox.WebGUI.Server\Gizmox.WebGUI.Server.decompiled.cs(12620,19): warning CS8600: Converting null literal or possible null value to non-nullable type. [C:\Projects\VWG\NetCore\Gizmox.WebGUI.Server\Gizmox.WebGUI.Server.csproj]
C:\Projects\VWG\NetCore\Gizmox.WebGUI.Server\Gizmox.WebGUI.Server.decompiled.cs(12640,34): warning CS8600: Converting null literal or possible null value to non-nullable type. [C:\Projects\VWG\NetCore\Gizmox.WebGUI.Server\Gizmox.WebGUI.Server.csproj]
C:\Projects\VWG\NetCore\Gizmox.WebGUI.Server\Gizmox.WebGUI.Server.decompiled.cs(4073,47): warning CS8600: Converting null literal or possible null value to non-nullable type. [C:\Projects\VWG\NetCore\Gizmox.WebGUI.Server\Gizmox.WebGUI.Server.csproj]
C:\Projects\VWG\NetCore\Gizmox.WebGUI.Server\Gizmox.WebGUI.Server.decompiled.cs(4093,12): warning CS8603: Possible null reference return. [C:\Projects\VWG\NetCore\Gizmox.WebGUI.Server\Gizmox.WebGUI.Server.csproj]
C:\Projects\VWG\NetCore\Gizmox.WebGUI.Server\Gizmox.WebGUI.Server.decompiled.cs(4126,11): warning CS8603: Possible null reference return. [C:\Projects\VWG\NetCore\Gizmox.WebGUI.Server\Gizmox.WebGUI.Server.csproj]
C:\Projects\VWG\NetCore\Gizmox.WebGUI.Server\Gizmox.WebGUI.Server.decompiled.cs(4169,12): warning CS8603: Possible null reference return. [C:\Projects\VWG\NetCore\Gizmox.WebGUI.Server\Gizmox.WebGUI.Server.csproj]
C:\Projects\VWG\NetCore\Gizmox.WebGUI.Server\Gizmox.WebGUI.Server.decompiled.cs(4179,12): warning CS8603: Possible null reference return. [C:\Projects\VWG\NetCore\Gizmox.WebGUI.Server\Gizmox.WebGUI.Server.csproj]
C:\Projects\VWG\NetCore\Gizmox.WebGUI.Server\Gizmox.WebGUI.Server.decompiled.cs(4192,34): warning CS8600: Converting null literal or possible null value to non-nullable type. [C:\Projects\VWG\NetCore\Gizmox.WebGUI.Server\Gizmox.WebGUI.Server.csproj]
C:\Projects\VWG\NetCore\Gizmox.WebGUI.Server\Gizmox.WebGUI.Server.decompiled.cs(4226,23): warning CS8600: Converting null literal or possible null value to non-nullable type. [C:\Projects\VWG\NetCore\Gizmox.WebGUI.Server\Gizmox.WebGUI.Server.csproj]
C:\Projects\VWG\NetCore\Gizmox.WebGUI.Server\Gizmox.WebGUI.Server.decompiled.cs(4227,29): warning CS8600: Converting null literal or possible null value to non-nullable type. [C:\Projects\VWG\NetCore\Gizmox.WebGUI.Server\Gizmox.WebGUI.Server.csproj]
C:\Projects\VWG\NetCore\Gizmox.WebGUI.Server\Gizmox.WebGUI.Server.decompiled.cs(4228,14): warning CS8602: Dereference of a possibly null reference. [C:\Projects\VWG\NetCore\Gizmox.WebGUI.Server\Gizmox.WebGUI.Server.csproj]
C:\Projects\VWG\NetCore\Gizmox.WebGUI.Server\Gizmox.WebGUI.Server.decompiled.cs(4246,26): warning CS8600: Converting null literal or possible null value to non-nullable type. [C:\Projects\VWG\NetCore\Gizmox.WebGUI.Server\Gizmox.WebGUI.Server.csproj]
C:\Projects\VWG\NetCore\Gizmox.WebGUI.Server\Gizmox.WebGUI.Server.decompiled.cs(4250,4): warning CS8602: Dereference of a possibly null reference. [C:\Projects\VWG\NetCore\Gizmox.WebGUI.Server\Gizmox.WebGUI.Server.csproj]
C:\Projects\VWG\NetCore\Gizmox.WebGUI.Server\Gizmox.WebGUI.Server.decompiled.cs(4251,4): warning CS8602: Dereference of a possibly null reference. [C:\Projects\VWG\NetCore\Gizmox.WebGUI.Server\Gizmox.WebGUI.Server.csproj]
C:\Projects\VWG\NetCore\Gizmox.WebGUI.Server\Gizmox.WebGUI.Server.decompiled.cs(4349,34): warning CS8600: Converting null literal or possible null value to non-nullable type. [C:\Projects\VWG\NetCore\Gizmox.WebGUI.Server\Gizmox.WebGUI.Server.csproj]
C:\Projects\VWG\NetCore\Gizmox.WebGUI.Server\Gizmox.WebGUI.Server.decompiled.cs(4388,12): warning CS8603: Possible null reference return. [C:\Projects\VWG\NetCore\Gizmox.WebGUI.Server\Gizmox.WebGUI.Server.csproj]
C:\Projects\VWG\NetCore\Gizmox.WebGUI.Server\Gizmox.WebGUI.Server.decompiled.cs(4601,63): warning CS0169: The field 'ContextContainer.mobjVisualTemplatesData' is never used [C:\Projects\VWG\NetCore\Gizmox.WebGUI.Server\Gizmox.WebGUI.Server.csproj]
C:\Projects\VWG\NetCore\Gizmox.WebGUI.Server\Gizmox.WebGUI.Server.decompiled.cs(12146,46): warning CS0169: The field 'c78e5c1fcf0436550622498d41cad2569.c2b5ce7f7a0d2fd0cf5c029026ff5edce' is never used [C:\Projects\VWG\NetCore\Gizmox.WebGUI.Server\Gizmox.WebGUI.Server.csproj]
C:\Projects\VWG\NetCore\Gizmox.WebGUI.Server\Gizmox.WebGUI.Server.decompiled.cs(4568,16): warning CS0169: The field 'ContextContainer.mblnSupportBorderRadius' is never used [C:\Projects\VWG\NetCore\Gizmox.WebGUI.Server\Gizmox.WebGUI.Server.csproj]
C:\Projects\VWG\NetCore\Gizmox.WebGUI.Server\Gizmox.WebGUI.Server.decompiled.cs(13594,16): warning CS0169: The field 'cace92c1d33698dcd2e5827f7129bb7f3.cc77c92d8719a2d4aa7946c176fa59c60' is never used [C:\Projects\VWG\NetCore\Gizmox.WebGUI.Server\Gizmox.WebGUI.Server.csproj]
C:\Projects\VWG\NetCore\Gizmox.WebGUI.Server\Gizmox.WebGUI.Server.decompiled.cs(17273,62): warning CS0649: Field 'c03836b967832c5af40c98cf7300bc21d.ce668bbbb6572e5ef53619f9d283bb280' is never assigned to, and will always have its default value [C:\Projects\VWG\NetCore\Gizmox.WebGUI.Server\Gizmox.WebGUI.Server.csproj]
C:\Projects\VWG\NetCore\Gizmox.WebGUI.Server\Gizmox.WebGUI.Server.decompiled.cs(8480,25): warning CS0414: The field 'Request.mobjDocument' is assigned but its value is never used [C:\Projects\VWG\NetCore\Gizmox.WebGUI.Server\Gizmox.WebGUI.Server.csproj]
C:\Projects\VWG\NetCore\Gizmox.WebGUI.Server\Gizmox.WebGUI.Server.decompiled.cs(13590,16): warning CS0414: The field 'cace92c1d33698dcd2e5827f7129bb7f3.cd93a432034cb723db2c915f775f979e0' is assigned but its value is never used [C:\Projects\VWG\NetCore\Gizmox.WebGUI.Server\Gizmox.WebGUI.Server.csproj]
C:\Projects\VWG\NetCore\Gizmox.WebGUI.Server\Gizmox.WebGUI.Server.decompiled.cs(122,15): warning CS0414: The field 'c1aa09394d9e776d366c1c429ca623754.c55bfa65df757cfb294c5ff88a1faba92' is assigned but its value is never used [C:\Projects\VWG\NetCore\Gizmox.WebGUI.Server\Gizmox.WebGUI.Server.csproj]
C:\Projects\VWG\NetCore\Gizmox.WebGUI.Server\Gizmox.WebGUI.Server.decompiled.cs(124,15): warning CS0414: The field 'c1aa09394d9e776d366c1c429ca623754.c4a0ebb17332b8bf5b4947dd1ed6f7b28' is assigned but its value is never used [C:\Projects\VWG\NetCore\Gizmox.WebGUI.Server\Gizmox.WebGUI.Server.csproj]
C:\Projects\VWG\NetCore\Gizmox.WebGUI.Server\Gizmox.WebGUI.Server.decompiled.cs(10811,28): warning CS0414: The field 'c161856d0e44a0e392f8f2936b6dd3011.c59e1f2bb25a053d476118c5de9e86166' is assigned but its value is never used [C:\Projects\VWG\NetCore\Gizmox.WebGUI.Server\Gizmox.WebGUI.Server.csproj]
  Gizmox.WebGUI.Server -> C:\Projects\VWG\NetCore\Gizmox.WebGUI.Server\bin\Debug\net8.0-windows\Gizmox.WebGUI.Server.dll

Build succeeded.

C:\Projects\VWG\NetCore\Gizmox.WebGUI.Common\Generated\Gizmox\WebGUI\Forms\Skins\Resources\BrowserCapabilities.cs(109,15): warning CS0659: 'BrowserCapabilities' overrides Object.Equals(object o) but does not override Object.GetHashCode() [C:\Projects\VWG\NetCore\Gizmox.WebGUI.Common\Gizmox.WebGUI.Common.csproj]
C:\Projects\VWG\NetCore\Gizmox.WebGUI.Common\Generated\A\TC.cs(120,5): warning SYSLIB0021: 'DESCryptoServiceProvider' is obsolete: 'Derived cryptographic types are obsolete. Use the Create method on the base type instead.' (https://aka.ms/dotnet-warnings/SYSLIB0021) [C:\Projects\VWG\NetCore\Gizmox.WebGUI.Common\Gizmox.WebGUI.Common.csproj]
C:\Projects\VWG\NetCore\Gizmox.WebGUI.Common\Generated\A\TC.cs(120,61): warning SYSLIB0021: 'DESCryptoServiceProvider' is obsolete: 'Derived cryptographic types are obsolete. Use the Create method on the base type instead.' (https://aka.ms/dotnet-warnings/SYSLIB0021) [C:\Projects\VWG\NetCore\Gizmox.WebGUI.Common\Gizmox.WebGUI.Common.csproj]
C:\Projects\VWG\NetCore\Gizmox.WebGUI.Common\Generated\Gizmox\WebGUI\Common\Tokens\Xslt\XsltTokenReader.cs(171,10): warning CS0219: The variable 'token' is assigned but its value is never used [C:\Projects\VWG\NetCore\Gizmox.WebGUI.Common\Gizmox.WebGUI.Common.csproj]
C:\Projects\VWG\NetCore\Gizmox.WebGUI.Common\Generated\Gizmox\WebGUI\Common\Tokens\Xml\XmlTokenReader.cs(147,20): warning CS0219: The variable 'xmlTokenContext' is assigned but its value is never used [C:\Projects\VWG\NetCore\Gizmox.WebGUI.Common\Gizmox.WebGUI.Common.csproj]
C:\Projects\VWG\NetCore\Gizmox.WebGUI.Common\Generated\Gizmox\WebGUI\Common\Tokens\Xml\XmlContentTokenReader.cs(127,10): warning CS0219: The variable 'token' is assigned but its value is never used [C:\Projects\VWG\NetCore\Gizmox.WebGUI.Common\Gizmox.WebGUI.Common.csproj]
C:\Projects\VWG\NetCore\Gizmox.WebGUI.Common\Generated\Gizmox\WebGUI\CommonUtils.cs(3105,20): warning SYSLIB0041: 'Rfc2898DeriveBytes.Rfc2898DeriveBytes(string, byte[])' is obsolete: 'The default hash algorithm and iteration counts in Rfc2898DeriveBytes constructors are outdated and insecure. Use a constructor that accepts the hash algorithm and the number of iterations.' (https://aka.ms/dotnet-warnings/SYSLIB0041) [C:\Projects\VWG\NetCore\Gizmox.WebGUI.Common\Gizmox.WebGUI.Common.csproj]
C:\Projects\VWG\NetCore\Gizmox.WebGUI.Common\Generated\Gizmox\WebGUI\CommonUtils.cs(3106,37): warning SYSLIB0022: 'RijndaelManaged' is obsolete: 'The Rijndael and RijndaelManaged types are obsolete. Use Aes instead.' (https://aka.ms/dotnet-warnings/SYSLIB0022) [C:\Projects\VWG\NetCore\Gizmox.WebGUI.Common\Gizmox.WebGUI.Common.csproj]
C:\Projects\VWG\NetCore\Gizmox.WebGUI.Common\Generated\Gizmox\WebGUI\CommonUtils.cs(3155,20): warning SYSLIB0041: 'Rfc2898DeriveBytes.Rfc2898DeriveBytes(string, byte[])' is obsolete: 'The default hash algorithm and iteration counts in Rfc2898DeriveBytes constructors are outdated and insecure. Use a constructor that accepts the hash algorithm and the number of iterations.' (https://aka.ms/dotnet-warnings/SYSLIB0041) [C:\Projects\VWG\NetCore\Gizmox.WebGUI.Common\Gizmox.WebGUI.Common.csproj]
C:\Projects\VWG\NetCore\Gizmox.WebGUI.Common\Generated\Gizmox\WebGUI\CommonUtils.cs(3156,38): warning SYSLIB0022: 'RijndaelManaged' is obsolete: 'The Rijndael and RijndaelManaged types are obsolete. Use Aes instead.' (https://aka.ms/dotnet-warnings/SYSLIB0022) [C:\Projects\VWG\NetCore\Gizmox.WebGUI.Common\Gizmox.WebGUI.Common.csproj]
C:\Projects\VWG\NetCore\Gizmox.WebGUI.Common\Generated\A\I.cs(199,18): warning SYSLIB0012: 'Assembly.CodeBase' is obsolete: 'Assembly.CodeBase and Assembly.EscapedCodeBase are only included for .NET Framework compatibility. Use Assembly.Location.' (https://aka.ms/dotnet-warnings/SYSLIB0012) [C:\Projects\VWG\NetCore\Gizmox.WebGUI.Common\Gizmox.WebGUI.Common.csproj]
C:\Projects\VWG\NetCore\Gizmox.WebGUI.Common\Generated\A\IC.cs(165,10): warning CS0219: The variable 'token' is assigned but its value is never used [C:\Projects\VWG\NetCore\Gizmox.WebGUI.Common\Gizmox.WebGUI.Common.csproj]
C:\Projects\VWG\NetCore\Gizmox.WebGUI.Common\Generated\Gizmox\WebGUI\Common\Tokens\TokenReader.cs(759,10): warning CS0219: The variable 'token' is assigned but its value is never used [C:\Projects\VWG\NetCore\Gizmox.WebGUI.Common\Gizmox.WebGUI.Common.csproj]
C:\Projects\VWG\NetCore\Gizmox.WebGUI.Common\Generated\Gizmox\WebGUI\Common\Tokens\Reg\RegTokenReader.cs(129,10): warning CS0219: The variable 'token' is assigned but its value is never used [C:\Projects\VWG\NetCore\Gizmox.WebGUI.Common\Gizmox.WebGUI.Common.csproj]
C:\Projects\VWG\NetCore\Gizmox.WebGUI.Common\Generated\Gizmox\WebGUI\Common\Resources\TypeResourceHandle.cs(241,37): warning CS0219: The variable 'resourceManager' is assigned but its value is never used [C:\Projects\VWG\NetCore\Gizmox.WebGUI.Common\Gizmox.WebGUI.Common.csproj]
C:\Projects\VWG\NetCore\Gizmox.WebGUI.Common\Generated\Gizmox\WebGUI\Common\Resources\FileHandleCollection.cs(121,4): warning SYSLIB0051: 'NameObjectCollectionBase.NameObjectCollectionBase(SerializationInfo, StreamingContext)' is obsolete: 'This API supports obsolete formatter-based serialization. It should not be called or extended by application code.' (https://aka.ms/dotnet-warnings/SYSLIB0051) [C:\Projects\VWG\NetCore\Gizmox.WebGUI.Common\Gizmox.WebGUI.Common.csproj]
C:\Projects\VWG\NetCore\Gizmox.WebGUI.Common\Generated\Gizmox\WebGUI\Common\Tokens\Css\CssTokenReader.cs(129,10): warning CS0219: The variable 'token' is assigned but its value is never used [C:\Projects\VWG\NetCore\Gizmox.WebGUI.Common\Gizmox.WebGUI.Common.csproj]
C:\Projects\VWG\NetCore\Gizmox.WebGUI.Common\Generated\Gizmox\WebGUI\Forms\SerializableProperty.cs(164,11): warning SYSLIB0050: 'Type.IsSerializable' is obsolete: 'Formatter-based serialization is obsolete and should not be used.' (https://aka.ms/dotnet-warnings/SYSLIB0050) [C:\Projects\VWG\NetCore\Gizmox.WebGUI.Common\Gizmox.WebGUI.Common.csproj]
C:\Projects\VWG\NetCore\Gizmox.WebGUI.Common\Generated\Gizmox\WebGUI\Forms\SerializationWriter.cs(313,14): warning SYSLIB0050: 'Type.IsSerializable' is obsolete: 'Formatter-based serialization is obsolete and should not be used.' (https://aka.ms/dotnet-warnings/SYSLIB0050) [C:\Projects\VWG\NetCore\Gizmox.WebGUI.Common\Gizmox.WebGUI.Common.csproj]
C:\Projects\VWG\NetCore\Gizmox.WebGUI.Common\Generated\Gizmox\WebGUI\Forms\Serialization\SerializableBitVector32.cs(204,19): warning CS0675: Bitwise-or operator used on a sign-extended operand; consider casting to a smaller unsigned type first [C:\Projects\VWG\NetCore\Gizmox.WebGUI.Common\Gizmox.WebGUI.Common.csproj]
C:\Projects\VWG\NetCore\Gizmox.WebGUI.Common\Generated\Gizmox\WebGUI\Forms\Skins\SkinDataStore.cs(280,44): warning CS0168: The variable 'ex' is declared but never used [C:\Projects\VWG\NetCore\Gizmox.WebGUI.Common\Gizmox.WebGUI.Common.csproj]
C:\Projects\VWG\NetCore\Gizmox.WebGUI.Common\Generated\Gizmox\WebGUI\Common\Configuration\Config.cs(113,18): warning CS0649: Field 'Config.OC.A' is never assigned to, and will always have its default value null [C:\Projects\VWG\NetCore\Gizmox.WebGUI.Common\Gizmox.WebGUI.Common.csproj]
C:\Projects\VWG\NetCore\Gizmox.WebGUI.Common\Generated\A\SC.cs(115,31): warning CS0649: Field 'SC.A' is never assigned to, and will always have its default value [C:\Projects\VWG\NetCore\Gizmox.WebGUI.Common\Gizmox.WebGUI.Common.csproj]
C:\Projects\VWG\NetCore\Gizmox.WebGUI.Common\Generated\Gizmox\WebGUI\Common\Configuration\Config.cs(157,16): warning CS0649: Field 'Config.mblnRightToLeft' is never assigned to, and will always have its default value false [C:\Projects\VWG\NetCore\Gizmox.WebGUI.Common\Gizmox.WebGUI.Common.csproj]
C:\Projects\VWG\NetCore\Gizmox.WebGUI.Common\Generated\Gizmox\WebGUI\Common\Tokens\TokenReader.cs(123,15): warning CS0649: Field 'TokenReader.D' is never assigned to, and will always have its default value 0 [C:\Projects\VWG\NetCore\Gizmox.WebGUI.Common\Gizmox.WebGUI.Common.csproj]
C:\Projects\VWG\NetCore\Gizmox.WebGUI.Common\Generated\Gizmox\WebGUI\Forms\Skins\SkinMultiValue.cs(120,16): warning CS0649: Field 'SkinMultiValue.mblnIsInitializing' is never assigned to, and will always have its default value false [C:\Projects\VWG\NetCore\Gizmox.WebGUI.Common\Gizmox.WebGUI.Common.csproj]
C:\Projects\VWG\NetCore\Gizmox.WebGUI.Common\Generated\Gizmox\WebGUI\Common\DeviceRepository\BrowserRepository.cs(625,26): warning CS0649: Field 'BrowserRepository.SystemCapabilityMatch.mobjCurrentBrowser' is never assigned to, and will always have its default value null [C:\Projects\VWG\NetCore\Gizmox.WebGUI.Common\Gizmox.WebGUI.Common.csproj]
C:\Projects\VWG\NetCore\Gizmox.WebGUI.Common\Generated\Gizmox\WebGUI\Forms\VisualTemplateAttribute.cs(113,20): warning CS0169: The field 'VisualTemplateAttribute.mstrDevicesList' is never used [C:\Projects\VWG\NetCore\Gizmox.WebGUI.Common\Gizmox.WebGUI.Common.csproj]
C:\Projects\VWG\NetCore\Gizmox.WebGUI.Common\Generated\Gizmox\WebGUI\Hosting\HostContext.cs(118,21): warning CS0169: The field 'HostContext.mobjCache' is never used [C:\Projects\VWG\NetCore\Gizmox.WebGUI.Common\Gizmox.WebGUI.Common.csproj]
C:\Projects\VWG\NetCore\Gizmox.WebGUI.Common\Generated\A\I.cs(115,16): warning CS0414: The field 'I.m_I' is assigned but its value is never used [C:\Projects\VWG\NetCore\Gizmox.WebGUI.Common\Gizmox.WebGUI.Common.csproj]
C:\Projects\VWG\NetCore\Gizmox.WebGUI.Common\Generated\Gizmox\WebGUI\Common\Tokens\JS\JSTokenReader.cs(117,16): warning CS0414: The field 'JSTokenReader.BB' is assigned but its value is never used [C:\Projects\VWG\NetCore\Gizmox.WebGUI.Common\Gizmox.WebGUI.Common.csproj]
C:\Projects\VWG\NetCore\Gizmox.WebGUI.Server\Gizmox.WebGUI.Server.decompiled.cs(15209,26): warning CS8600: Converting null literal or possible null value to non-nullable type. [C:\Projects\VWG\NetCore\Gizmox.WebGUI.Server\Gizmox.WebGUI.Server.csproj]
C:\Projects\VWG\NetCore\Gizmox.WebGUI.Server\Gizmox.WebGUI.Server.decompiled.cs(4639,12): warning CS8603: Possible null reference return. [C:\Projects\VWG\NetCore\Gizmox.WebGUI.Server\Gizmox.WebGUI.Server.csproj]
C:\Projects\VWG\NetCore\Gizmox.WebGUI.Server\Gizmox.WebGUI.Server.decompiled.cs(15139,12): warning CS8603: Possible null reference return. [C:\Projects\VWG\NetCore\Gizmox.WebGUI.Server\Gizmox.WebGUI.Server.csproj]
C:\Projects\VWG\NetCore\Gizmox.WebGUI.Server\Gizmox.WebGUI.Server.decompiled.cs(15151,12): warning CS8603: Possible null reference return. [C:\Projects\VWG\NetCore\Gizmox.WebGUI.Server\Gizmox.WebGUI.Server.csproj]
C:\Projects\VWG\NetCore\Gizmox.WebGUI.Server\Gizmox.WebGUI.Server.decompiled.cs(4663,12): warning CS8603: Possible null reference return. [C:\Projects\VWG\NetCore\Gizmox.WebGUI.Server\Gizmox.WebGUI.Server.csproj]
C:\Projects\VWG\NetCore\Gizmox.WebGUI.Server\Gizmox.WebGUI.Server.decompiled.cs(15063,12): warning CS8603: Possible null reference return. [C:\Projects\VWG\NetCore\Gizmox.WebGUI.Server\Gizmox.WebGUI.Server.csproj]
C:\Projects\VWG\NetCore\Gizmox.WebGUI.Server\Gizmox.WebGUI.Server.decompiled.cs(15075,12): warning CS8603: Possible null reference return. [C:\Projects\VWG\NetCore\Gizmox.WebGUI.Server\Gizmox.WebGUI.Server.csproj]
C:\Projects\VWG\NetCore\Gizmox.WebGUI.Server\Gizmox.WebGUI.Server.decompiled.cs(4708,12): warning CS8603: Possible null reference return. [C:\Projects\VWG\NetCore\Gizmox.WebGUI.Server\Gizmox.WebGUI.Server.csproj]
C:\Projects\VWG\NetCore\Gizmox.WebGUI.Server\Gizmox.WebGUI.Server.decompiled.cs(7451,33): warning CS8600: Converting null literal or possible null value to non-nullable type. [C:\Projects\VWG\NetCore\Gizmox.WebGUI.Server\Gizmox.WebGUI.Server.csproj]
C:\Projects\VWG\NetCore\Gizmox.WebGUI.Server\Gizmox.WebGUI.Server.decompiled.cs(4720,12): warning CS8603: Possible null reference return. [C:\Projects\VWG\NetCore\Gizmox.WebGUI.Server\Gizmox.WebGUI.Server.csproj]
C:\Projects\VWG\NetCore\Gizmox.WebGUI.Server\Gizmox.WebGUI.Server.decompiled.cs(10620,20): warning CS8600: Converting null literal or possible null value to non-nullable type. [C:\Projects\VWG\NetCore\Gizmox.WebGUI.Server\Gizmox.WebGUI.Server.csproj]
C:\Projects\VWG\NetCore\Gizmox.WebGUI.Server\Gizmox.WebGUI.Server.decompiled.cs(4732,12): warning CS8603: Possible null reference return. [C:\Projects\VWG\NetCore\Gizmox.WebGUI.Server\Gizmox.WebGUI.Server.csproj]
C:\Projects\VWG\NetCore\Gizmox.WebGUI.Server\Gizmox.WebGUI.Server.decompiled.cs(4924,13): warning CS8603: Possible null reference return. [C:\Projects\VWG\NetCore\Gizmox.WebGUI.Server\Gizmox.WebGUI.Server.csproj]
C:\Projects\VWG\NetCore\Gizmox.WebGUI.Server\Gizmox.WebGUI.Server.decompiled.cs(4926,12): warning CS8603: Possible null reference return. [C:\Projects\VWG\NetCore\Gizmox.WebGUI.Server\Gizmox.WebGUI.Server.csproj]
C:\Projects\VWG\NetCore\Gizmox.WebGUI.Server\Gizmox.WebGUI.Server.decompiled.cs(1448,12): warning CS8603: Possible null reference return. [C:\Projects\VWG\NetCore\Gizmox.WebGUI.Server\Gizmox.WebGUI.Server.csproj]
C:\Projects\VWG\NetCore\Gizmox.WebGUI.Server\Gizmox.WebGUI.Server.decompiled.cs(10526,4): warning SYSLIB0051: 'NameValueCollection.NameValueCollection(SerializationInfo, StreamingContext)' is obsolete: 'This API supports obsolete formatter-based serialization. It should not be called or extended by application code.' (https://aka.ms/dotnet-warnings/SYSLIB0051) [C:\Projects\VWG\NetCore\Gizmox.WebGUI.Server\Gizmox.WebGUI.Server.csproj]
C:\Projects\VWG\NetCore\Gizmox.WebGUI.Server\Gizmox.WebGUI.Server.decompiled.cs(5123,13): warning CS8603: Possible null reference return. [C:\Projects\VWG\NetCore\Gizmox.WebGUI.Server\Gizmox.WebGUI.Server.csproj]
C:\Projects\VWG\NetCore\Gizmox.WebGUI.Server\Gizmox.WebGUI.Server.decompiled.cs(5133,12): warning CS8603: Possible null reference return. [C:\Projects\VWG\NetCore\Gizmox.WebGUI.Server\Gizmox.WebGUI.Server.csproj]
C:\Projects\VWG\NetCore\Gizmox.WebGUI.Server\Gizmox.WebGUI.Server.decompiled.cs(5143,12): warning CS8603: Possible null reference return. [C:\Projects\VWG\NetCore\Gizmox.WebGUI.Server\Gizmox.WebGUI.Server.csproj]
C:\Projects\VWG\NetCore\Gizmox.WebGUI.Server\Gizmox.WebGUI.Server.decompiled.cs(14710,11): warning CS8603: Possible null reference return. [C:\Projects\VWG\NetCore\Gizmox.WebGUI.Server\Gizmox.WebGUI.Server.csproj]
C:\Projects\VWG\NetCore\Gizmox.WebGUI.Server\Gizmox.WebGUI.Server.decompiled.cs(14715,11): warning CS8603: Possible null reference return. [C:\Projects\VWG\NetCore\Gizmox.WebGUI.Server\Gizmox.WebGUI.Server.csproj]
C:\Projects\VWG\NetCore\Gizmox.WebGUI.Server\Gizmox.WebGUI.Server.decompiled.cs(14720,11): warning CS8603: Possible null reference return. [C:\Projects\VWG\NetCore\Gizmox.WebGUI.Server\Gizmox.WebGUI.Server.csproj]
C:\Projects\VWG\NetCore\Gizmox.WebGUI.Server\Gizmox.WebGUI.Server.decompiled.cs(7982,25): warning CS8601: Possible null reference assignment. [C:\Projects\VWG\NetCore\Gizmox.WebGUI.Server\Gizmox.WebGUI.Server.csproj]
C:\Projects\VWG\NetCore\Gizmox.WebGUI.Server\Gizmox.WebGUI.Server.decompiled.cs(8000,21): warning CS8600: Converting null literal or possible null value to non-nullable type. [C:\Projects\VWG\NetCore\Gizmox.WebGUI.Server\Gizmox.WebGUI.Server.csproj]
C:\Projects\VWG\NetCore\Gizmox.WebGUI.Server\Gizmox.WebGUI.Server.decompiled.cs(8049,21): warning CS0168: The variable 'ex' is declared but never used [C:\Projects\VWG\NetCore\Gizmox.WebGUI.Server\Gizmox.WebGUI.Server.csproj]
C:\Projects\VWG\NetCore\Gizmox.WebGUI.Server\Gizmox.WebGUI.Server.decompiled.cs(5270,38): warning CS8603: Possible null reference return. [C:\Projects\VWG\NetCore\Gizmox.WebGUI.Server\Gizmox.WebGUI.Server.csproj]
C:\Projects\VWG\NetCore\Gizmox.WebGUI.Server\Gizmox.WebGUI.Server.decompiled.cs(5276,12): warning CS8603: Possible null reference return. [C:\Projects\VWG\NetCore\Gizmox.WebGUI.Server\Gizmox.WebGUI.Server.csproj]
C:\Projects\VWG\NetCore\Gizmox.WebGUI.Server\Gizmox.WebGUI.Server.decompiled.cs(5288,12): warning CS8603: Possible null reference return. [C:\Projects\VWG\NetCore\Gizmox.WebGUI.Server\Gizmox.WebGUI.Server.csproj]
C:\Projects\VWG\NetCore\Gizmox.WebGUI.Server\Gizmox.WebGUI.Server.decompiled.cs(8067,19): warning CS8600: Converting null literal or possible null value to non-nullable type. [C:\Projects\VWG\NetCore\Gizmox.WebGUI.Server\Gizmox.WebGUI.Server.csproj]
C:\Projects\VWG\NetCore\Gizmox.WebGUI.Server\Gizmox.WebGUI.Server.decompiled.cs(10512,4): warning SYSLIB0051: 'NameValueCollection.NameValueCollection(SerializationInfo, StreamingContext)' is obsolete: 'This API supports obsolete formatter-based serialization. It should not be called or extended by application code.' (https://aka.ms/dotnet-warnings/SYSLIB0051) [C:\Projects\VWG\NetCore\Gizmox.WebGUI.Server\Gizmox.WebGUI.Server.csproj]
C:\Projects\VWG\NetCore\Gizmox.WebGUI.Server\Gizmox.WebGUI.Server.decompiled.cs(5333,12): warning CS8603: Possible null reference return. [C:\Projects\VWG\NetCore\Gizmox.WebGUI.Server\Gizmox.WebGUI.Server.csproj]
C:\Projects\VWG\NetCore\Gizmox.WebGUI.Server\Gizmox.WebGUI.Server.decompiled.cs(8832,15): warning CS8604: Possible null reference argument for parameter 'strSource' in 'void Response.WriteError(string strSource, string strMessage, ref IResponseWriter objResponseWriter)'. [C:\Projects\VWG\NetCore\Gizmox.WebGUI.Server\Gizmox.WebGUI.Server.csproj]
C:\Projects\VWG\NetCore\Gizmox.WebGUI.Server\Gizmox.WebGUI.Server.decompiled.cs(5366,18): warning CS8600: Converting null literal or possible null value to non-nullable type. [C:\Projects\VWG\NetCore\Gizmox.WebGUI.Server\Gizmox.WebGUI.Server.csproj]
C:\Projects\VWG\NetCore\Gizmox.WebGUI.Server\Gizmox.WebGUI.Server.decompiled.cs(5376,12): warning CS8603: Possible null reference return. [C:\Projects\VWG\NetCore\Gizmox.WebGUI.Server\Gizmox.WebGUI.Server.csproj]
C:\Projects\VWG\NetCore\Gizmox.WebGUI.Server\Gizmox.WebGUI.Server.decompiled.cs(9165,18): warning CS8600: Converting null literal or possible null value to non-nullable type. [C:\Projects\VWG\NetCore\Gizmox.WebGUI.Server\Gizmox.WebGUI.Server.csproj]
C:\Projects\VWG\NetCore\Gizmox.WebGUI.Server\Gizmox.WebGUI.Server.decompiled.cs(1768,13): warning CS8603: Possible null reference return. [C:\Projects\VWG\NetCore\Gizmox.WebGUI.Server\Gizmox.WebGUI.Server.csproj]
C:\Projects\VWG\NetCore\Gizmox.WebGUI.Server\Gizmox.WebGUI.Server.decompiled.cs(14553,46): warning CS8600: Converting null literal or possible null value to non-nullable type. [C:\Projects\VWG\NetCore\Gizmox.WebGUI.Server\Gizmox.WebGUI.Server.csproj]
C:\Projects\VWG\NetCore\Gizmox.WebGUI.Server\Gizmox.WebGUI.Server.decompiled.cs(14557,81): warning CS8600: Converting null literal or possible null value to non-nullable type. [C:\Projects\VWG\NetCore\Gizmox.WebGUI.Server\Gizmox.WebGUI.Server.csproj]
C:\Projects\VWG\NetCore\Gizmox.WebGUI.Server\Gizmox.WebGUI.Server.decompiled.cs(14569,83): warning CS8600: Converting null literal or possible null value to non-nullable type. [C:\Projects\VWG\NetCore\Gizmox.WebGUI.Server\Gizmox.WebGUI.Server.csproj]
C:\Projects\VWG\NetCore\Gizmox.WebGUI.Server\Gizmox.WebGUI.Server.decompiled.cs(1792,13): warning CS8603: Possible null reference return. [C:\Projects\VWG\NetCore\Gizmox.WebGUI.Server\Gizmox.WebGUI.Server.csproj]
C:\Projects\VWG\NetCore\Gizmox.WebGUI.Server\Gizmox.WebGUI.Server.decompiled.cs(14614,11): warning CS8603: Possible null reference return. [C:\Projects\VWG\NetCore\Gizmox.WebGUI.Server\Gizmox.WebGUI.Server.csproj]
C:\Projects\VWG\NetCore\Gizmox.WebGUI.Server\Gizmox.WebGUI.Server.decompiled.cs(1816,13): warning CS8603: Possible null reference return. [C:\Projects\VWG\NetCore\Gizmox.WebGUI.Server\Gizmox.WebGUI.Server.csproj]
C:\Projects\VWG\NetCore\Gizmox.WebGUI.Server\Gizmox.WebGUI.Server.decompiled.cs(1840,13): warning CS8603: Possible null reference return. [C:\Projects\VWG\NetCore\Gizmox.WebGUI.Server\Gizmox.WebGUI.Server.csproj]
C:\Projects\VWG\NetCore\Gizmox.WebGUI.Server\Gizmox.WebGUI.Server.decompiled.cs(1871,13): warning CS8603: Possible null reference return. [C:\Projects\VWG\NetCore\Gizmox.WebGUI.Server\Gizmox.WebGUI.Server.csproj]
C:\Projects\VWG\NetCore\Gizmox.WebGUI.Server\Gizmox.WebGUI.Server.decompiled.cs(9617,27): warning CS8600: Converting null literal or possible null value to non-nullable type. [C:\Projects\VWG\NetCore\Gizmox.WebGUI.Server\Gizmox.WebGUI.Server.csproj]
C:\Projects\VWG\NetCore\Gizmox.WebGUI.Server\Gizmox.WebGUI.Server.decompiled.cs(10452,4): warning SYSLIB0051: 'NameValueCollection.NameValueCollection(SerializationInfo, StreamingContext)' is obsolete: 'This API supports obsolete formatter-based serialization. It should not be called or extended by application code.' (https://aka.ms/dotnet-warnings/SYSLIB0051) [C:\Projects\VWG\NetCore\Gizmox.WebGUI.Server\Gizmox.WebGUI.Server.csproj]
C:\Projects\VWG\NetCore\Gizmox.WebGUI.Server\Gizmox.WebGUI.Server.decompiled.cs(9261,52): warning CS8625: Cannot convert null literal to non-nullable reference type. [C:\Projects\VWG\NetCore\Gizmox.WebGUI.Server\Gizmox.WebGUI.Server.csproj]
C:\Projects\VWG\NetCore\Gizmox.WebGUI.Server\Gizmox.WebGUI.Server.decompiled.cs(8115,21): warning CS8600: Converting null literal or possible null value to non-nullable type. [C:\Projects\VWG\NetCore\Gizmox.WebGUI.Server\Gizmox.WebGUI.Server.csproj]
C:\Projects\VWG\NetCore\Gizmox.WebGUI.Server\Gizmox.WebGUI.Server.decompiled.cs(8140,21): warning CS8600: Converting null literal or possible null value to non-nullable type. [C:\Projects\VWG\NetCore\Gizmox.WebGUI.Server\Gizmox.WebGUI.Server.csproj]
C:\Projects\VWG\NetCore\Gizmox.WebGUI.Server\Gizmox.WebGUI.Server.decompiled.cs(8233,53): warning CS8602: Dereference of a possibly null reference. [C:\Projects\VWG\NetCore\Gizmox.WebGUI.Server\Gizmox.WebGUI.Server.csproj]
C:\Projects\VWG\NetCore\Gizmox.WebGUI.Server\Gizmox.WebGUI.Server.decompiled.cs(2110,13): warning CS8603: Possible null reference return. [C:\Projects\VWG\NetCore\Gizmox.WebGUI.Server\Gizmox.WebGUI.Server.csproj]
C:\Projects\VWG\NetCore\Gizmox.WebGUI.Server\Gizmox.WebGUI.Server.decompiled.cs(2134,13): warning CS8603: Possible null reference return. [C:\Projects\VWG\NetCore\Gizmox.WebGUI.Server\Gizmox.WebGUI.Server.csproj]
C:\Projects\VWG\NetCore\Gizmox.WebGUI.Server\Gizmox.WebGUI.Server.decompiled.cs(9276,52): warning CS8625: Cannot convert null literal to non-nullable reference type. [C:\Projects\VWG\NetCore\Gizmox.WebGUI.Server\Gizmox.WebGUI.Server.csproj]
C:\Projects\VWG\NetCore\Gizmox.WebGUI.Server\Gizmox.WebGUI.Server.decompiled.cs(2144,12): warning CS8603: Possible null reference return. [C:\Projects\VWG\NetCore\Gizmox.WebGUI.Server\Gizmox.WebGUI.Server.csproj]
C:\Projects\VWG\NetCore\Gizmox.WebGUI.Server\Gizmox.WebGUI.Server.decompiled.cs(2155,13): warning CS8603: Possible null reference return. [C:\Projects\VWG\NetCore\Gizmox.WebGUI.Server\Gizmox.WebGUI.Server.csproj]
C:\Projects\VWG\NetCore\Gizmox.WebGUI.Server\Gizmox.WebGUI.Server.decompiled.cs(2179,13): warning CS8603: Possible null reference return. [C:\Projects\VWG\NetCore\Gizmox.WebGUI.Server\Gizmox.WebGUI.Server.csproj]
C:\Projects\VWG\NetCore\Gizmox.WebGUI.Server\Gizmox.WebGUI.Server.decompiled.cs(5754,11): warning CS8603: Possible null reference return. [C:\Projects\VWG\NetCore\Gizmox.WebGUI.Server\Gizmox.WebGUI.Server.csproj]
C:\Projects\VWG\NetCore\Gizmox.WebGUI.Server\Gizmox.WebGUI.Server.decompiled.cs(2204,12): warning CS8603: Possible null reference return. [C:\Projects\VWG\NetCore\Gizmox.WebGUI.Server\Gizmox.WebGUI.Server.csproj]
C:\Projects\VWG\NetCore\Gizmox.WebGUI.Server\Gizmox.WebGUI.Server.decompiled.cs(2216,13): warning CS8603: Possible null reference return. [C:\Projects\VWG\NetCore\Gizmox.WebGUI.Server\Gizmox.WebGUI.Server.csproj]
C:\Projects\VWG\NetCore\Gizmox.WebGUI.Server\Gizmox.WebGUI.Server.decompiled.cs(9799,19): warning CS8600: Converting null literal or possible null value to non-nullable type. [C:\Projects\VWG\NetCore\Gizmox.WebGUI.Server\Gizmox.WebGUI.Server.csproj]
C:\Projects\VWG\NetCore\Gizmox.WebGUI.Server\Gizmox.WebGUI.Server.decompiled.cs(5844,8): warning CS8602: Dereference of a possibly null reference. [C:\Projects\VWG\NetCore\Gizmox.WebGUI.Server\Gizmox.WebGUI.Server.csproj]
C:\Projects\VWG\NetCore\Gizmox.WebGUI.Server\Gizmox.WebGUI.Server.decompiled.cs(8266,15): warning CS8600: Converting null literal or possible null value to non-nullable type. [C:\Projects\VWG\NetCore\Gizmox.WebGUI.Server\Gizmox.WebGUI.Server.csproj]
C:\Projects\VWG\NetCore\Gizmox.WebGUI.Server\Gizmox.WebGUI.Server.decompiled.cs(8267,16): warning CS8600: Converting null literal or possible null value to non-nullable type. [C:\Projects\VWG\NetCore\Gizmox.WebGUI.Server\Gizmox.WebGUI.Server.csproj]
C:\Projects\VWG\NetCore\Gizmox.WebGUI.Server\Gizmox.WebGUI.Server.decompiled.cs(8268,16): warning CS8600: Converting null literal or possible null value to non-nullable type. [C:\Projects\VWG\NetCore\Gizmox.WebGUI.Server\Gizmox.WebGUI.Server.csproj]
C:\Projects\VWG\NetCore\Gizmox.WebGUI.Server\Gizmox.WebGUI.Server.decompiled.cs(8269,16): warning CS8600: Converting null literal or possible null value to non-nullable type. [C:\Projects\VWG\NetCore\Gizmox.WebGUI.Server\Gizmox.WebGUI.Server.csproj]
C:\Projects\VWG\NetCore\Gizmox.WebGUI.Server\Gizmox.WebGUI.Server.decompiled.cs(8270,16): warning CS8600: Converting null literal or possible null value to non-nullable type. [C:\Projects\VWG\NetCore\Gizmox.WebGUI.Server\Gizmox.WebGUI.Server.csproj]
C:\Projects\VWG\NetCore\Gizmox.WebGUI.Server\Gizmox.WebGUI.Server.decompiled.cs(8271,16): warning CS8600: Converting null literal or possible null value to non-nullable type. [C:\Projects\VWG\NetCore\Gizmox.WebGUI.Server\Gizmox.WebGUI.Server.csproj]
C:\Projects\VWG\NetCore\Gizmox.WebGUI.Server\Gizmox.WebGUI.Server.decompiled.cs(8272,16): warning CS8600: Converting null literal or possible null value to non-nullable type. [C:\Projects\VWG\NetCore\Gizmox.WebGUI.Server\Gizmox.WebGUI.Server.csproj]
C:\Projects\VWG\NetCore\Gizmox.WebGUI.Server\Gizmox.WebGUI.Server.decompiled.cs(8273,16): warning CS8600: Converting null literal or possible null value to non-nullable type. [C:\Projects\VWG\NetCore\Gizmox.WebGUI.Server\Gizmox.WebGUI.Server.csproj]
C:\Projects\VWG\NetCore\Gizmox.WebGUI.Server\Gizmox.WebGUI.Server.decompiled.cs(8274,16): warning CS8600: Converting null literal or possible null value to non-nullable type. [C:\Projects\VWG\NetCore\Gizmox.WebGUI.Server\Gizmox.WebGUI.Server.csproj]
C:\Projects\VWG\NetCore\Gizmox.WebGUI.Server\Gizmox.WebGUI.Server.decompiled.cs(8275,17): warning CS8600: Converting null literal or possible null value to non-nullable type. [C:\Projects\VWG\NetCore\Gizmox.WebGUI.Server\Gizmox.WebGUI.Server.csproj]
C:\Projects\VWG\NetCore\Gizmox.WebGUI.Server\Gizmox.WebGUI.Server.decompiled.cs(2280,13): warning CS8603: Possible null reference return. [C:\Projects\VWG\NetCore\Gizmox.WebGUI.Server\Gizmox.WebGUI.Server.csproj]
C:\Projects\VWG\NetCore\Gizmox.WebGUI.Server\Gizmox.WebGUI.Server.decompiled.cs(418,25): warning CS8601: Possible null reference assignment. [C:\Projects\VWG\NetCore\Gizmox.WebGUI.Server\Gizmox.WebGUI.Server.csproj]
C:\Projects\VWG\NetCore\Gizmox.WebGUI.Server\Gizmox.WebGUI.Server.decompiled.cs(452,26): warning CS8601: Possible null reference assignment. [C:\Projects\VWG\NetCore\Gizmox.WebGUI.Server\Gizmox.WebGUI.Server.csproj]
C:\Projects\VWG\NetCore\Gizmox.WebGUI.Server\Gizmox.WebGUI.Server.decompiled.cs(5944,11): warning CS8603: Possible null reference return. [C:\Projects\VWG\NetCore\Gizmox.WebGUI.Server\Gizmox.WebGUI.Server.csproj]
C:\Projects\VWG\NetCore\Gizmox.WebGUI.Server\Gizmox.WebGUI.Server.decompiled.cs(5952,12): warning CS8603: Possible null reference return. [C:\Projects\VWG\NetCore\Gizmox.WebGUI.Server\Gizmox.WebGUI.Server.csproj]
C:\Projects\VWG\NetCore\Gizmox.WebGUI.Server\Gizmox.WebGUI.Server.decompiled.cs(5977,43): warning CS8604: Possible null reference argument for parameter 's' in 'int int.Parse(string s)'. [C:\Projects\VWG\NetCore\Gizmox.WebGUI.Server\Gizmox.WebGUI.Server.csproj]
C:\Projects\VWG\NetCore\Gizmox.WebGUI.Server\Gizmox.WebGUI.Server.decompiled.cs(5978,42): warning CS8604: Possible null reference argument for parameter 's' in 'int int.Parse(string s)'. [C:\Projects\VWG\NetCore\Gizmox.WebGUI.Server\Gizmox.WebGUI.Server.csproj]
C:\Projects\VWG\NetCore\Gizmox.WebGUI.Server\Gizmox.WebGUI.Server.decompiled.cs(5979,34): warning CS8604: Possible null reference argument for parameter 's' in 'int int.Parse(string s)'. [C:\Projects\VWG\NetCore\Gizmox.WebGUI.Server\Gizmox.WebGUI.Server.csproj]
C:\Projects\VWG\NetCore\Gizmox.WebGUI.Server\Gizmox.WebGUI.Server.decompiled.cs(5980,33): warning CS8604: Possible null reference argument for parameter 's' in 'int int.Parse(string s)'. [C:\Projects\VWG\NetCore\Gizmox.WebGUI.Server\Gizmox.WebGUI.Server.csproj]
C:\Projects\VWG\NetCore\Gizmox.WebGUI.Server\Gizmox.WebGUI.Server.decompiled.cs(5981,38): warning CS8604: Possible null reference argument for parameter 's' in 'int int.Parse(string s)'. [C:\Projects\VWG\NetCore\Gizmox.WebGUI.Server\Gizmox.WebGUI.Server.csproj]
C:\Projects\VWG\NetCore\Gizmox.WebGUI.Server\Gizmox.WebGUI.Server.decompiled.cs(5982,19): warning CS8600: Converting null literal or possible null value to non-nullable type. [C:\Projects\VWG\NetCore\Gizmox.WebGUI.Server\Gizmox.WebGUI.Server.csproj]
C:\Projects\VWG\NetCore\Gizmox.WebGUI.Server\Gizmox.WebGUI.Server.decompiled.cs(5987,35): warning CS8604: Possible null reference argument for parameter 's' in 'int int.Parse(string s)'. [C:\Projects\VWG\NetCore\Gizmox.WebGUI.Server\Gizmox.WebGUI.Server.csproj]
C:\Projects\VWG\NetCore\Gizmox.WebGUI.Server\Gizmox.WebGUI.Server.decompiled.cs(5988,34): warning CS8604: Possible null reference argument for parameter 's' in 'int int.Parse(string s)'. [C:\Projects\VWG\NetCore\Gizmox.WebGUI.Server\Gizmox.WebGUI.Server.csproj]
C:\Projects\VWG\NetCore\Gizmox.WebGUI.Server\Gizmox.WebGUI.Server.decompiled.cs(10013,29): warning CS8600: Converting null literal or possible null value to non-nullable type. [C:\Projects\VWG\NetCore\Gizmox.WebGUI.Server\Gizmox.WebGUI.Server.csproj]
C:\Projects\VWG\NetCore\Gizmox.WebGUI.Server\Gizmox.WebGUI.Server.decompiled.cs(778,4): warning CS8602: Dereference of a possibly null reference. [C:\Projects\VWG\NetCore\Gizmox.WebGUI.Server\Gizmox.WebGUI.Server.csproj]
C:\Projects\VWG\NetCore\Gizmox.WebGUI.Server\Gizmox.WebGUI.Server.decompiled.cs(2641,4): warning CS8602: Dereference of a possibly null reference. [C:\Projects\VWG\NetCore\Gizmox.WebGUI.Server\Gizmox.WebGUI.Server.csproj]
C:\Projects\VWG\NetCore\Gizmox.WebGUI.Server\Gizmox.WebGUI.Server.decompiled.cs(2641,40): warning CS8625: Cannot convert null literal to non-nullable reference type. [C:\Projects\VWG\NetCore\Gizmox.WebGUI.Server\Gizmox.WebGUI.Server.csproj]
C:\Projects\VWG\NetCore\Gizmox.WebGUI.Server\Gizmox.WebGUI.Server.decompiled.cs(2679,12): warning CS8603: Possible null reference return. [C:\Projects\VWG\NetCore\Gizmox.WebGUI.Server\Gizmox.WebGUI.Server.csproj]
C:\Projects\VWG\NetCore\Gizmox.WebGUI.Server\Gizmox.WebGUI.Server.decompiled.cs(2706,22): warning CS8625: Cannot convert null literal to non-nullable reference type. [C:\Projects\VWG\NetCore\Gizmox.WebGUI.Server\Gizmox.WebGUI.Server.csproj]
C:\Projects\VWG\NetCore\Gizmox.WebGUI.Server\Gizmox.WebGUI.Server.decompiled.cs(6118,48): warning CS8604: Possible null reference argument for parameter 'strBrowserId' in 'MappedFormInfo ContextContainer.GetMappedFormInfo(Type objSourceFormType, string strBrowserId)'. [C:\Projects\VWG\NetCore\Gizmox.WebGUI.Server\Gizmox.WebGUI.Server.csproj]
C:\Projects\VWG\NetCore\Gizmox.WebGUI.Server\Gizmox.WebGUI.Server.decompiled.cs(6123,36): warning CS8600: Converting null literal or possible null value to non-nullable type. [C:\Projects\VWG\NetCore\Gizmox.WebGUI.Server\Gizmox.WebGUI.Server.csproj]
C:\Projects\VWG\NetCore\Gizmox.WebGUI.Server\Gizmox.WebGUI.Server.decompiled.cs(10146,28): warning CS8600: Converting null literal or possible null value to non-nullable type. [C:\Projects\VWG\NetCore\Gizmox.WebGUI.Server\Gizmox.WebGUI.Server.csproj]
C:\Projects\VWG\NetCore\Gizmox.WebGUI.Server\Gizmox.WebGUI.Server.decompiled.cs(10149,30): warning CS8600: Converting null literal or possible null value to non-nullable type. [C:\Projects\VWG\NetCore\Gizmox.WebGUI.Server\Gizmox.WebGUI.Server.csproj]
C:\Projects\VWG\NetCore\Gizmox.WebGUI.Server\Gizmox.WebGUI.Server.decompiled.cs(6225,11): warning CS8603: Possible null reference return. [C:\Projects\VWG\NetCore\Gizmox.WebGUI.Server\Gizmox.WebGUI.Server.csproj]
C:\Projects\VWG\NetCore\Gizmox.WebGUI.Server\Gizmox.WebGUI.Server.decompiled.cs(6242,11): warning CS8603: Possible null reference return. [C:\Projects\VWG\NetCore\Gizmox.WebGUI.Server\Gizmox.WebGUI.Server.csproj]
C:\Projects\VWG\NetCore\Gizmox.WebGUI.Server\Gizmox.WebGUI.Server.decompiled.cs(10180,29): warning CS8600: Converting null literal or possible null value to non-nullable type. [C:\Projects\VWG\NetCore\Gizmox.WebGUI.Server\Gizmox.WebGUI.Server.csproj]
C:\Projects\VWG\NetCore\Gizmox.WebGUI.Server\Gizmox.WebGUI.Server.decompiled.cs(7836,18): warning CS8600: Converting null literal or possible null value to non-nullable type. [C:\Projects\VWG\NetCore\Gizmox.WebGUI.Server\Gizmox.WebGUI.Server.csproj]
C:\Projects\VWG\NetCore\Gizmox.WebGUI.Server\Gizmox.WebGUI.Server.decompiled.cs(13618,13): warning CS8603: Possible null reference return. [C:\Projects\VWG\NetCore\Gizmox.WebGUI.Server\Gizmox.WebGUI.Server.csproj]
C:\Projects\VWG\NetCore\Gizmox.WebGUI.Server\Gizmox.WebGUI.Server.decompiled.cs(2721,22): warning CS8600: Converting null literal or possible null value to non-nullable type. [C:\Projects\VWG\NetCore\Gizmox.WebGUI.Server\Gizmox.WebGUI.Server.csproj]
C:\Projects\VWG\NetCore\Gizmox.WebGUI.Server\Gizmox.WebGUI.Server.decompiled.cs(2753,47): warning CS8600: Converting null literal or possible null value to non-nullable type. [C:\Projects\VWG\NetCore\Gizmox.WebGUI.Server\Gizmox.WebGUI.Server.csproj]
C:\Projects\VWG\NetCore\Gizmox.WebGUI.Server\Gizmox.WebGUI.Server.decompiled.cs(2755,25): warning CS8604: Possible null reference argument for parameter 'objLinkParameters' in 'string Context.GetLinkUrl(ILink objLink, ILinkParameters objLinkParameters)'. [C:\Projects\VWG\NetCore\Gizmox.WebGUI.Server\Gizmox.WebGUI.Server.csproj]
C:\Projects\VWG\NetCore\Gizmox.WebGUI.Server\Gizmox.WebGUI.Server.decompiled.cs(2759,21): warning CS8604: Possible null reference argument for parameter 'objLinkParameters' in 'string Context.GetOpenLinkMode(ILinkParameters objLinkParameters)'. [C:\Projects\VWG\NetCore\Gizmox.WebGUI.Server\Gizmox.WebGUI.Server.csproj]
C:\Projects\VWG\NetCore\Gizmox.WebGUI.Server\Gizmox.WebGUI.Server.decompiled.cs(6263,22): warning CS8600: Converting null literal or possible null value to non-nullable type. [C:\Projects\VWG\NetCore\Gizmox.WebGUI.Server\Gizmox.WebGUI.Server.csproj]
C:\Projects\VWG\NetCore\Gizmox.WebGUI.Server\Gizmox.WebGUI.Server.decompiled.cs(6264,37): warning CS8604: Possible null reference argument for parameter 'key' in 'bool Dictionary<string, FormAccessMode>.ContainsKey(string key)'. [C:\Projects\VWG\NetCore\Gizmox.WebGUI.Server\Gizmox.WebGUI.Server.csproj]
C:\Projects\VWG\NetCore\Gizmox.WebGUI.Server\Gizmox.WebGUI.Server.decompiled.cs(2980,4): warning CS8602: Dereference of a possibly null reference. [C:\Projects\VWG\NetCore\Gizmox.WebGUI.Server\Gizmox.WebGUI.Server.csproj]
C:\Projects\VWG\NetCore\Gizmox.WebGUI.Server\Gizmox.WebGUI.Server.decompiled.cs(6400,46): warning CS8600: Converting null literal or possible null value to non-nullable type. [C:\Projects\VWG\NetCore\Gizmox.WebGUI.Server\Gizmox.WebGUI.Server.csproj]
C:\Projects\VWG\NetCore\Gizmox.WebGUI.Server\Gizmox.WebGUI.Server.decompiled.cs(6403,27): warning CS8600: Converting null literal or possible null value to non-nullable type. [C:\Projects\VWG\NetCore\Gizmox.WebGUI.Server\Gizmox.WebGUI.Server.csproj]
C:\Projects\VWG\NetCore\Gizmox.WebGUI.Server\Gizmox.WebGUI.Server.decompiled.cs(6415,30): warning CS8600: Converting null literal or possible null value to non-nullable type. [C:\Projects\VWG\NetCore\Gizmox.WebGUI.Server\Gizmox.WebGUI.Server.csproj]
C:\Projects\VWG\NetCore\Gizmox.WebGUI.Server\Gizmox.WebGUI.Server.decompiled.cs(12828,11): warning CS8603: Possible null reference return. [C:\Projects\VWG\NetCore\Gizmox.WebGUI.Server\Gizmox.WebGUI.Server.csproj]
C:\Projects\VWG\NetCore\Gizmox.WebGUI.Server\Gizmox.WebGUI.Server.decompiled.cs(11873,28): warning CS8600: Converting null literal or possible null value to non-nullable type. [C:\Projects\VWG\NetCore\Gizmox.WebGUI.Server\Gizmox.WebGUI.Server.csproj]
C:\Projects\VWG\NetCore\Gizmox.WebGUI.Server\Gizmox.WebGUI.Server.decompiled.cs(13188,9): warning SYSLIB0003: 'FileIOPermission' is obsolete: 'Code Access Security is not supported or honored by the runtime.' (https://aka.ms/dotnet-warnings/SYSLIB0003) [C:\Projects\VWG\NetCore\Gizmox.WebGUI.Server\Gizmox.WebGUI.Server.csproj]
C:\Projects\VWG\NetCore\Gizmox.WebGUI.Server\Gizmox.WebGUI.Server.decompiled.cs(13188,26): warning SYSLIB0003: 'FileIOPermissionAccess' is obsolete: 'Code Access Security is not supported or honored by the runtime.' (https://aka.ms/dotnet-warnings/SYSLIB0003) [C:\Projects\VWG\NetCore\Gizmox.WebGUI.Server\Gizmox.WebGUI.Server.csproj]
C:\Projects\VWG\NetCore\Gizmox.WebGUI.Server\Gizmox.WebGUI.Server.decompiled.cs(3770,17): warning CS8600: Converting null literal or possible null value to non-nullable type. [C:\Projects\VWG\NetCore\Gizmox.WebGUI.Server\Gizmox.WebGUI.Server.csproj]
C:\Projects\VWG\NetCore\Gizmox.WebGUI.Server\Gizmox.WebGUI.Server.decompiled.cs(3780,17): warning CS8600: Converting null literal or possible null value to non-nullable type. [C:\Projects\VWG\NetCore\Gizmox.WebGUI.Server\Gizmox.WebGUI.Server.csproj]
C:\Projects\VWG\NetCore\Gizmox.WebGUI.Server\Gizmox.WebGUI.Server.decompiled.cs(3809,11): warning CS8603: Possible null reference return. [C:\Projects\VWG\NetCore\Gizmox.WebGUI.Server\Gizmox.WebGUI.Server.csproj]
C:\Projects\VWG\NetCore\Gizmox.WebGUI.Server\Gizmox.WebGUI.Server.decompiled.cs(3814,18): warning CS8602: Dereference of a possibly null reference. [C:\Projects\VWG\NetCore\Gizmox.WebGUI.Server\Gizmox.WebGUI.Server.csproj]
C:\Projects\VWG\NetCore\Gizmox.WebGUI.Server\Gizmox.WebGUI.Server.decompiled.cs(3814,18): warning CS8602: Dereference of a possibly null reference. [C:\Projects\VWG\NetCore\Gizmox.WebGUI.Server\Gizmox.WebGUI.Server.csproj]
C:\Projects\VWG\NetCore\Gizmox.WebGUI.Server\Gizmox.WebGUI.Server.decompiled.cs(3814,11): warning CS8600: Converting null literal or possible null value to non-nullable type. [C:\Projects\VWG\NetCore\Gizmox.WebGUI.Server\Gizmox.WebGUI.Server.csproj]
C:\Projects\VWG\NetCore\Gizmox.WebGUI.Server\Gizmox.WebGUI.Server.decompiled.cs(3814,11): warning CS8603: Possible null reference return. [C:\Projects\VWG\NetCore\Gizmox.WebGUI.Server\Gizmox.WebGUI.Server.csproj]
C:\Projects\VWG\NetCore\Gizmox.WebGUI.Server\Gizmox.WebGUI.Server.decompiled.cs(3820,17): warning CS8600: Converting null literal or possible null value to non-nullable type. [C:\Projects\VWG\NetCore\Gizmox.WebGUI.Server\Gizmox.WebGUI.Server.csproj]
C:\Projects\VWG\NetCore\Gizmox.WebGUI.Server\Gizmox.WebGUI.Server.decompiled.cs(3827,18): warning CS8600: Converting null literal or possible null value to non-nullable type. [C:\Projects\VWG\NetCore\Gizmox.WebGUI.Server\Gizmox.WebGUI.Server.csproj]
C:\Projects\VWG\NetCore\Gizmox.WebGUI.Server\Gizmox.WebGUI.Server.decompiled.cs(3844,16): warning CS8600: Converting null literal or possible null value to non-nullable type. [C:\Projects\VWG\NetCore\Gizmox.WebGUI.Server\Gizmox.WebGUI.Server.csproj]
C:\Projects\VWG\NetCore\Gizmox.WebGUI.Server\Gizmox.WebGUI.Server.decompiled.cs(3848,37): warning CS8604: Possible null reference argument for parameter 'strType' in 'IForm Context.CreateForm(string strPage, string strType, params object[] arrArguments)'. [C:\Projects\VWG\NetCore\Gizmox.WebGUI.Server\Gizmox.WebGUI.Server.csproj]
C:\Projects\VWG\NetCore\Gizmox.WebGUI.Server\Gizmox.WebGUI.Server.decompiled.cs(3863,11): warning CS8603: Possible null reference return. [C:\Projects\VWG\NetCore\Gizmox.WebGUI.Server\Gizmox.WebGUI.Server.csproj]
C:\Projects\VWG\NetCore\Gizmox.WebGUI.Server\Gizmox.WebGUI.Server.decompiled.cs(3855,21): warning CS0168: The variable 'ex' is declared but never used [C:\Projects\VWG\NetCore\Gizmox.WebGUI.Server\Gizmox.WebGUI.Server.csproj]
C:\Projects\VWG\NetCore\Gizmox.WebGUI.Server\Gizmox.WebGUI.Server.decompiled.cs(12382,32): warning CS8600: Converting null literal or possible null value to non-nullable type. [C:\Projects\VWG\NetCore\Gizmox.WebGUI.Server\Gizmox.WebGUI.Server.csproj]
C:\Projects\VWG\NetCore\Gizmox.WebGUI.Server\Gizmox.WebGUI.Server.decompiled.cs(3868,17): warning CS8600: Converting null literal or possible null value to non-nullable type. [C:\Projects\VWG\NetCore\Gizmox.WebGUI.Server\Gizmox.WebGUI.Server.csproj]
C:\Projects\VWG\NetCore\Gizmox.WebGUI.Server\Gizmox.WebGUI.Server.decompiled.cs(3875,17): warning CS8600: Converting null literal or possible null value to non-nullable type. [C:\Projects\VWG\NetCore\Gizmox.WebGUI.Server\Gizmox.WebGUI.Server.csproj]
C:\Projects\VWG\NetCore\Gizmox.WebGUI.Server\Gizmox.WebGUI.Server.decompiled.cs(3888,13): warning CS8600: Converting null literal or possible null value to non-nullable type. [C:\Projects\VWG\NetCore\Gizmox.WebGUI.Server\Gizmox.WebGUI.Server.csproj]
C:\Projects\VWG\NetCore\Gizmox.WebGUI.Server\Gizmox.WebGUI.Server.decompiled.cs(3895,14): warning CS8600: Converting null literal or possible null value to non-nullable type. [C:\Projects\VWG\NetCore\Gizmox.WebGUI.Server\Gizmox.WebGUI.Server.csproj]
C:\Projects\VWG\NetCore\Gizmox.WebGUI.Server\Gizmox.WebGUI.Server.decompiled.cs(3899,11): warning CS8603: Possible null reference return. [C:\Projects\VWG\NetCore\Gizmox.WebGUI.Server\Gizmox.WebGUI.Server.csproj]
C:\Projects\VWG\NetCore\Gizmox.WebGUI.Server\Gizmox.WebGUI.Server.decompiled.cs(12458,33): warning CS8600: Converting null literal or possible null value to non-nullable type. [C:\Projects\VWG\NetCore\Gizmox.WebGUI.Server\Gizmox.WebGUI.Server.csproj]
C:\Projects\VWG\NetCore\Gizmox.WebGUI.Server\Gizmox.WebGUI.Server.decompiled.cs(3923,11): warning CS8603: Possible null reference return. [C:\Projects\VWG\NetCore\Gizmox.WebGUI.Server\Gizmox.WebGUI.Server.csproj]
C:\Projects\VWG\NetCore\Gizmox.WebGUI.Server\Gizmox.WebGUI.Server.decompiled.cs(12620,19): warning CS8600: Converting null literal or possible null value to non-nullable type. [C:\Projects\VWG\NetCore\Gizmox.WebGUI.Server\Gizmox.WebGUI.Server.csproj]
C:\Projects\VWG\NetCore\Gizmox.WebGUI.Server\Gizmox.WebGUI.Server.decompiled.cs(12640,34): warning CS8600: Converting null literal or possible null value to non-nullable type. [C:\Projects\VWG\NetCore\Gizmox.WebGUI.Server\Gizmox.WebGUI.Server.csproj]
C:\Projects\VWG\NetCore\Gizmox.WebGUI.Server\Gizmox.WebGUI.Server.decompiled.cs(4073,47): warning CS8600: Converting null literal or possible null value to non-nullable type. [C:\Projects\VWG\NetCore\Gizmox.WebGUI.Server\Gizmox.WebGUI.Server.csproj]
C:\Projects\VWG\NetCore\Gizmox.WebGUI.Server\Gizmox.WebGUI.Server.decompiled.cs(4093,12): warning CS8603: Possible null reference return. [C:\Projects\VWG\NetCore\Gizmox.WebGUI.Server\Gizmox.WebGUI.Server.csproj]
C:\Projects\VWG\NetCore\Gizmox.WebGUI.Server\Gizmox.WebGUI.Server.decompiled.cs(4126,11): warning CS8603: Possible null reference return. [C:\Projects\VWG\NetCore\Gizmox.WebGUI.Server\Gizmox.WebGUI.Server.csproj]
C:\Projects\VWG\NetCore\Gizmox.WebGUI.Server\Gizmox.WebGUI.Server.decompiled.cs(4169,12): warning CS8603: Possible null reference return. [C:\Projects\VWG\NetCore\Gizmox.WebGUI.Server\Gizmox.WebGUI.Server.csproj]
C:\Projects\VWG\NetCore\Gizmox.WebGUI.Server\Gizmox.WebGUI.Server.decompiled.cs(4179,12): warning CS8603: Possible null reference return. [C:\Projects\VWG\NetCore\Gizmox.WebGUI.Server\Gizmox.WebGUI.Server.csproj]
C:\Projects\VWG\NetCore\Gizmox.WebGUI.Server\Gizmox.WebGUI.Server.decompiled.cs(4192,34): warning CS8600: Converting null literal or possible null value to non-nullable type. [C:\Projects\VWG\NetCore\Gizmox.WebGUI.Server\Gizmox.WebGUI.Server.csproj]
C:\Projects\VWG\NetCore\Gizmox.WebGUI.Server\Gizmox.WebGUI.Server.decompiled.cs(4226,23): warning CS8600: Converting null literal or possible null value to non-nullable type. [C:\Projects\VWG\NetCore\Gizmox.WebGUI.Server\Gizmox.WebGUI.Server.csproj]
C:\Projects\VWG\NetCore\Gizmox.WebGUI.Server\Gizmox.WebGUI.Server.decompiled.cs(4227,29): warning CS8600: Converting null literal or possible null value to non-nullable type. [C:\Projects\VWG\NetCore\Gizmox.WebGUI.Server\Gizmox.WebGUI.Server.csproj]
C:\Projects\VWG\NetCore\Gizmox.WebGUI.Server\Gizmox.WebGUI.Server.decompiled.cs(4228,14): warning CS8602: Dereference of a possibly null reference. [C:\Projects\VWG\NetCore\Gizmox.WebGUI.Server\Gizmox.WebGUI.Server.csproj]
C:\Projects\VWG\NetCore\Gizmox.WebGUI.Server\Gizmox.WebGUI.Server.decompiled.cs(4246,26): warning CS8600: Converting null literal or possible null value to non-nullable type. [C:\Projects\VWG\NetCore\Gizmox.WebGUI.Server\Gizmox.WebGUI.Server.csproj]
C:\Projects\VWG\NetCore\Gizmox.WebGUI.Server\Gizmox.WebGUI.Server.decompiled.cs(4250,4): warning CS8602: Dereference of a possibly null reference. [C:\Projects\VWG\NetCore\Gizmox.WebGUI.Server\Gizmox.WebGUI.Server.csproj]
C:\Projects\VWG\NetCore\Gizmox.WebGUI.Server\Gizmox.WebGUI.Server.decompiled.cs(4251,4): warning CS8602: Dereference of a possibly null reference. [C:\Projects\VWG\NetCore\Gizmox.WebGUI.Server\Gizmox.WebGUI.Server.csproj]
C:\Projects\VWG\NetCore\Gizmox.WebGUI.Server\Gizmox.WebGUI.Server.decompiled.cs(4349,34): warning CS8600: Converting null literal or possible null value to non-nullable type. [C:\Projects\VWG\NetCore\Gizmox.WebGUI.Server\Gizmox.WebGUI.Server.csproj]
C:\Projects\VWG\NetCore\Gizmox.WebGUI.Server\Gizmox.WebGUI.Server.decompiled.cs(4388,12): warning CS8603: Possible null reference return. [C:\Projects\VWG\NetCore\Gizmox.WebGUI.Server\Gizmox.WebGUI.Server.csproj]
C:\Projects\VWG\NetCore\Gizmox.WebGUI.Server\Gizmox.WebGUI.Server.decompiled.cs(4601,63): warning CS0169: The field 'ContextContainer.mobjVisualTemplatesData' is never used [C:\Projects\VWG\NetCore\Gizmox.WebGUI.Server\Gizmox.WebGUI.Server.csproj]
C:\Projects\VWG\NetCore\Gizmox.WebGUI.Server\Gizmox.WebGUI.Server.decompiled.cs(12146,46): warning CS0169: The field 'c78e5c1fcf0436550622498d41cad2569.c2b5ce7f7a0d2fd0cf5c029026ff5edce' is never used [C:\Projects\VWG\NetCore\Gizmox.WebGUI.Server\Gizmox.WebGUI.Server.csproj]
C:\Projects\VWG\NetCore\Gizmox.WebGUI.Server\Gizmox.WebGUI.Server.decompiled.cs(4568,16): warning CS0169: The field 'ContextContainer.mblnSupportBorderRadius' is never used [C:\Projects\VWG\NetCore\Gizmox.WebGUI.Server\Gizmox.WebGUI.Server.csproj]
C:\Projects\VWG\NetCore\Gizmox.WebGUI.Server\Gizmox.WebGUI.Server.decompiled.cs(13594,16): warning CS0169: The field 'cace92c1d33698dcd2e5827f7129bb7f3.cc77c92d8719a2d4aa7946c176fa59c60' is never used [C:\Projects\VWG\NetCore\Gizmox.WebGUI.Server\Gizmox.WebGUI.Server.csproj]
C:\Projects\VWG\NetCore\Gizmox.WebGUI.Server\Gizmox.WebGUI.Server.decompiled.cs(17273,62): warning CS0649: Field 'c03836b967832c5af40c98cf7300bc21d.ce668bbbb6572e5ef53619f9d283bb280' is never assigned to, and will always have its default value [C:\Projects\VWG\NetCore\Gizmox.WebGUI.Server\Gizmox.WebGUI.Server.csproj]
C:\Projects\VWG\NetCore\Gizmox.WebGUI.Server\Gizmox.WebGUI.Server.decompiled.cs(8480,25): warning CS0414: The field 'Request.mobjDocument' is assigned but its value is never used [C:\Projects\VWG\NetCore\Gizmox.WebGUI.Server\Gizmox.WebGUI.Server.csproj]
C:\Projects\VWG\NetCore\Gizmox.WebGUI.Server\Gizmox.WebGUI.Server.decompiled.cs(13590,16): warning CS0414: The field 'cace92c1d33698dcd2e5827f7129bb7f3.cd93a432034cb723db2c915f775f979e0' is assigned but its value is never used [C:\Projects\VWG\NetCore\Gizmox.WebGUI.Server\Gizmox.WebGUI.Server.csproj]
C:\Projects\VWG\NetCore\Gizmox.WebGUI.Server\Gizmox.WebGUI.Server.decompiled.cs(122,15): warning CS0414: The field 'c1aa09394d9e776d366c1c429ca623754.c55bfa65df757cfb294c5ff88a1faba92' is assigned but its value is never used [C:\Projects\VWG\NetCore\Gizmox.WebGUI.Server\Gizmox.WebGUI.Server.csproj]
C:\Projects\VWG\NetCore\Gizmox.WebGUI.Server\Gizmox.WebGUI.Server.decompiled.cs(124,15): warning CS0414: The field 'c1aa09394d9e776d366c1c429ca623754.c4a0ebb17332b8bf5b4947dd1ed6f7b28' is assigned but its value is never used [C:\Projects\VWG\NetCore\Gizmox.WebGUI.Server\Gizmox.WebGUI.Server.csproj]
C:\Projects\VWG\NetCore\Gizmox.WebGUI.Server\Gizmox.WebGUI.Server.decompiled.cs(10811,28): warning CS0414: The field 'c161856d0e44a0e392f8f2936b6dd3011.c59e1f2bb25a053d476118c5de9e86166' is assigned but its value is never used [C:\Projects\VWG\NetCore\Gizmox.WebGUI.Server\Gizmox.WebGUI.Server.csproj]
    191 Warning(s)
    0 Error(s)

Time Elapsed 00:00:27.58
